<?xml version="1.0" encoding="UTF-8"?>
<!-- Generated by org.testng.reporters.JUnitReportReporter -->
<testsuite hostname="LTIN674523" failures="0" tests="10" name="testCases.PortifoliopageUiTest" time="31.941" errors="0" timestamp="2026-01-23T21:53:01 IST" skipped="0">
  <testcase classname="testCases.PortifoliopageUiTest" name="testCreatePortfolioButtonTitle" time="2.997"/>
  <testcase classname="testCases.PortifoliopageUiTest" name="testCreatePortfolioButtonTitle" time="1.731"/>
  <testcase classname="testCases.PortifoliopageUiTest" name="testCreatePortfolioButtonTitle" time="5.070"/>
  <testcase classname="testCases.PortifoliopageUiTest" name="testCreatePortfolioButtonTitle" time="3.031"/>
  <testcase classname="testCases.PortifoliopageUiTest" name="testCreatePortfolioButtonTitle" time="1.541"/>
  <testcase classname="testCases.PortifoliopageUiTest" name="testCreatePortfolioButtonTitle" time="4.119"/>
  <testcase classname="testCases.PortifoliopageUiTest" name="testCreatePortfolioButtonTitle" time="4.551"/>
  <testcase classname="testCases.PortifoliopageUiTest" name="testCreatePortfolioButtonTitle" time="2.406"/>
  <testcase classname="testCases.PortifoliopageUiTest" name="testCreatePortfolioButtonTitle" time="2.244"/>
  <testcase classname="testCases.PortifoliopageUiTest" name="testCreatePortfolioButtonTitle" time="4.251"/>
</testsuite> <!-- testCases.PortifoliopageUiTest -->
