<?xml version="1.0" encoding="UTF-8"?>
<!-- Generated by org.testng.reporters.JUnitReportReporter -->
<testsuite hostname="LTIN674523" failures="0" tests="10" name="testCases.PortifoliopageUiTest" time="37.475" errors="0" timestamp="2026-01-27T11:15:05 IST" skipped="0">
  <testcase classname="testCases.PortifoliopageUiTest" name="testCreatePortfolioButtonTitle" time="4.604"/>
  <testcase classname="testCases.PortifoliopageUiTest" name="testCreatePortfolioButtonTitle" time="4.231"/>
  <testcase classname="testCases.PortifoliopageUiTest" name="testCreatePortfolioButtonTitle" time="3.298"/>
  <testcase classname="testCases.PortifoliopageUiTest" name="testCreatePortfolioButtonTitle" time="2.910"/>
  <testcase classname="testCases.PortifoliopageUiTest" name="testCreatePortfolioButtonTitle" time="4.274"/>
  <testcase classname="testCases.PortifoliopageUiTest" name="testCreatePortfolioButtonTitle" time="4.051"/>
  <testcase classname="testCases.PortifoliopageUiTest" name="testCreatePortfolioButtonTitle" time="3.880"/>
  <testcase classname="testCases.PortifoliopageUiTest" name="testCreatePortfolioButtonTitle" time="3.449"/>
  <testcase classname="testCases.PortifoliopageUiTest" name="testCreatePortfolioButtonTitle" time="3.007"/>
  <testcase classname="testCases.PortifoliopageUiTest" name="testCreatePortfolioButtonTitle" time="3.771"/>
</testsuite> <!-- testCases.PortifoliopageUiTest -->
