<?xml version="1.0" encoding="UTF-8"?>
<!-- Generated by org.testng.reporters.JUnitReportReporter -->
<testsuite hostname="LTIN674523" failures="0" tests="6" name="testCases.ProfileStatisticsUITest" time="15.576" errors="0" timestamp="2026-01-23T21:53:01 IST" skipped="0">
  <testcase classname="testCases.ProfileStatisticsUITest" name="ProfileStatistics_TC002" time="0.075"/>
  <testcase classname="testCases.ProfileStatisticsUITest" name="ProfileStatistics_TC004" time="15.132"/>
  <testcase classname="testCases.ProfileStatisticsUITest" name="ProfileStatistics_TC006" time="0.043"/>
  <testcase classname="testCases.ProfileStatisticsUITest" name="ProfileStatistics_TC005" time="0.182"/>
  <testcase classname="testCases.ProfileStatisticsUITest" name="ProfileStatistics_TC001" time="0.039"/>
  <testcase classname="testCases.ProfileStatisticsUITest" name="ProfileStatistics_TC003" time="0.105"/>
</testsuite> <!-- testCases.ProfileStatisticsUITest -->
