<?xml version="1.0" encoding="UTF-8"?>
<!-- Generated by org.testng.reporters.JUnitReportReporter -->
<testsuite hostname="LTIN674523" failures="0" tests="6" name="testCases.ProfileStatisticsUITest" time="17.136" errors="0" timestamp="2026-01-27T11:15:05 IST" skipped="0">
  <testcase classname="testCases.ProfileStatisticsUITest" name="ProfileStatistics_TC006" time="0.180"/>
  <testcase classname="testCases.ProfileStatisticsUITest" name="ProfileStatistics_TC005" time="0.851"/>
  <testcase classname="testCases.ProfileStatisticsUITest" name="ProfileStatistics_TC003" time="0.317"/>
  <testcase classname="testCases.ProfileStatisticsUITest" name="ProfileStatistics_TC001" time="0.190"/>
  <testcase classname="testCases.ProfileStatisticsUITest" name="ProfileStatistics_TC002" time="0.175"/>
  <testcase classname="testCases.ProfileStatisticsUITest" name="ProfileStatistics_TC004" time="15.423"/>
</testsuite> <!-- testCases.ProfileStatisticsUITest -->
