<?xml version="1.0" encoding="UTF-8"?>
<testsuite xmlns:xsi="http://www.w3.org/2001/XMLSchema-instance" xsi:noNamespaceSchemaLocation="https://maven.apache.org/surefire/maven-surefire-plugin/xsd/surefire-test-report-3.0.xsd" version="3.0" name="TestSuite" time="259.045" tests="40" errors="0" skipped="0" failures="9">
  <properties>
    <property name="java.specification.version" value="21"/>
    <property name="webdriver.chrome.driver" value="C:\Users\2457143\.cache\selenium\chromedriver\win64\142.0.7444.175\chromedriver.exe"/>
    <property name="sun.cpu.isalist" value="amd64"/>
    <property name="sun.jnu.encoding" value="Cp1252"/>
    <property name="sun.awt.enableExtraMouseButtons" value="true"/>
    <property name="java.class.path" value="C:\Users\2457143\IdeaProjects\DevProfileAutomationFramework\target\test-classes;C:\Users\2457143\IdeaProjects\DevProfileAutomationFramework\target\classes;C:\Users\2457143\.m2\repository\org\seleniumhq\selenium\selenium-java\4.39.0\selenium-java-4.39.0.jar;C:\Users\2457143\.m2\repository\org\seleniumhq\selenium\selenium-api\4.39.0\selenium-api-4.39.0.jar;C:\Users\2457143\.m2\repository\org\jspecify\jspecify\1.0.0\jspecify-1.0.0.jar;C:\Users\2457143\.m2\repository\org\seleniumhq\selenium\selenium-chrome-driver\4.39.0\selenium-chrome-driver-4.39.0.jar;C:\Users\2457143\.m2\repository\com\google\auto\service\auto-service-annotations\1.1.1\auto-service-annotations-1.1.1.jar;C:\Users\2457143\.m2\repository\org\seleniumhq\selenium\selenium-chromium-driver\4.39.0\selenium-chromium-driver-4.39.0.jar;C:\Users\2457143\.m2\repository\org\seleniumhq\selenium\selenium-json\4.39.0\selenium-json-4.39.0.jar;C:\Users\2457143\.m2\repository\org\seleniumhq\selenium\selenium-manager\4.39.0\selenium-manager-4.39.0.jar;C:\Users\2457143\.m2\repository\org\seleniumhq\selenium\selenium-devtools-v141\4.39.0\selenium-devtools-v141-4.39.0.jar;C:\Users\2457143\.m2\repository\org\seleniumhq\selenium\selenium-devtools-v142\4.39.0\selenium-devtools-v142-4.39.0.jar;C:\Users\2457143\.m2\repository\org\seleniumhq\selenium\selenium-devtools-v143\4.39.0\selenium-devtools-v143-4.39.0.jar;C:\Users\2457143\.m2\repository\org\seleniumhq\selenium\selenium-edge-driver\4.39.0\selenium-edge-driver-4.39.0.jar;C:\Users\2457143\.m2\repository\org\seleniumhq\selenium\selenium-firefox-driver\4.39.0\selenium-firefox-driver-4.39.0.jar;C:\Users\2457143\.m2\repository\org\seleniumhq\selenium\selenium-http\4.39.0\selenium-http-4.39.0.jar;C:\Users\2457143\.m2\repository\org\seleniumhq\selenium\selenium-ie-driver\4.39.0\selenium-ie-driver-4.39.0.jar;C:\Users\2457143\.m2\repository\org\seleniumhq\selenium\selenium-remote-driver\4.39.0\selenium-remote-driver-4.39.0.jar;C:\Users\2457143\.m2\repository\com\google\guava\guava\33.5.0-jre\guava-33.5.0-jre.jar;C:\Users\2457143\.m2\repository\com\google\guava\failureaccess\1.0.3\failureaccess-1.0.3.jar;C:\Users\2457143\.m2\repository\com\google\guava\listenablefuture\9999.0-empty-to-avoid-conflict-with-guava\listenablefuture-9999.0-empty-to-avoid-conflict-with-guava.jar;C:\Users\2457143\.m2\repository\com\google\errorprone\error_prone_annotations\2.41.0\error_prone_annotations-2.41.0.jar;C:\Users\2457143\.m2\repository\com\google\j2objc\j2objc-annotations\3.1\j2objc-annotations-3.1.jar;C:\Users\2457143\.m2\repository\io\opentelemetry\opentelemetry-api\1.56.0\opentelemetry-api-1.56.0.jar;C:\Users\2457143\.m2\repository\io\opentelemetry\opentelemetry-context\1.56.0\opentelemetry-context-1.56.0.jar;C:\Users\2457143\.m2\repository\io\opentelemetry\opentelemetry-common\1.56.0\opentelemetry-common-1.56.0.jar;C:\Users\2457143\.m2\repository\io\opentelemetry\opentelemetry-exporter-logging\1.56.0\opentelemetry-exporter-logging-1.56.0.jar;C:\Users\2457143\.m2\repository\io\opentelemetry\opentelemetry-sdk-common\1.56.0\opentelemetry-sdk-common-1.56.0.jar;C:\Users\2457143\.m2\repository\io\opentelemetry\opentelemetry-sdk-extension-autoconfigure-spi\1.56.0\opentelemetry-sdk-extension-autoconfigure-spi-1.56.0.jar;C:\Users\2457143\.m2\repository\io\opentelemetry\opentelemetry-sdk-extension-autoconfigure\1.56.0\opentelemetry-sdk-extension-autoconfigure-1.56.0.jar;C:\Users\2457143\.m2\repository\io\opentelemetry\opentelemetry-sdk-trace\1.56.0\opentelemetry-sdk-trace-1.56.0.jar;C:\Users\2457143\.m2\repository\io\opentelemetry\opentelemetry-sdk\1.56.0\opentelemetry-sdk-1.56.0.jar;C:\Users\2457143\.m2\repository\io\opentelemetry\opentelemetry-sdk-metrics\1.56.0\opentelemetry-sdk-metrics-1.56.0.jar;C:\Users\2457143\.m2\repository\io\opentelemetry\opentelemetry-sdk-logs\1.56.0\opentelemetry-sdk-logs-1.56.0.jar;C:\Users\2457143\.m2\repository\net\bytebuddy\byte-buddy\1.18.2\byte-buddy-1.18.2.jar;C:\Users\2457143\.m2\repository\org\seleniumhq\selenium\selenium-os\4.39.0\selenium-os-4.39.0.jar;C:\Users\2457143\.m2\repository\org\apache\commons\commons-exec\1.6.0\commons-exec-1.6.0.jar;C:\Users\2457143\.m2\repository\org\seleniumhq\selenium\selenium-safari-driver\4.39.0\selenium-safari-driver-4.39.0.jar;C:\Users\2457143\.m2\repository\org\seleniumhq\selenium\selenium-support\4.39.0\selenium-support-4.39.0.jar;C:\Users\2457143\.m2\repository\org\testng\testng\7.11.0\testng-7.11.0.jar;C:\Users\2457143\.m2\repository\org\slf4j\slf4j-api\2.0.16\slf4j-api-2.0.16.jar;C:\Users\2457143\.m2\repository\org\jcommander\jcommander\1.83\jcommander-1.83.jar;C:\Users\2457143\.m2\repository\org\webjars\jquery\3.7.1\jquery-3.7.1.jar;C:\Users\2457143\.m2\repository\org\apache\poi\poi\5.5.1\poi-5.5.1.jar;C:\Users\2457143\.m2\repository\commons-codec\commons-codec\1.20.0\commons-codec-1.20.0.jar;C:\Users\2457143\.m2\repository\org\apache\commons\commons-collections4\4.5.0\commons-collections4-4.5.0.jar;C:\Users\2457143\.m2\repository\org\apache\commons\commons-math3\3.6.1\commons-math3-3.6.1.jar;C:\Users\2457143\.m2\repository\com\zaxxer\SparseBitSet\1.3\SparseBitSet-1.3.jar;C:\Users\2457143\.m2\repository\org\apache\poi\poi-ooxml\5.5.1\poi-ooxml-5.5.1.jar;C:\Users\2457143\.m2\repository\org\apache\poi\poi-ooxml-lite\5.5.1\poi-ooxml-lite-5.5.1.jar;C:\Users\2457143\.m2\repository\org\apache\xmlbeans\xmlbeans\5.3.0\xmlbeans-5.3.0.jar;C:\Users\2457143\.m2\repository\org\apache\commons\commons-compress\1.28.0\commons-compress-1.28.0.jar;C:\Users\2457143\.m2\repository\com\github\virtuald\curvesapi\1.08\curvesapi-1.08.jar;C:\Users\2457143\.m2\repository\org\apache\logging\log4j\log4j-core\2.20.0\log4j-core-2.20.0.jar;C:\Users\2457143\.m2\repository\org\apache\logging\log4j\log4j-api\2.20.0\log4j-api-2.20.0.jar;C:\Users\2457143\.m2\repository\org\apache\logging\log4j\log4j-slf4j2-impl\3.0.0-beta2\log4j-slf4j2-impl-3.0.0-beta2.jar;C:\Users\2457143\.m2\repository\com\aventstack\extentreports\5.1.2\extentreports-5.1.2.jar;C:\Users\2457143\.m2\repository\io\reactivex\rxjava3\rxjava\3.1.6\rxjava-3.1.6.jar;C:\Users\2457143\.m2\repository\org\reactivestreams\reactive-streams\1.0.4\reactive-streams-1.0.4.jar;C:\Users\2457143\.m2\repository\org\freemarker\freemarker\2.3.32\freemarker-2.3.32.jar;C:\Users\2457143\.m2\repository\org\projectlombok\lombok\1.18.26\lombok-1.18.26.jar;C:\Users\2457143\.m2\repository\com\google\code\gson\gson\2.10.1\gson-2.10.1.jar;C:\Users\2457143\.m2\repository\commons-io\commons-io\2.21.0\commons-io-2.21.0.jar;C:\Users\2457143\.m2\repository\org\apache\commons\commons-lang3\3.20.0\commons-lang3-3.20.0.jar;C:\Users\2457143\.m2\repository\io\github\bonigarcia\webdrivermanager\6.3.3\webdrivermanager-6.3.3.jar;C:\Users\2457143\.m2\repository\com\github\docker-java\docker-java\3.6.0\docker-java-3.6.0.jar;C:\Users\2457143\.m2\repository\com\github\docker-java\docker-java-core\3.6.0\docker-java-core-3.6.0.jar;C:\Users\2457143\.m2\repository\com\github\docker-java\docker-java-api\3.6.0\docker-java-api-3.6.0.jar;C:\Users\2457143\.m2\repository\com\fasterxml\jackson\core\jackson-annotations\2.19.2\jackson-annotations-2.19.2.jar;C:\Users\2457143\.m2\repository\com\fasterxml\jackson\core\jackson-databind\2.19.2\jackson-databind-2.19.2.jar;C:\Users\2457143\.m2\repository\com\fasterxml\jackson\core\jackson-core\2.19.2\jackson-core-2.19.2.jar;C:\Users\2457143\.m2\repository\org\slf4j\jcl-over-slf4j\1.7.30\jcl-over-slf4j-1.7.30.jar;C:\Users\2457143\.m2\repository\com\github\docker-java\docker-java-transport-httpclient5\3.6.0\docker-java-transport-httpclient5-3.6.0.jar;C:\Users\2457143\.m2\repository\com\github\docker-java\docker-java-transport\3.6.0\docker-java-transport-3.6.0.jar;C:\Users\2457143\.m2\repository\net\java\dev\jna\jna\5.17.0\jna-5.17.0.jar;C:\Users\2457143\.m2\repository\org\brotli\dec\0.1.2\dec-0.1.2.jar;C:\Users\2457143\.m2\repository\org\apache\httpcomponents\client5\httpclient5\5.4.3\httpclient5-5.4.3.jar;C:\Users\2457143\.m2\repository\org\apache\httpcomponents\core5\httpcore5\5.3.4\httpcore5-5.3.4.jar;C:\Users\2457143\.m2\repository\org\apache\httpcomponents\core5\httpcore5-h2\5.3.4\httpcore5-h2-5.3.4.jar;C:\Users\2457143\.m2\repository\io\qameta\allure\allure-testng\2.24.0\allure-testng-2.24.0.jar;C:\Users\2457143\.m2\repository\io\qameta\allure\allure-java-commons\2.24.0\allure-java-commons-2.24.0.jar;C:\Users\2457143\.m2\repository\io\qameta\allure\allure-model\2.24.0\allure-model-2.24.0.jar;C:\Users\2457143\.m2\repository\io\qameta\allure\allure-test-filter\2.24.0\allure-test-filter-2.24.0.jar;"/>
    <property name="java.vm.vendor" value="Oracle Corporation"/>
    <property name="sun.arch.data.model" value="64"/>
    <property name="user.variant" value=""/>
    <property name="java.vendor.url" value="https://java.oracle.com/"/>
    <property name="user.timezone" value="Asia/Calcutta"/>
    <property name="os.name" value="Windows 11"/>
    <property name="java.vm.specification.version" value="21"/>
    <property name="sun.java.launcher" value="SUN_STANDARD"/>
    <property name="user.country" value="IN"/>
    <property name="sun.boot.library.path" value="C:\Program Files\Java\jdk-21\bin"/>
    <property name="sun.java.command" value="C:\Users\2457143\AppData\Local\Temp\surefire507140129260124873\surefirebooter-20260127111044551_3.jar C:\Users\2457143\AppData\Local\Temp\surefire507140129260124873 2026-01-27T11-10-43_963-jvmRun1 surefire-20260127111044551_1tmp surefire_0-20260127111044551_2tmp"/>
    <property name="jdk.debug" value="release"/>
    <property name="surefire.test.class.path" value="C:\Users\2457143\IdeaProjects\DevProfileAutomationFramework\target\test-classes;C:\Users\2457143\IdeaProjects\DevProfileAutomationFramework\target\classes;C:\Users\2457143\.m2\repository\org\seleniumhq\selenium\selenium-java\4.39.0\selenium-java-4.39.0.jar;C:\Users\2457143\.m2\repository\org\seleniumhq\selenium\selenium-api\4.39.0\selenium-api-4.39.0.jar;C:\Users\2457143\.m2\repository\org\jspecify\jspecify\1.0.0\jspecify-1.0.0.jar;C:\Users\2457143\.m2\repository\org\seleniumhq\selenium\selenium-chrome-driver\4.39.0\selenium-chrome-driver-4.39.0.jar;C:\Users\2457143\.m2\repository\com\google\auto\service\auto-service-annotations\1.1.1\auto-service-annotations-1.1.1.jar;C:\Users\2457143\.m2\repository\org\seleniumhq\selenium\selenium-chromium-driver\4.39.0\selenium-chromium-driver-4.39.0.jar;C:\Users\2457143\.m2\repository\org\seleniumhq\selenium\selenium-json\4.39.0\selenium-json-4.39.0.jar;C:\Users\2457143\.m2\repository\org\seleniumhq\selenium\selenium-manager\4.39.0\selenium-manager-4.39.0.jar;C:\Users\2457143\.m2\repository\org\seleniumhq\selenium\selenium-devtools-v141\4.39.0\selenium-devtools-v141-4.39.0.jar;C:\Users\2457143\.m2\repository\org\seleniumhq\selenium\selenium-devtools-v142\4.39.0\selenium-devtools-v142-4.39.0.jar;C:\Users\2457143\.m2\repository\org\seleniumhq\selenium\selenium-devtools-v143\4.39.0\selenium-devtools-v143-4.39.0.jar;C:\Users\2457143\.m2\repository\org\seleniumhq\selenium\selenium-edge-driver\4.39.0\selenium-edge-driver-4.39.0.jar;C:\Users\2457143\.m2\repository\org\seleniumhq\selenium\selenium-firefox-driver\4.39.0\selenium-firefox-driver-4.39.0.jar;C:\Users\2457143\.m2\repository\org\seleniumhq\selenium\selenium-http\4.39.0\selenium-http-4.39.0.jar;C:\Users\2457143\.m2\repository\org\seleniumhq\selenium\selenium-ie-driver\4.39.0\selenium-ie-driver-4.39.0.jar;C:\Users\2457143\.m2\repository\org\seleniumhq\selenium\selenium-remote-driver\4.39.0\selenium-remote-driver-4.39.0.jar;C:\Users\2457143\.m2\repository\com\google\guava\guava\33.5.0-jre\guava-33.5.0-jre.jar;C:\Users\2457143\.m2\repository\com\google\guava\failureaccess\1.0.3\failureaccess-1.0.3.jar;C:\Users\2457143\.m2\repository\com\google\guava\listenablefuture\9999.0-empty-to-avoid-conflict-with-guava\listenablefuture-9999.0-empty-to-avoid-conflict-with-guava.jar;C:\Users\2457143\.m2\repository\com\google\errorprone\error_prone_annotations\2.41.0\error_prone_annotations-2.41.0.jar;C:\Users\2457143\.m2\repository\com\google\j2objc\j2objc-annotations\3.1\j2objc-annotations-3.1.jar;C:\Users\2457143\.m2\repository\io\opentelemetry\opentelemetry-api\1.56.0\opentelemetry-api-1.56.0.jar;C:\Users\2457143\.m2\repository\io\opentelemetry\opentelemetry-context\1.56.0\opentelemetry-context-1.56.0.jar;C:\Users\2457143\.m2\repository\io\opentelemetry\opentelemetry-common\1.56.0\opentelemetry-common-1.56.0.jar;C:\Users\2457143\.m2\repository\io\opentelemetry\opentelemetry-exporter-logging\1.56.0\opentelemetry-exporter-logging-1.56.0.jar;C:\Users\2457143\.m2\repository\io\opentelemetry\opentelemetry-sdk-common\1.56.0\opentelemetry-sdk-common-1.56.0.jar;C:\Users\2457143\.m2\repository\io\opentelemetry\opentelemetry-sdk-extension-autoconfigure-spi\1.56.0\opentelemetry-sdk-extension-autoconfigure-spi-1.56.0.jar;C:\Users\2457143\.m2\repository\io\opentelemetry\opentelemetry-sdk-extension-autoconfigure\1.56.0\opentelemetry-sdk-extension-autoconfigure-1.56.0.jar;C:\Users\2457143\.m2\repository\io\opentelemetry\opentelemetry-sdk-trace\1.56.0\opentelemetry-sdk-trace-1.56.0.jar;C:\Users\2457143\.m2\repository\io\opentelemetry\opentelemetry-sdk\1.56.0\opentelemetry-sdk-1.56.0.jar;C:\Users\2457143\.m2\repository\io\opentelemetry\opentelemetry-sdk-metrics\1.56.0\opentelemetry-sdk-metrics-1.56.0.jar;C:\Users\2457143\.m2\repository\io\opentelemetry\opentelemetry-sdk-logs\1.56.0\opentelemetry-sdk-logs-1.56.0.jar;C:\Users\2457143\.m2\repository\net\bytebuddy\byte-buddy\1.18.2\byte-buddy-1.18.2.jar;C:\Users\2457143\.m2\repository\org\seleniumhq\selenium\selenium-os\4.39.0\selenium-os-4.39.0.jar;C:\Users\2457143\.m2\repository\org\apache\commons\commons-exec\1.6.0\commons-exec-1.6.0.jar;C:\Users\2457143\.m2\repository\org\seleniumhq\selenium\selenium-safari-driver\4.39.0\selenium-safari-driver-4.39.0.jar;C:\Users\2457143\.m2\repository\org\seleniumhq\selenium\selenium-support\4.39.0\selenium-support-4.39.0.jar;C:\Users\2457143\.m2\repository\org\testng\testng\7.11.0\testng-7.11.0.jar;C:\Users\2457143\.m2\repository\org\slf4j\slf4j-api\2.0.16\slf4j-api-2.0.16.jar;C:\Users\2457143\.m2\repository\org\jcommander\jcommander\1.83\jcommander-1.83.jar;C:\Users\2457143\.m2\repository\org\webjars\jquery\3.7.1\jquery-3.7.1.jar;C:\Users\2457143\.m2\repository\org\apache\poi\poi\5.5.1\poi-5.5.1.jar;C:\Users\2457143\.m2\repository\commons-codec\commons-codec\1.20.0\commons-codec-1.20.0.jar;C:\Users\2457143\.m2\repository\org\apache\commons\commons-collections4\4.5.0\commons-collections4-4.5.0.jar;C:\Users\2457143\.m2\repository\org\apache\commons\commons-math3\3.6.1\commons-math3-3.6.1.jar;C:\Users\2457143\.m2\repository\com\zaxxer\SparseBitSet\1.3\SparseBitSet-1.3.jar;C:\Users\2457143\.m2\repository\org\apache\poi\poi-ooxml\5.5.1\poi-ooxml-5.5.1.jar;C:\Users\2457143\.m2\repository\org\apache\poi\poi-ooxml-lite\5.5.1\poi-ooxml-lite-5.5.1.jar;C:\Users\2457143\.m2\repository\org\apache\xmlbeans\xmlbeans\5.3.0\xmlbeans-5.3.0.jar;C:\Users\2457143\.m2\repository\org\apache\commons\commons-compress\1.28.0\commons-compress-1.28.0.jar;C:\Users\2457143\.m2\repository\com\github\virtuald\curvesapi\1.08\curvesapi-1.08.jar;C:\Users\2457143\.m2\repository\org\apache\logging\log4j\log4j-core\2.20.0\log4j-core-2.20.0.jar;C:\Users\2457143\.m2\repository\org\apache\logging\log4j\log4j-api\2.20.0\log4j-api-2.20.0.jar;C:\Users\2457143\.m2\repository\org\apache\logging\log4j\log4j-slf4j2-impl\3.0.0-beta2\log4j-slf4j2-impl-3.0.0-beta2.jar;C:\Users\2457143\.m2\repository\com\aventstack\extentreports\5.1.2\extentreports-5.1.2.jar;C:\Users\2457143\.m2\repository\io\reactivex\rxjava3\rxjava\3.1.6\rxjava-3.1.6.jar;C:\Users\2457143\.m2\repository\org\reactivestreams\reactive-streams\1.0.4\reactive-streams-1.0.4.jar;C:\Users\2457143\.m2\repository\org\freemarker\freemarker\2.3.32\freemarker-2.3.32.jar;C:\Users\2457143\.m2\repository\org\projectlombok\lombok\1.18.26\lombok-1.18.26.jar;C:\Users\2457143\.m2\repository\com\google\code\gson\gson\2.10.1\gson-2.10.1.jar;C:\Users\2457143\.m2\repository\commons-io\commons-io\2.21.0\commons-io-2.21.0.jar;C:\Users\2457143\.m2\repository\org\apache\commons\commons-lang3\3.20.0\commons-lang3-3.20.0.jar;C:\Users\2457143\.m2\repository\io\github\bonigarcia\webdrivermanager\6.3.3\webdrivermanager-6.3.3.jar;C:\Users\2457143\.m2\repository\com\github\docker-java\docker-java\3.6.0\docker-java-3.6.0.jar;C:\Users\2457143\.m2\repository\com\github\docker-java\docker-java-core\3.6.0\docker-java-core-3.6.0.jar;C:\Users\2457143\.m2\repository\com\github\docker-java\docker-java-api\3.6.0\docker-java-api-3.6.0.jar;C:\Users\2457143\.m2\repository\com\fasterxml\jackson\core\jackson-annotations\2.19.2\jackson-annotations-2.19.2.jar;C:\Users\2457143\.m2\repository\com\fasterxml\jackson\core\jackson-databind\2.19.2\jackson-databind-2.19.2.jar;C:\Users\2457143\.m2\repository\com\fasterxml\jackson\core\jackson-core\2.19.2\jackson-core-2.19.2.jar;C:\Users\2457143\.m2\repository\org\slf4j\jcl-over-slf4j\1.7.30\jcl-over-slf4j-1.7.30.jar;C:\Users\2457143\.m2\repository\com\github\docker-java\docker-java-transport-httpclient5\3.6.0\docker-java-transport-httpclient5-3.6.0.jar;C:\Users\2457143\.m2\repository\com\github\docker-java\docker-java-transport\3.6.0\docker-java-transport-3.6.0.jar;C:\Users\2457143\.m2\repository\net\java\dev\jna\jna\5.17.0\jna-5.17.0.jar;C:\Users\2457143\.m2\repository\org\brotli\dec\0.1.2\dec-0.1.2.jar;C:\Users\2457143\.m2\repository\org\apache\httpcomponents\client5\httpclient5\5.4.3\httpclient5-5.4.3.jar;C:\Users\2457143\.m2\repository\org\apache\httpcomponents\core5\httpcore5\5.3.4\httpcore5-5.3.4.jar;C:\Users\2457143\.m2\repository\org\apache\httpcomponents\core5\httpcore5-h2\5.3.4\httpcore5-h2-5.3.4.jar;C:\Users\2457143\.m2\repository\io\qameta\allure\allure-testng\2.24.0\allure-testng-2.24.0.jar;C:\Users\2457143\.m2\repository\io\qameta\allure\allure-java-commons\2.24.0\allure-java-commons-2.24.0.jar;C:\Users\2457143\.m2\repository\io\qameta\allure\allure-model\2.24.0\allure-model-2.24.0.jar;C:\Users\2457143\.m2\repository\io\qameta\allure\allure-test-filter\2.24.0\allure-test-filter-2.24.0.jar;"/>
    <property name="sun.cpu.endian" value="little"/>
    <property name="user.home" value="C:\Users\2457143"/>
    <property name="user.language" value="en"/>
    <property name="java.specification.vendor" value="Oracle Corporation"/>
    <property name="java.version.date" value="2023-09-19"/>
    <property name="java.home" value="C:\Program Files\Java\jdk-21"/>
    <property name="file.separator" value="\"/>
    <property name="basedir" value="C:\Users\2457143\IdeaProjects\DevProfileAutomationFramework"/>
    <property name="java.vm.compressedOopsMode" value="Zero based"/>
    <property name="line.separator" value="&#10;"/>
    <property name="java.vm.specification.vendor" value="Oracle Corporation"/>
    <property name="java.specification.name" value="Java Platform API Specification"/>
    <property name="surefire.real.class.path" value="C:\Users\2457143\AppData\Local\Temp\surefire507140129260124873\surefirebooter-20260127111044551_3.jar"/>
    <property name="user.script" value=""/>
    <property name="sun.management.compiler" value="HotSpot 64-Bit Tiered Compilers"/>
    <property name="java.runtime.version" value="21+35-LTS-2513"/>
    <property name="user.name" value="2457143"/>
    <property name="stdout.encoding" value="Cp1252"/>
    <property name="path.separator" value=";"/>
    <property name="os.version" value="10.0"/>
    <property name="java.runtime.name" value="Java(TM) SE Runtime Environment"/>
    <property name="file.encoding" value="UTF-8"/>
    <property name="java.vm.name" value="Java HotSpot(TM) 64-Bit Server VM"/>
    <property name="localRepository" value="C:\Users\2457143\.m2\repository"/>
    <property name="java.vendor.url.bug" value="https://bugreport.java.com/bugreport/"/>
    <property name="java.io.tmpdir" value="C:\Users\2457143\AppData\Local\Temp\"/>
    <property name="java.version" value="21"/>
    <property name="user.dir" value="C:\Users\2457143\IdeaProjects\DevProfileAutomationFramework"/>
    <property name="os.arch" value="amd64"/>
    <property name="java.vm.specification.name" value="Java Virtual Machine Specification"/>
    <property name="sun.os.patch.level" value=""/>
    <property name="native.encoding" value="Cp1252"/>
    <property name="java.library.path" value="C:\Program Files\Java\jdk-21\bin;C:\WINDOWS\Sun\Java\bin;C:\WINDOWS\system32;C:\WINDOWS;C:\Program Files\Common Files\Oracle\Java\javapath;C:\WINDOWS\system32;C:\WINDOWS;C:\WINDOWS\System32\Wbem;C:\WINDOWS\System32\WindowsPowerShell\v1.0\;C:\WINDOWS\System32\OpenSSH\;C:\Program Files\Microsoft VS Code\bin;C:\Program Files\Git\cmd;C:\Program Files\nodejs\;C:\Program Files\Java\jdk-21\bin;C:\apache-maven-3.9.12\bin;C:\Users\2457143\AppData\Local\Microsoft\WindowsApps;C:\Users\2457143\AppData\Roaming\npm;."/>
    <property name="java.vm.info" value="mixed mode, sharing"/>
    <property name="stderr.encoding" value="Cp1252"/>
    <property name="java.vendor" value="Oracle Corporation"/>
    <property name="java.vm.version" value="21+35-LTS-2513"/>
    <property name="sun.io.unicode.encoding" value="UnicodeLittle"/>
    <property name="java.class.version" value="65.0"/>
  </properties>
  <testcase name="ProfileStatistics_TC001" classname="testCases.ProfileStatisticsUITest" time="0.516"/>
  <testcase name="ProfileStatistics_TC002" classname="testCases.ProfileStatisticsUITest" time="0.191"/>
  <testcase name="ProfileStatistics_TC003" classname="testCases.ProfileStatisticsUITest" time="0.333"/>
  <testcase name="ProfileStatistics_TC004" classname="testCases.ProfileStatisticsUITest" time="15.431"/>
  <testcase name="ProfileStatistics_TC005" classname="testCases.ProfileStatisticsUITest" time="0.86"/>
  <testcase name="ProfileStatistics_TC006" classname="testCases.ProfileStatisticsUITest" time="0.21"/>
  <testcase name="testMeasurePortfolioButtonTitle[1, Shankar, shankar@gmail.com, 1, Junior Developer, 2, 1, Java,Python, You are a Beginner developer with 1 years of experience.&#10;You&apos;ve completed 3 projects (2 websites and 1 apps).&#10;You have good productivity with 3.0 projects per year.&#10;You have a balanced portfolio across web and app development.](1)" classname="testCases.ProfileStatisticsFunctionality" time="5.492">
    <system-out><![CDATA[Shankar shankar@gmail.com 1 Junior Developer 2 1 Java,Python
]]></system-out>
  </testcase>
  <testcase name="testMeasurePortfolioButtonTitle[2, Abc, abc@gmail.com, 2, Developer, 0, 2, Java, You are a Intermediate developer with 2 years of experience.&#10;You&apos;ve completed 2 projects (0 websites and 2 apps).&#10;You focus on quality over quantity with 1.0 projects per year.&#10;You specialize in app development. Consider exploring more web projects.](2)" classname="testCases.ProfileStatisticsFunctionality" time="4.628">
    <system-out><![CDATA[Abc abc@gmail.com 2 Developer 0 2 Java
]]></system-out>
  </testcase>
  <testcase name="testMeasurePortfolioButtonTitle[3, Xyz, xyz@yahoo.com, 3, Web Developer, 2, 0, Cloud Technologies, You are a Intermediate developer with 3 years of experience.&#10;You&apos;ve completed 2 projects (2 websites and 0 apps).&#10;You focus on quality over quantity with 0.7 projects per year.&#10;You specialize in web development. Consider expanding your app development skills.](3)" classname="testCases.ProfileStatisticsFunctionality" time="4.821">
    <system-out><![CDATA[Xyz xyz@yahoo.com 3 Web Developer 2 0 Cloud Technologies
]]></system-out>
  </testcase>
  <testcase name="testMeasurePortfolioButtonTitle[4, , emptyname@example.com, 3, Developer, 1, 1, Java, Please fill out this field.(Full Name)](4)" classname="testCases.ProfileStatisticsFunctionality" time="5.891">
    <failure message="Profile Highlights doesn&apos;t match expected [Please fill out this field.(Full Name)] but found [You are a Intermediate developer with 3 years of experience.&#10;You&apos;ve completed 2 projects (1 websites and 1 apps).&#10;You focus on quality over quantity with 0.7 projects per year.&#10;You have a balanced portfolio across web and app development.]" type="java.lang.AssertionError"><![CDATA[java.lang.AssertionError: 
Profile Highlights doesn't match expected [Please fill out this field.(Full Name)] but found [You are a Intermediate developer with 3 years of experience.
You've completed 2 projects (1 websites and 1 apps).
You focus on quality over quantity with 0.7 projects per year.
You have a balanced portfolio across web and app development.]
	at org.testng.Assert.fail(Assert.java:111)
	at org.testng.Assert.failNotEquals(Assert.java:1590)
	at org.testng.Assert.assertEqualsImpl(Assert.java:150)
	at org.testng.Assert.assertEquals(Assert.java:132)
	at org.testng.Assert.assertEquals(Assert.java:656)
	at testCases.ProfileStatisticsFunctionality.Datacheck(ProfileStatisticsFunctionality.java:64)
	at testCases.ProfileStatisticsFunctionality.testMeasurePortfolioButtonTitle(ProfileStatisticsFunctionality.java:48)
	at java.base/jdk.internal.reflect.DirectMethodHandleAccessor.invoke(DirectMethodHandleAccessor.java:103)
	at java.base/java.lang.reflect.Method.invoke(Method.java:580)
	at org.testng.internal.invokers.MethodInvocationHelper.invokeMethod(MethodInvocationHelper.java:141)
	at org.testng.internal.invokers.TestInvoker.invokeMethod(TestInvoker.java:687)
	at org.testng.internal.invokers.TestInvoker.invokeTestMethod(TestInvoker.java:230)
	at org.testng.internal.invokers.MethodRunner.runInSequence(MethodRunner.java:63)
	at org.testng.internal.invokers.TestInvoker$MethodInvocationAgent.invoke(TestInvoker.java:995)
	at org.testng.internal.invokers.TestInvoker.invokeTestMethods(TestInvoker.java:203)
	at org.testng.internal.invokers.TestMethodWorker.invokeTestMethods(TestMethodWorker.java:154)
	at org.testng.internal.invokers.TestMethodWorker.run(TestMethodWorker.java:134)
	at java.base/java.util.ArrayList.forEach(ArrayList.java:1596)
	at org.testng.TestRunner.privateRun(TestRunner.java:741)
	at org.testng.TestRunner.run(TestRunner.java:616)
	at org.testng.SuiteRunner.runTest(SuiteRunner.java:421)
	at org.testng.SuiteRunner.runSequentially(SuiteRunner.java:413)
	at org.testng.SuiteRunner.privateRun(SuiteRunner.java:373)
	at org.testng.SuiteRunner.run(SuiteRunner.java:312)
	at org.testng.SuiteRunnerWorker.runSuite(SuiteRunnerWorker.java:52)
	at org.testng.SuiteRunnerWorker.run(SuiteRunnerWorker.java:95)
	at org.testng.TestNG.runSuitesSequentially(TestNG.java:1274)
	at org.testng.TestNG.runSuitesLocally(TestNG.java:1208)
	at org.testng.TestNG.runSuites(TestNG.java:1112)
	at org.testng.TestNG.run(TestNG.java:1079)
	at org.apache.maven.surefire.testng.TestNGExecutor.run(TestNGExecutor.java:308)
	at org.apache.maven.surefire.testng.TestNGXmlTestSuite.execute(TestNGXmlTestSuite.java:71)
	at org.apache.maven.surefire.testng.TestNGProvider.invoke(TestNGProvider.java:113)
	at org.apache.maven.surefire.booter.ForkedBooter.runSuitesInProcess(ForkedBooter.java:385)
	at org.apache.maven.surefire.booter.ForkedBooter.execute(ForkedBooter.java:162)
	at org.apache.maven.surefire.booter.ForkedBooter.run(ForkedBooter.java:507)
	at org.apache.maven.surefire.booter.ForkedBooter.main(ForkedBooter.java:495)
]]></failure>
    <system-out><![CDATA[ emptyname@example.com 3 Developer 1 1 Java
ScreenShot saved: C:\Users\2457143\IdeaProjects\DevProfileAutomationFramework/screenshots/testMeasurePortfolioButtonTitle_20260127111209.png
]]></system-out>
  </testcase>
  <testcase name="testMeasurePortfolioButtonTitle[5, Chetan, chetan@gmail.com, 1, Programmer Analyst Trainee, 2, 1, ACS, You are a Beginner developer with 1 years of experience.&#10;You&apos;ve completed 3 projects (2 websites and 1 apps).&#10;You have good productivity with 3.0 projects per year.&#10;You have a balanced portfolio across web and app development.](5)" classname="testCases.ProfileStatisticsFunctionality" time="4.548">
    <system-out><![CDATA[Chetan chetan@gmail.com 1 Programmer Analyst Trainee 2 1 ACS
]]></system-out>
  </testcase>
  <testcase name="testMeasurePortfolioButtonTitle[6, JOHN DOE, JOHN.DOE@OUTLOOK.COM, 4, Senior Developer, 8, 5, Dotnet,Java, You are a Intermediate developer with 4 years of experience.&#10;You&apos;ve completed 13 projects (8 websites and 5 apps).&#10;You have good productivity with 3.3 projects per year.&#10;You have a balanced portfolio across web and app development.](6)" classname="testCases.ProfileStatisticsFunctionality" time="4.917">
    <system-out><![CDATA[JOHN DOE JOHN.DOE@OUTLOOK.COM 4 Senior Developer 8 5 Dotnet,Java
]]></system-out>
  </testcase>
  <testcase name="testMeasurePortfolioButtonTitle[7, Tester, tester@example.com, 5, QA, 1, 0, Testing,Automation, You are a Advanced developer with 5 years of experience.&#10;You&apos;ve completed 1 projects (1 websites and 0 apps).&#10;You focus on quality over quantity with 0.2 projects per year.&#10;You specialize in web development. Consider expanding your app development skills.](7)" classname="testCases.ProfileStatisticsFunctionality" time="4.667">
    <system-out><![CDATA[Tester tester@example.com 5 QA 1 0 Testing,Automation
]]></system-out>
  </testcase>
  <testcase name="testMeasurePortfolioButtonTitle[8, Frontend, front@end.com, 7, UI Developer, 2, 1, &lt;script&gt;alert(&apos;xss&apos;)&lt;/script&gt;, Key Skills must be comma seperated](8)" classname="testCases.ProfileStatisticsFunctionality" time="5.836">
    <failure message="Profile Highlights doesn&apos;t match expected [Key Skills must be comma seperated] but found [You are a Advanced developer with 7 years of experience.&#10;You&apos;ve completed 3 projects (2 websites and 1 apps).&#10;You focus on quality over quantity with 0.4 projects per year.&#10;You have a balanced portfolio across web and app development.]" type="java.lang.AssertionError"><![CDATA[java.lang.AssertionError: 
Profile Highlights doesn't match expected [Key Skills must be comma seperated] but found [You are a Advanced developer with 7 years of experience.
You've completed 3 projects (2 websites and 1 apps).
You focus on quality over quantity with 0.4 projects per year.
You have a balanced portfolio across web and app development.]
	at org.testng.Assert.fail(Assert.java:111)
	at org.testng.Assert.failNotEquals(Assert.java:1590)
	at org.testng.Assert.assertEqualsImpl(Assert.java:150)
	at org.testng.Assert.assertEquals(Assert.java:132)
	at org.testng.Assert.assertEquals(Assert.java:656)
	at testCases.ProfileStatisticsFunctionality.Datacheck(ProfileStatisticsFunctionality.java:64)
	at testCases.ProfileStatisticsFunctionality.testMeasurePortfolioButtonTitle(ProfileStatisticsFunctionality.java:48)
	at java.base/jdk.internal.reflect.DirectMethodHandleAccessor.invoke(DirectMethodHandleAccessor.java:103)
	at java.base/java.lang.reflect.Method.invoke(Method.java:580)
	at org.testng.internal.invokers.MethodInvocationHelper.invokeMethod(MethodInvocationHelper.java:141)
	at org.testng.internal.invokers.TestInvoker.invokeMethod(TestInvoker.java:687)
	at org.testng.internal.invokers.TestInvoker.invokeTestMethod(TestInvoker.java:230)
	at org.testng.internal.invokers.MethodRunner.runInSequence(MethodRunner.java:63)
	at org.testng.internal.invokers.TestInvoker$MethodInvocationAgent.invoke(TestInvoker.java:995)
	at org.testng.internal.invokers.TestInvoker.invokeTestMethods(TestInvoker.java:203)
	at org.testng.internal.invokers.TestMethodWorker.invokeTestMethods(TestMethodWorker.java:154)
	at org.testng.internal.invokers.TestMethodWorker.run(TestMethodWorker.java:134)
	at java.base/java.util.ArrayList.forEach(ArrayList.java:1596)
	at org.testng.TestRunner.privateRun(TestRunner.java:741)
	at org.testng.TestRunner.run(TestRunner.java:616)
	at org.testng.SuiteRunner.runTest(SuiteRunner.java:421)
	at org.testng.SuiteRunner.runSequentially(SuiteRunner.java:413)
	at org.testng.SuiteRunner.privateRun(SuiteRunner.java:373)
	at org.testng.SuiteRunner.run(SuiteRunner.java:312)
	at org.testng.SuiteRunnerWorker.runSuite(SuiteRunnerWorker.java:52)
	at org.testng.SuiteRunnerWorker.run(SuiteRunnerWorker.java:95)
	at org.testng.TestNG.runSuitesSequentially(TestNG.java:1274)
	at org.testng.TestNG.runSuitesLocally(TestNG.java:1208)
	at org.testng.TestNG.runSuites(TestNG.java:1112)
	at org.testng.TestNG.run(TestNG.java:1079)
	at org.apache.maven.surefire.testng.TestNGExecutor.run(TestNGExecutor.java:308)
	at org.apache.maven.surefire.testng.TestNGXmlTestSuite.execute(TestNGXmlTestSuite.java:71)
	at org.apache.maven.surefire.testng.TestNGProvider.invoke(TestNGProvider.java:113)
	at org.apache.maven.surefire.booter.ForkedBooter.runSuitesInProcess(ForkedBooter.java:385)
	at org.apache.maven.surefire.booter.ForkedBooter.execute(ForkedBooter.java:162)
	at org.apache.maven.surefire.booter.ForkedBooter.run(ForkedBooter.java:507)
	at org.apache.maven.surefire.booter.ForkedBooter.main(ForkedBooter.java:495)
]]></failure>
    <system-out><![CDATA[Frontend front@end.com 7 UI Developer 2 1 <script>alert('xss')</script>
ScreenShot saved: C:\Users\2457143\IdeaProjects\DevProfileAutomationFramework/screenshots/testMeasurePortfolioButtonTitle_20260127111230.png
]]></system-out>
  </testcase>
  <testcase name="testMeasurePortfolioButtonTitle[9, Dev@hi, emoji@domain.com, 3, Developer, 1, 1, Python, Name Should have Characters](9)" classname="testCases.ProfileStatisticsFunctionality" time="5.599">
    <failure message="Profile Highlights doesn&apos;t match expected [Name Should have Characters] but found [You are a Intermediate developer with 3 years of experience.&#10;You&apos;ve completed 2 projects (1 websites and 1 apps).&#10;You focus on quality over quantity with 0.7 projects per year.&#10;You have a balanced portfolio across web and app development.]" type="java.lang.AssertionError"><![CDATA[java.lang.AssertionError: 
Profile Highlights doesn't match expected [Name Should have Characters] but found [You are a Intermediate developer with 3 years of experience.
You've completed 2 projects (1 websites and 1 apps).
You focus on quality over quantity with 0.7 projects per year.
You have a balanced portfolio across web and app development.]
	at org.testng.Assert.fail(Assert.java:111)
	at org.testng.Assert.failNotEquals(Assert.java:1590)
	at org.testng.Assert.assertEqualsImpl(Assert.java:150)
	at org.testng.Assert.assertEquals(Assert.java:132)
	at org.testng.Assert.assertEquals(Assert.java:656)
	at testCases.ProfileStatisticsFunctionality.Datacheck(ProfileStatisticsFunctionality.java:64)
	at testCases.ProfileStatisticsFunctionality.testMeasurePortfolioButtonTitle(ProfileStatisticsFunctionality.java:48)
	at java.base/jdk.internal.reflect.DirectMethodHandleAccessor.invoke(DirectMethodHandleAccessor.java:103)
	at java.base/java.lang.reflect.Method.invoke(Method.java:580)
	at org.testng.internal.invokers.MethodInvocationHelper.invokeMethod(MethodInvocationHelper.java:141)
	at org.testng.internal.invokers.TestInvoker.invokeMethod(TestInvoker.java:687)
	at org.testng.internal.invokers.TestInvoker.invokeTestMethod(TestInvoker.java:230)
	at org.testng.internal.invokers.MethodRunner.runInSequence(MethodRunner.java:63)
	at org.testng.internal.invokers.TestInvoker$MethodInvocationAgent.invoke(TestInvoker.java:995)
	at org.testng.internal.invokers.TestInvoker.invokeTestMethods(TestInvoker.java:203)
	at org.testng.internal.invokers.TestMethodWorker.invokeTestMethods(TestMethodWorker.java:154)
	at org.testng.internal.invokers.TestMethodWorker.run(TestMethodWorker.java:134)
	at java.base/java.util.ArrayList.forEach(ArrayList.java:1596)
	at org.testng.TestRunner.privateRun(TestRunner.java:741)
	at org.testng.TestRunner.run(TestRunner.java:616)
	at org.testng.SuiteRunner.runTest(SuiteRunner.java:421)
	at org.testng.SuiteRunner.runSequentially(SuiteRunner.java:413)
	at org.testng.SuiteRunner.privateRun(SuiteRunner.java:373)
	at org.testng.SuiteRunner.run(SuiteRunner.java:312)
	at org.testng.SuiteRunnerWorker.runSuite(SuiteRunnerWorker.java:52)
	at org.testng.SuiteRunnerWorker.run(SuiteRunnerWorker.java:95)
	at org.testng.TestNG.runSuitesSequentially(TestNG.java:1274)
	at org.testng.TestNG.runSuitesLocally(TestNG.java:1208)
	at org.testng.TestNG.runSuites(TestNG.java:1112)
	at org.testng.TestNG.run(TestNG.java:1079)
	at org.apache.maven.surefire.testng.TestNGExecutor.run(TestNGExecutor.java:308)
	at org.apache.maven.surefire.testng.TestNGXmlTestSuite.execute(TestNGXmlTestSuite.java:71)
	at org.apache.maven.surefire.testng.TestNGProvider.invoke(TestNGProvider.java:113)
	at org.apache.maven.surefire.booter.ForkedBooter.runSuitesInProcess(ForkedBooter.java:385)
	at org.apache.maven.surefire.booter.ForkedBooter.execute(ForkedBooter.java:162)
	at org.apache.maven.surefire.booter.ForkedBooter.run(ForkedBooter.java:507)
	at org.apache.maven.surefire.booter.ForkedBooter.main(ForkedBooter.java:495)
]]></failure>
    <system-out><![CDATA[Dev@hi emoji@domain.com 3 Developer 1 1 Python
ScreenShot saved: C:\Users\2457143\IdeaProjects\DevProfileAutomationFramework/screenshots/testMeasurePortfolioButtonTitle_20260127111235.png
]]></system-out>
  </testcase>
  <testcase name="testMeasurePortfolioButtonTitle[10, Neha Sharma, neha.sharma@company.com, 8, Staff Engineer, 6, 12, Java,Spring,Microservices,SQL, You are a Expert developer with 8 years of experience.&#10;You&apos;ve completed 18 projects (6 websites and 12 apps).&#10;You have good productivity with 2.3 projects per year.&#10;You have a balanced portfolio across web and app development.](10)" classname="testCases.ProfileStatisticsFunctionality" time="4.748">
    <system-out><![CDATA[Neha Sharma neha.sharma@company.com 8 Staff Engineer 6 12 Java,Spring,Microservices,SQL
]]></system-out>
  </testcase>
  <testcase name="testMeasurePortfolioButtonTitle[11, Aisha Khan, , 2, Junior Developer, 3, 1, JavaScript,HTML,CSS, Please fill out this field.(Email)](11)" classname="testCases.ProfileStatisticsFunctionality" time="5.401">
    <failure message="Profile Highlights doesn&apos;t match expected [Please fill out this field.(Email)] but found [You are a Intermediate developer with 2 years of experience.&#10;You&apos;ve completed 4 projects (3 websites and 1 apps).&#10;You have good productivity with 2.0 projects per year.&#10;You specialize in web development. Consider expanding your app development skills.]" type="java.lang.AssertionError"><![CDATA[java.lang.AssertionError: 
Profile Highlights doesn't match expected [Please fill out this field.(Email)] but found [You are a Intermediate developer with 2 years of experience.
You've completed 4 projects (3 websites and 1 apps).
You have good productivity with 2.0 projects per year.
You specialize in web development. Consider expanding your app development skills.]
	at org.testng.Assert.fail(Assert.java:111)
	at org.testng.Assert.failNotEquals(Assert.java:1590)
	at org.testng.Assert.assertEqualsImpl(Assert.java:150)
	at org.testng.Assert.assertEquals(Assert.java:132)
	at org.testng.Assert.assertEquals(Assert.java:656)
	at testCases.ProfileStatisticsFunctionality.Datacheck(ProfileStatisticsFunctionality.java:64)
	at testCases.ProfileStatisticsFunctionality.testMeasurePortfolioButtonTitle(ProfileStatisticsFunctionality.java:48)
	at java.base/jdk.internal.reflect.DirectMethodHandleAccessor.invoke(DirectMethodHandleAccessor.java:103)
	at java.base/java.lang.reflect.Method.invoke(Method.java:580)
	at org.testng.internal.invokers.MethodInvocationHelper.invokeMethod(MethodInvocationHelper.java:141)
	at org.testng.internal.invokers.TestInvoker.invokeMethod(TestInvoker.java:687)
	at org.testng.internal.invokers.TestInvoker.invokeTestMethod(TestInvoker.java:230)
	at org.testng.internal.invokers.MethodRunner.runInSequence(MethodRunner.java:63)
	at org.testng.internal.invokers.TestInvoker$MethodInvocationAgent.invoke(TestInvoker.java:995)
	at org.testng.internal.invokers.TestInvoker.invokeTestMethods(TestInvoker.java:203)
	at org.testng.internal.invokers.TestMethodWorker.invokeTestMethods(TestMethodWorker.java:154)
	at org.testng.internal.invokers.TestMethodWorker.run(TestMethodWorker.java:134)
	at java.base/java.util.ArrayList.forEach(ArrayList.java:1596)
	at org.testng.TestRunner.privateRun(TestRunner.java:741)
	at org.testng.TestRunner.run(TestRunner.java:616)
	at org.testng.SuiteRunner.runTest(SuiteRunner.java:421)
	at org.testng.SuiteRunner.runSequentially(SuiteRunner.java:413)
	at org.testng.SuiteRunner.privateRun(SuiteRunner.java:373)
	at org.testng.SuiteRunner.run(SuiteRunner.java:312)
	at org.testng.SuiteRunnerWorker.runSuite(SuiteRunnerWorker.java:52)
	at org.testng.SuiteRunnerWorker.run(SuiteRunnerWorker.java:95)
	at org.testng.TestNG.runSuitesSequentially(TestNG.java:1274)
	at org.testng.TestNG.runSuitesLocally(TestNG.java:1208)
	at org.testng.TestNG.runSuites(TestNG.java:1112)
	at org.testng.TestNG.run(TestNG.java:1079)
	at org.apache.maven.surefire.testng.TestNGExecutor.run(TestNGExecutor.java:308)
	at org.apache.maven.surefire.testng.TestNGXmlTestSuite.execute(TestNGXmlTestSuite.java:71)
	at org.apache.maven.surefire.testng.TestNGProvider.invoke(TestNGProvider.java:113)
	at org.apache.maven.surefire.booter.ForkedBooter.runSuitesInProcess(ForkedBooter.java:385)
	at org.apache.maven.surefire.booter.ForkedBooter.execute(ForkedBooter.java:162)
	at org.apache.maven.surefire.booter.ForkedBooter.run(ForkedBooter.java:507)
	at org.apache.maven.surefire.booter.ForkedBooter.main(ForkedBooter.java:495)
]]></failure>
    <system-out><![CDATA[Aisha Khan  2 Junior Developer 3 1 JavaScript,HTML,CSS
ScreenShot saved: C:\Users\2457143\IdeaProjects\DevProfileAutomationFramework/screenshots/testMeasurePortfolioButtonTitle_20260127111245.png
]]></system-out>
  </testcase>
  <testcase name="testMeasurePortfolioButtonTitle[12, Rohit Menon, rohit.menon@proton.me, 4, Backend Developer, 5, 2, Java,Spring,SQL, You are a Intermediate developer with 4 years of experience.&#10;You&apos;ve completed 7 projects (5 websites and 2 apps).&#10;You focus on quality over quantity with 1.8 projects per year.&#10;You specialize in web development. Consider expanding your app development skills.](12)" classname="testCases.ProfileStatisticsFunctionality" time="4.625">
    <system-out><![CDATA[Rohit Menon rohit.menon@proton.me 4 Backend Developer 5 2 Java,Spring,SQL
]]></system-out>
  </testcase>
  <testcase name="testMeasurePortfolioButtonTitle[13, Divya Patel, divya.patel@outlook.com, 6, Senior Web Developer, 12, 3, React,Node,TypeScript, You are a Advanced developer with 6 years of experience.&#10;You&apos;ve completed 15 projects (12 websites and 3 apps).&#10;You have good productivity with 2.5 projects per year.&#10;You specialize in web development. Consider expanding your app development skills.](13)" classname="testCases.ProfileStatisticsFunctionality" time="5.168">
    <system-out><![CDATA[Divya Patel divya.patel@outlook.com 6 Senior Web Developer 12 3 React,Node,TypeScript
]]></system-out>
  </testcase>
  <testcase name="testMeasurePortfolioButtonTitle[14, Mahesh Gupta, mahesh.g@company.com, , Sr Developer, 9, 6, Python,Django,Flask, Please fill in all required fields](14)" classname="testCases.ProfileStatisticsFunctionality" time="2.815">
    <system-out><![CDATA[Mahesh Gupta mahesh.g@company.com  Sr Developer 9 6 Python,Django,Flask
]]></system-out>
  </testcase>
  <testcase name="testMeasurePortfolioButtonTitle[15, Sneha R, sneha.r@domain.com, 3, Mobile App Developer, 1, 4, Android,Kotlin,Java, You are a Intermediate developer with 3 years of experience.&#10;You&apos;ve completed 5 projects (1 websites and 4 apps).&#10;You focus on quality over quantity with 1.7 projects per year.&#10;You specialize in app development. Consider exploring more web projects.](15)" classname="testCases.ProfileStatisticsFunctionality" time="4.855">
    <system-out><![CDATA[Sneha R sneha.r@domain.com 3 Mobile App Developer 1 4 Android,Kotlin,Java
]]></system-out>
  </testcase>
  <testcase name="testMeasurePortfolioButtonTitle[16, Vivek Sharma, vivek.sharma@gmail.com, 8, Technical Lead, 18, 10, Microservices,Java,Spring Boot, You are a Expert developer with 8 years of experience.&#10;You&apos;ve completed 28 projects (18 websites and 10 apps).&#10;You have good productivity with 3.5 projects per year.&#10;You have a balanced portfolio across web and app development.](16)" classname="testCases.ProfileStatisticsFunctionality" time="5.032">
    <system-out><![CDATA[Vivek Sharma vivek.sharma@gmail.com 8 Technical Lead 18 10 Microservices,Java,Spring Boot
]]></system-out>
  </testcase>
  <testcase name="testMeasurePortfolioButtonTitle[17, Anjali Nair, anjali.nair@contoso.com, 5, Full Stack Developer, 7, 5, Angular,Node,SQL, You are a Advanced developer with 5 years of experience.&#10;You&apos;ve completed 12 projects (7 websites and 5 apps).&#10;You have good productivity with 2.4 projects per year.&#10;You have a balanced portfolio across web and app development.](17)" classname="testCases.ProfileStatisticsFunctionality" time="4.787">
    <system-out><![CDATA[Anjali Nair anjali.nair@contoso.com 5 Full Stack Developer 7 5 Angular,Node,SQL
]]></system-out>
  </testcase>
  <testcase name="testMeasurePortfolioButtonTitle[18, Karthik Subramanian, karthik.subramanian@proton.me, 9, Principal Engineer, 80, 45, Go,Rust,Distributed Systems, You are a Expert developer with 9 years of experience.&#10;You&apos;ve completed 125 projects (80 websites and 45 apps).&#10;Your productivity is exceptional with 13.9 projects per year!&#10;You have a balanced portfolio across web and app development.](18)" classname="testCases.ProfileStatisticsFunctionality" time="4.872">
    <system-out><![CDATA[Karthik Subramanian karthik.subramanian@proton.me 9 Principal Engineer 80 45 Go,Rust,Distributed Systems
]]></system-out>
  </testcase>
  <testcase name="testMeasurePortfolioButtonTitle[19, Pooja Verma, pooja.verma@outlook.com, 1, , 0, 0, Testing,Automation,Postman, Please fill out this field.(Current Job Role)](19)" classname="testCases.ProfileStatisticsFunctionality" time="5.817">
    <failure message="Profile Highlights doesn&apos;t match expected [Please fill out this field.(Current Job Role)] but found [You are a Beginner developer with 1 years of experience.&#10;You&apos;ve completed 0 projects (0 websites and 0 apps).&#10;You focus on quality over quantity with 0.0 projects per year.&#10;You have a balanced portfolio across web and app development.]" type="java.lang.AssertionError"><![CDATA[java.lang.AssertionError: 
Profile Highlights doesn't match expected [Please fill out this field.(Current Job Role)] but found [You are a Beginner developer with 1 years of experience.
You've completed 0 projects (0 websites and 0 apps).
You focus on quality over quantity with 0.0 projects per year.
You have a balanced portfolio across web and app development.]
	at org.testng.Assert.fail(Assert.java:111)
	at org.testng.Assert.failNotEquals(Assert.java:1590)
	at org.testng.Assert.assertEqualsImpl(Assert.java:150)
	at org.testng.Assert.assertEquals(Assert.java:132)
	at org.testng.Assert.assertEquals(Assert.java:656)
	at testCases.ProfileStatisticsFunctionality.Datacheck(ProfileStatisticsFunctionality.java:64)
	at testCases.ProfileStatisticsFunctionality.testMeasurePortfolioButtonTitle(ProfileStatisticsFunctionality.java:48)
	at java.base/jdk.internal.reflect.DirectMethodHandleAccessor.invoke(DirectMethodHandleAccessor.java:103)
	at java.base/java.lang.reflect.Method.invoke(Method.java:580)
	at org.testng.internal.invokers.MethodInvocationHelper.invokeMethod(MethodInvocationHelper.java:141)
	at org.testng.internal.invokers.TestInvoker.invokeMethod(TestInvoker.java:687)
	at org.testng.internal.invokers.TestInvoker.invokeTestMethod(TestInvoker.java:230)
	at org.testng.internal.invokers.MethodRunner.runInSequence(MethodRunner.java:63)
	at org.testng.internal.invokers.TestInvoker$MethodInvocationAgent.invoke(TestInvoker.java:995)
	at org.testng.internal.invokers.TestInvoker.invokeTestMethods(TestInvoker.java:203)
	at org.testng.internal.invokers.TestMethodWorker.invokeTestMethods(TestMethodWorker.java:154)
	at org.testng.internal.invokers.TestMethodWorker.run(TestMethodWorker.java:134)
	at java.base/java.util.ArrayList.forEach(ArrayList.java:1596)
	at org.testng.TestRunner.privateRun(TestRunner.java:741)
	at org.testng.TestRunner.run(TestRunner.java:616)
	at org.testng.SuiteRunner.runTest(SuiteRunner.java:421)
	at org.testng.SuiteRunner.runSequentially(SuiteRunner.java:413)
	at org.testng.SuiteRunner.privateRun(SuiteRunner.java:373)
	at org.testng.SuiteRunner.run(SuiteRunner.java:312)
	at org.testng.SuiteRunnerWorker.runSuite(SuiteRunnerWorker.java:52)
	at org.testng.SuiteRunnerWorker.run(SuiteRunnerWorker.java:95)
	at org.testng.TestNG.runSuitesSequentially(TestNG.java:1274)
	at org.testng.TestNG.runSuitesLocally(TestNG.java:1208)
	at org.testng.TestNG.runSuites(TestNG.java:1112)
	at org.testng.TestNG.run(TestNG.java:1079)
	at org.apache.maven.surefire.testng.TestNGExecutor.run(TestNGExecutor.java:308)
	at org.apache.maven.surefire.testng.TestNGXmlTestSuite.execute(TestNGXmlTestSuite.java:71)
	at org.apache.maven.surefire.testng.TestNGProvider.invoke(TestNGProvider.java:113)
	at org.apache.maven.surefire.booter.ForkedBooter.runSuitesInProcess(ForkedBooter.java:385)
	at org.apache.maven.surefire.booter.ForkedBooter.execute(ForkedBooter.java:162)
	at org.apache.maven.surefire.booter.ForkedBooter.run(ForkedBooter.java:507)
	at org.apache.maven.surefire.booter.ForkedBooter.main(ForkedBooter.java:495)
]]></failure>
    <system-out><![CDATA[Pooja Verma pooja.verma@outlook.com 1  0 0 Testing,Automation,Postman
ScreenShot saved: C:\Users\2457143\IdeaProjects\DevProfileAutomationFramework/screenshots/testMeasurePortfolioButtonTitle_20260127111323.png
]]></system-out>
  </testcase>
  <testcase name="testMeasurePortfolioButtonTitle[20, Sanjay Rao, sanjay.rao@yahoo.com, 10, Staff Engineer, 25, 30, Java,Spring,Cloud,AWS, You are a Expert developer with 10 years of experience.&#10;You&apos;ve completed 55 projects (25 websites and 30 apps).&#10;Your productivity is exceptional with 5.5 projects per year!&#10;You have a balanced portfolio across web and app development.](20)" classname="testCases.ProfileStatisticsFunctionality" time="4.595">
    <system-out><![CDATA[Sanjay Rao sanjay.rao@yahoo.com 10 Staff Engineer 25 30 Java,Spring,Cloud,AWS
]]></system-out>
  </testcase>
  <testcase name="testMeasurePortfolioButtonTitle[21, Ishita Bose, ishita.bose@company.com, 3, Frontend Developer, , 1, Vue,Nuxt,TypeScript, Please fill in all required fields](21)" classname="testCases.ProfileStatisticsFunctionality" time="5.764">
    <failure message="Profile Highlights doesn&apos;t match expected [Please fill in all required fields] but found [You are a Intermediate developer with 3 years of experience.&#10;You&apos;ve completed 1 projects (0 websites and 1 apps).&#10;You focus on quality over quantity with 0.3 projects per year.&#10;You specialize in app development. Consider exploring more web projects.]" type="java.lang.AssertionError"><![CDATA[java.lang.AssertionError: 
Profile Highlights doesn't match expected [Please fill in all required fields] but found [You are a Intermediate developer with 3 years of experience.
You've completed 1 projects (0 websites and 1 apps).
You focus on quality over quantity with 0.3 projects per year.
You specialize in app development. Consider exploring more web projects.]
	at org.testng.Assert.fail(Assert.java:111)
	at org.testng.Assert.failNotEquals(Assert.java:1590)
	at org.testng.Assert.assertEqualsImpl(Assert.java:150)
	at org.testng.Assert.assertEquals(Assert.java:132)
	at org.testng.Assert.assertEquals(Assert.java:656)
	at testCases.ProfileStatisticsFunctionality.Datacheck(ProfileStatisticsFunctionality.java:64)
	at testCases.ProfileStatisticsFunctionality.testMeasurePortfolioButtonTitle(ProfileStatisticsFunctionality.java:48)
	at java.base/jdk.internal.reflect.DirectMethodHandleAccessor.invoke(DirectMethodHandleAccessor.java:103)
	at java.base/java.lang.reflect.Method.invoke(Method.java:580)
	at org.testng.internal.invokers.MethodInvocationHelper.invokeMethod(MethodInvocationHelper.java:141)
	at org.testng.internal.invokers.TestInvoker.invokeMethod(TestInvoker.java:687)
	at org.testng.internal.invokers.TestInvoker.invokeTestMethod(TestInvoker.java:230)
	at org.testng.internal.invokers.MethodRunner.runInSequence(MethodRunner.java:63)
	at org.testng.internal.invokers.TestInvoker$MethodInvocationAgent.invoke(TestInvoker.java:995)
	at org.testng.internal.invokers.TestInvoker.invokeTestMethods(TestInvoker.java:203)
	at org.testng.internal.invokers.TestMethodWorker.invokeTestMethods(TestMethodWorker.java:154)
	at org.testng.internal.invokers.TestMethodWorker.run(TestMethodWorker.java:134)
	at java.base/java.util.ArrayList.forEach(ArrayList.java:1596)
	at org.testng.TestRunner.privateRun(TestRunner.java:741)
	at org.testng.TestRunner.run(TestRunner.java:616)
	at org.testng.SuiteRunner.runTest(SuiteRunner.java:421)
	at org.testng.SuiteRunner.runSequentially(SuiteRunner.java:413)
	at org.testng.SuiteRunner.privateRun(SuiteRunner.java:373)
	at org.testng.SuiteRunner.run(SuiteRunner.java:312)
	at org.testng.SuiteRunnerWorker.runSuite(SuiteRunnerWorker.java:52)
	at org.testng.SuiteRunnerWorker.run(SuiteRunnerWorker.java:95)
	at org.testng.TestNG.runSuitesSequentially(TestNG.java:1274)
	at org.testng.TestNG.runSuitesLocally(TestNG.java:1208)
	at org.testng.TestNG.runSuites(TestNG.java:1112)
	at org.testng.TestNG.run(TestNG.java:1079)
	at org.apache.maven.surefire.testng.TestNGExecutor.run(TestNGExecutor.java:308)
	at org.apache.maven.surefire.testng.TestNGXmlTestSuite.execute(TestNGXmlTestSuite.java:71)
	at org.apache.maven.surefire.testng.TestNGProvider.invoke(TestNGProvider.java:113)
	at org.apache.maven.surefire.booter.ForkedBooter.runSuitesInProcess(ForkedBooter.java:385)
	at org.apache.maven.surefire.booter.ForkedBooter.execute(ForkedBooter.java:162)
	at org.apache.maven.surefire.booter.ForkedBooter.run(ForkedBooter.java:507)
	at org.apache.maven.surefire.booter.ForkedBooter.main(ForkedBooter.java:495)
]]></failure>
    <system-out><![CDATA[Ishita Bose ishita.bose@company.com 3 Frontend Developer  1 Vue,Nuxt,TypeScript
ScreenShot saved: C:\Users\2457143\IdeaProjects\DevProfileAutomationFramework/screenshots/testMeasurePortfolioButtonTitle_20260127111334.png
]]></system-out>
  </testcase>
  <testcase name="testMeasurePortfolioButtonTitle[22, Sameer Kulkarni, sameer.kulkarni@company.com, 2, Cloud Engineer, 1, , Azure,CI/CD,Bicep, Please fill in all required fields](22)" classname="testCases.ProfileStatisticsFunctionality" time="5.785">
    <failure message="Profile Highlights doesn&apos;t match expected [Please fill in all required fields] but found [You are a Intermediate developer with 2 years of experience.&#10;You&apos;ve completed 1 projects (1 websites and 0 apps).&#10;You focus on quality over quantity with 0.5 projects per year.&#10;You specialize in web development. Consider expanding your app development skills.]" type="java.lang.AssertionError"><![CDATA[java.lang.AssertionError: 
Profile Highlights doesn't match expected [Please fill in all required fields] but found [You are a Intermediate developer with 2 years of experience.
You've completed 1 projects (1 websites and 0 apps).
You focus on quality over quantity with 0.5 projects per year.
You specialize in web development. Consider expanding your app development skills.]
	at org.testng.Assert.fail(Assert.java:111)
	at org.testng.Assert.failNotEquals(Assert.java:1590)
	at org.testng.Assert.assertEqualsImpl(Assert.java:150)
	at org.testng.Assert.assertEquals(Assert.java:132)
	at org.testng.Assert.assertEquals(Assert.java:656)
	at testCases.ProfileStatisticsFunctionality.Datacheck(ProfileStatisticsFunctionality.java:64)
	at testCases.ProfileStatisticsFunctionality.testMeasurePortfolioButtonTitle(ProfileStatisticsFunctionality.java:48)
	at java.base/jdk.internal.reflect.DirectMethodHandleAccessor.invoke(DirectMethodHandleAccessor.java:103)
	at java.base/java.lang.reflect.Method.invoke(Method.java:580)
	at org.testng.internal.invokers.MethodInvocationHelper.invokeMethod(MethodInvocationHelper.java:141)
	at org.testng.internal.invokers.TestInvoker.invokeMethod(TestInvoker.java:687)
	at org.testng.internal.invokers.TestInvoker.invokeTestMethod(TestInvoker.java:230)
	at org.testng.internal.invokers.MethodRunner.runInSequence(MethodRunner.java:63)
	at org.testng.internal.invokers.TestInvoker$MethodInvocationAgent.invoke(TestInvoker.java:995)
	at org.testng.internal.invokers.TestInvoker.invokeTestMethods(TestInvoker.java:203)
	at org.testng.internal.invokers.TestMethodWorker.invokeTestMethods(TestMethodWorker.java:154)
	at org.testng.internal.invokers.TestMethodWorker.run(TestMethodWorker.java:134)
	at java.base/java.util.ArrayList.forEach(ArrayList.java:1596)
	at org.testng.TestRunner.privateRun(TestRunner.java:741)
	at org.testng.TestRunner.run(TestRunner.java:616)
	at org.testng.SuiteRunner.runTest(SuiteRunner.java:421)
	at org.testng.SuiteRunner.runSequentially(SuiteRunner.java:413)
	at org.testng.SuiteRunner.privateRun(SuiteRunner.java:373)
	at org.testng.SuiteRunner.run(SuiteRunner.java:312)
	at org.testng.SuiteRunnerWorker.runSuite(SuiteRunnerWorker.java:52)
	at org.testng.SuiteRunnerWorker.run(SuiteRunnerWorker.java:95)
	at org.testng.TestNG.runSuitesSequentially(TestNG.java:1274)
	at org.testng.TestNG.runSuitesLocally(TestNG.java:1208)
	at org.testng.TestNG.runSuites(TestNG.java:1112)
	at org.testng.TestNG.run(TestNG.java:1079)
	at org.apache.maven.surefire.testng.TestNGExecutor.run(TestNGExecutor.java:308)
	at org.apache.maven.surefire.testng.TestNGXmlTestSuite.execute(TestNGXmlTestSuite.java:71)
	at org.apache.maven.surefire.testng.TestNGProvider.invoke(TestNGProvider.java:113)
	at org.apache.maven.surefire.booter.ForkedBooter.runSuitesInProcess(ForkedBooter.java:385)
	at org.apache.maven.surefire.booter.ForkedBooter.execute(ForkedBooter.java:162)
	at org.apache.maven.surefire.booter.ForkedBooter.run(ForkedBooter.java:507)
	at org.apache.maven.surefire.booter.ForkedBooter.main(ForkedBooter.java:495)
]]></failure>
    <system-out><![CDATA[Sameer Kulkarni sameer.kulkarni@company.com 2 Cloud Engineer 1  Azure,CI/CD,Bicep
ScreenShot saved: C:\Users\2457143\IdeaProjects\DevProfileAutomationFramework/screenshots/testMeasurePortfolioButtonTitle_20260127111339.png
]]></system-out>
  </testcase>
  <testcase name="testMeasurePortfolioButtonTitle[23, , , 5, , , , , Please fill in all required fields](23)" classname="testCases.ProfileStatisticsFunctionality" time="5.15">
    <failure message="Profile Highlights doesn&apos;t match expected [Please fill in all required fields] but found [You are a Advanced developer with 5 years of experience.&#10;You&apos;ve completed 0 projects (0 websites and 0 apps).&#10;You focus on quality over quantity with 0.0 projects per year.&#10;You have a balanced portfolio across web and app development.]" type="java.lang.AssertionError"><![CDATA[java.lang.AssertionError: 
Profile Highlights doesn't match expected [Please fill in all required fields] but found [You are a Advanced developer with 5 years of experience.
You've completed 0 projects (0 websites and 0 apps).
You focus on quality over quantity with 0.0 projects per year.
You have a balanced portfolio across web and app development.]
	at org.testng.Assert.fail(Assert.java:111)
	at org.testng.Assert.failNotEquals(Assert.java:1590)
	at org.testng.Assert.assertEqualsImpl(Assert.java:150)
	at org.testng.Assert.assertEquals(Assert.java:132)
	at org.testng.Assert.assertEquals(Assert.java:656)
	at testCases.ProfileStatisticsFunctionality.Datacheck(ProfileStatisticsFunctionality.java:64)
	at testCases.ProfileStatisticsFunctionality.testMeasurePortfolioButtonTitle(ProfileStatisticsFunctionality.java:48)
	at java.base/jdk.internal.reflect.DirectMethodHandleAccessor.invoke(DirectMethodHandleAccessor.java:103)
	at java.base/java.lang.reflect.Method.invoke(Method.java:580)
	at org.testng.internal.invokers.MethodInvocationHelper.invokeMethod(MethodInvocationHelper.java:141)
	at org.testng.internal.invokers.TestInvoker.invokeMethod(TestInvoker.java:687)
	at org.testng.internal.invokers.TestInvoker.invokeTestMethod(TestInvoker.java:230)
	at org.testng.internal.invokers.MethodRunner.runInSequence(MethodRunner.java:63)
	at org.testng.internal.invokers.TestInvoker$MethodInvocationAgent.invoke(TestInvoker.java:995)
	at org.testng.internal.invokers.TestInvoker.invokeTestMethods(TestInvoker.java:203)
	at org.testng.internal.invokers.TestMethodWorker.invokeTestMethods(TestMethodWorker.java:154)
	at org.testng.internal.invokers.TestMethodWorker.run(TestMethodWorker.java:134)
	at java.base/java.util.ArrayList.forEach(ArrayList.java:1596)
	at org.testng.TestRunner.privateRun(TestRunner.java:741)
	at org.testng.TestRunner.run(TestRunner.java:616)
	at org.testng.SuiteRunner.runTest(SuiteRunner.java:421)
	at org.testng.SuiteRunner.runSequentially(SuiteRunner.java:413)
	at org.testng.SuiteRunner.privateRun(SuiteRunner.java:373)
	at org.testng.SuiteRunner.run(SuiteRunner.java:312)
	at org.testng.SuiteRunnerWorker.runSuite(SuiteRunnerWorker.java:52)
	at org.testng.SuiteRunnerWorker.run(SuiteRunnerWorker.java:95)
	at org.testng.TestNG.runSuitesSequentially(TestNG.java:1274)
	at org.testng.TestNG.runSuitesLocally(TestNG.java:1208)
	at org.testng.TestNG.runSuites(TestNG.java:1112)
	at org.testng.TestNG.run(TestNG.java:1079)
	at org.apache.maven.surefire.testng.TestNGExecutor.run(TestNGExecutor.java:308)
	at org.apache.maven.surefire.testng.TestNGXmlTestSuite.execute(TestNGXmlTestSuite.java:71)
	at org.apache.maven.surefire.testng.TestNGProvider.invoke(TestNGProvider.java:113)
	at org.apache.maven.surefire.booter.ForkedBooter.runSuitesInProcess(ForkedBooter.java:385)
	at org.apache.maven.surefire.booter.ForkedBooter.execute(ForkedBooter.java:162)
	at org.apache.maven.surefire.booter.ForkedBooter.run(ForkedBooter.java:507)
	at org.apache.maven.surefire.booter.ForkedBooter.main(ForkedBooter.java:495)
]]></failure>
    <system-out><![CDATA[  5    
ScreenShot saved: C:\Users\2457143\IdeaProjects\DevProfileAutomationFramework/screenshots/testMeasurePortfolioButtonTitle_20260127111345.png
]]></system-out>
  </testcase>
  <testcase name="testCreatePortfolioButtonTitle[Shankar, shankar@gmail.com, 1, Junior Developer, 2, 1, Java,Python](1)" classname="testCases.PortifoliopageUiTest" time="3.459">
    <system-out><![CDATA[Shankar shankar@gmail.com 1 Junior Developer 2 1 Java,Python
[Java, Python]
]]></system-out>
  </testcase>
  <testcase name="testCreatePortfolioButtonTitle[Abc, abc@gmail.com, 2, Developer, 0, 2, Java](2)" classname="testCases.PortifoliopageUiTest" time="4.063">
    <system-out><![CDATA[Abc abc@gmail.com 2 Developer 0 2 Java
[Java]
]]></system-out>
  </testcase>
  <testcase name="testCreatePortfolioButtonTitle[Xyz, xyz@yahoo.com, 3, Web Developer, 2, 0, Cloud Technologies](3)" classname="testCases.PortifoliopageUiTest" time="2.918">
    <system-out><![CDATA[Xyz xyz@yahoo.com 3 Web Developer 2 0 Cloud Technologies
[Cloud Technologies]
]]></system-out>
  </testcase>
  <testcase name="testCreatePortfolioButtonTitle[Ram, ram@rediffmail.com, 4, Full Stack Developer, 2, 2, Web technologies,Java,Python](4)" classname="testCases.PortifoliopageUiTest" time="3.012">
    <system-out><![CDATA[Ram ram@rediffmail.com 4 Full Stack Developer 2 2 Web technologies,Java,Python
[Web technologies, Java, Python]
]]></system-out>
  </testcase>
  <testcase name="testCreatePortfolioButtonTitle[Lakshman, lakshman@rediffmail.com, 5, Senior App Developer, 2, 9, Web technologies,Java,C#](5)" classname="testCases.PortifoliopageUiTest" time="3.771">
    <system-out><![CDATA[Lakshman lakshman@rediffmail.com 5 Senior App Developer 2 9 Web technologies,Java,C#
[Web technologies, Java, C#]
]]></system-out>
  </testcase>
  <testcase name="testCreatePortfolioButtonTitle[Seetha, seetha@outlook.com, 6, Senior Web Developer, 8, 1, C/C++,Java,C#](6)" classname="testCases.PortifoliopageUiTest" time="4.272">
    <system-out><![CDATA[Seetha seetha@outlook.com 6 Senior Web Developer 8 1 C/C++,Java,C#
[C/C++, Java, C#]
]]></system-out>
  </testcase>
  <testcase name="testCreatePortfolioButtonTitle[John Doe, john.doe@outlook.com, 7, Senior Developer, 8, 5, Dotnet,Java](7)" classname="testCases.PortifoliopageUiTest" time="4.611">
    <system-out><![CDATA[John Doe john.doe@outlook.com 7 Senior Developer 8 5 Dotnet,Java
[Dotnet, Java]
]]></system-out>
  </testcase>
  <testcase name="testCreatePortfolioButtonTitle[John, john@outlook.com, 8, Lead Engineer, 2, 3, Perl,JavaScript](8)" classname="testCases.PortifoliopageUiTest" time="3.304">
    <system-out><![CDATA[John john@outlook.com 8 Lead Engineer 2 3 Perl,JavaScript
[Perl, JavaScript]
]]></system-out>
  </testcase>
  <testcase name="testCreatePortfolioButtonTitle[Priya Raman, priya.r@contoso.com, 9, Technical Lead, 15, 20, React,Node,Azure](9)" classname="testCases.PortifoliopageUiTest" time="3.883">
    <system-out><![CDATA[Priya Raman priya.r@contoso.com 9 Technical Lead 15 20 React,Node,Azure
[React, Node, Azure]
]]></system-out>
  </testcase>
  <testcase name="testCreatePortfolioButtonTitle[Arun Kumar, arun.kumar@proton.me, 10, Principal Engineer, 120, 60, Go,Rust,Distributed Systems](10)" classname="testCases.PortifoliopageUiTest" time="4.238">
    <system-out><![CDATA[Arun Kumar arun.kumar@proton.me 10 Principal Engineer 120 60 Go,Rust,Distributed Systems
[Go, Rust, Distributed Systems]
]]></system-out>
  </testcase>
  <testcase name="portFunctionality" classname="testCases.PortfolioFunctionality" time="3.705">
    <failure message="null" type="java.lang.AssertionError"><![CDATA[java.lang.AssertionError: null
	at org.testng.Assert.fail(Assert.java:111)
	at org.testng.Assert.fail(Assert.java:116)
	at testCases.PortfolioFunctionality.portFunctionality(PortfolioFunctionality.java:40)
	at java.base/jdk.internal.reflect.DirectMethodHandleAccessor.invoke(DirectMethodHandleAccessor.java:103)
	at java.base/java.lang.reflect.Method.invoke(Method.java:580)
	at org.testng.internal.invokers.MethodInvocationHelper.invokeMethod(MethodInvocationHelper.java:141)
	at org.testng.internal.invokers.TestInvoker.invokeMethod(TestInvoker.java:687)
	at org.testng.internal.invokers.TestInvoker.invokeTestMethod(TestInvoker.java:230)
	at org.testng.internal.invokers.MethodRunner.runInSequence(MethodRunner.java:63)
	at org.testng.internal.invokers.TestInvoker$MethodInvocationAgent.invoke(TestInvoker.java:995)
	at org.testng.internal.invokers.TestInvoker.invokeTestMethods(TestInvoker.java:203)
	at org.testng.internal.invokers.TestMethodWorker.invokeTestMethods(TestMethodWorker.java:154)
	at org.testng.internal.invokers.TestMethodWorker.run(TestMethodWorker.java:134)
	at java.base/java.util.ArrayList.forEach(ArrayList.java:1596)
	at org.testng.TestRunner.privateRun(TestRunner.java:741)
	at org.testng.TestRunner.run(TestRunner.java:616)
	at org.testng.SuiteRunner.runTest(SuiteRunner.java:421)
	at org.testng.SuiteRunner.runSequentially(SuiteRunner.java:413)
	at org.testng.SuiteRunner.privateRun(SuiteRunner.java:373)
	at org.testng.SuiteRunner.run(SuiteRunner.java:312)
	at org.testng.SuiteRunnerWorker.runSuite(SuiteRunnerWorker.java:52)
	at org.testng.SuiteRunnerWorker.run(SuiteRunnerWorker.java:95)
	at org.testng.TestNG.runSuitesSequentially(TestNG.java:1274)
	at org.testng.TestNG.runSuitesLocally(TestNG.java:1208)
	at org.testng.TestNG.runSuites(TestNG.java:1112)
	at org.testng.TestNG.run(TestNG.java:1079)
	at org.apache.maven.surefire.testng.TestNGExecutor.run(TestNGExecutor.java:308)
	at org.apache.maven.surefire.testng.TestNGXmlTestSuite.execute(TestNGXmlTestSuite.java:71)
	at org.apache.maven.surefire.testng.TestNGProvider.invoke(TestNGProvider.java:113)
	at org.apache.maven.surefire.booter.ForkedBooter.runSuitesInProcess(ForkedBooter.java:385)
	at org.apache.maven.surefire.booter.ForkedBooter.execute(ForkedBooter.java:162)
	at org.apache.maven.surefire.booter.ForkedBooter.run(ForkedBooter.java:507)
	at org.apache.maven.surefire.booter.ForkedBooter.main(ForkedBooter.java:495)
]]></failure>
    <system-out><![CDATA[ScreenShot saved: C:\Users\2457143\IdeaProjects\DevProfileAutomationFramework/screenshots/portFunctionality_20260127111451.png
]]></system-out>
  </testcase>
</testsuite>