2026-01-28 10:55:05 WARN  TestNGContentHandler:133 - It is strongly recommended to add "<!DOCTYPE suite SYSTEM "https://testng.org/testng-1.1.dtd" >" at the top of the suite file [C:\Users\2457143\IdeaProjects\DevProfileAutomationFramework\testnggrid.xml] otherwise TestNG may fail or not work as expected.
2026-01-28 10:55:05 INFO  Utils:112 - [Utils] MethodGroupsHelper.collectMethodsByGroup() took 0 ms.
2026-01-28 10:55:05 INFO  Utils:112 - [Utils] MethodGroupsHelper.sortMethods() took 0 ms.
2026-01-28 10:55:05 INFO  Utils:112 - [Utils] MethodGroupsHelper.collectMethodsByGroup() took 0 ms.
2026-01-28 10:55:05 INFO  Utils:112 - [Utils] MethodGroupsHelper.sortMethods() took 0 ms.
2026-01-28 10:55:05 INFO  Utils:112 - [Utils] MethodGroupsHelper.collectMethodsByGroup() took 0 ms.
2026-01-28 10:55:05 INFO  Utils:112 - [Utils] MethodGroupsHelper.sortMethods() took 0 ms.
2026-01-28 10:55:05 INFO  Utils:112 - [Utils] MethodGroupsHelper.collectMethodsByGroup() took 0 ms.
2026-01-28 10:55:05 INFO  Utils:112 - [Utils] MethodGroupsHelper.sortMethods() took 0 ms.
2026-01-28 10:55:05 INFO  Utils:112 - [Utils] MethodGroupsHelper.collectMethodsByGroup() took 0 ms.
2026-01-28 10:55:05 INFO  Utils:112 - [Utils] MethodGroupsHelper.sortMethods() took 5 ms.
2026-01-28 10:55:05 INFO  Utils:112 - [Utils] MethodGroupsHelper.collectMethodsByGroup() took 0 ms.
2026-01-28 10:55:05 INFO  Utils:112 - [Utils] MethodGroupsHelper.sortMethods() took 0 ms.
2026-01-28 10:55:05 INFO  Utils:112 - [Utils] MethodGroupsHelper.collectMethodsByGroup() took 0 ms.
2026-01-28 10:55:05 INFO  Utils:112 - [Utils] MethodGroupsHelper.sortMethods() took 0 ms.
2026-01-28 10:55:05 INFO  Utils:112 - [Utils] MethodGroupsHelper.collectMethodsByGroup() took 0 ms.
2026-01-28 10:55:05 INFO  Utils:112 - [Utils] MethodGroupsHelper.sortMethods() took 0 ms.
2026-01-28 10:55:05 INFO  Utils:112 - [Utils] MethodGroupsHelper.collectMethodsByGroup() took 0 ms.
2026-01-28 10:55:05 INFO  Utils:112 - [Utils] MethodGroupsHelper.sortMethods() took 0 ms.
2026-01-28 10:55:05 INFO  Utils:112 - [Utils] MethodGroupsHelper.collectMethodsByGroup() took 0 ms.
2026-01-28 10:55:05 INFO  Utils:112 - [Utils] MethodGroupsHelper.sortMethods() took 0 ms.
2026-01-28 10:55:05 INFO  Utils:112 - [Utils] MethodGroupsHelper.collectMethodsByGroup() took 0 ms.
2026-01-28 10:55:05 INFO  Utils:112 - [Utils] MethodGroupsHelper.sortMethods() took 0 ms.
2026-01-28 10:55:05 INFO  Utils:112 - [Utils] MethodGroupsHelper.collectMethodsByGroup() took 0 ms.
2026-01-28 10:55:05 INFO  Utils:112 - [Utils] MethodGroupsHelper.sortMethods() took 0 ms.
2026-01-28 10:55:05 INFO  Utils:112 - [Utils] MethodGroupsHelper.collectMethodsByGroup() took 0 ms.
2026-01-28 10:55:05 INFO  Utils:112 - [Utils] MethodGroupsHelper.sortMethods() took 0 ms.
2026-01-28 10:55:05 INFO  Utils:112 - [Utils] MethodGroupsHelper.collectMethodsByGroup() took 0 ms.
2026-01-28 10:55:05 INFO  Utils:112 - [Utils] MethodGroupsHelper.sortMethods() took 0 ms.
2026-01-28 10:55:05 INFO  Utils:112 - [Utils] MethodGroupsHelper.collectMethodsByGroup() took 0 ms.
2026-01-28 10:55:05 INFO  Utils:112 - [Utils] MethodGroupsHelper.sortMethods() took 0 ms.
2026-01-28 10:55:05 INFO  Utils:112 - [Utils] MethodGroupsHelper.collectMethodsByGroup() took 0 ms.
2026-01-28 10:55:05 INFO  Utils:112 - [Utils] MethodGroupsHelper.sortMethods() took 0 ms.
2026-01-28 10:55:05 INFO  Utils:112 - [Utils] MethodGroupsHelper.collectMethodsByGroup() took 0 ms.
2026-01-28 10:55:05 INFO  Utils:112 - [Utils] MethodGroupsHelper.sortMethods() took 0 ms.
2026-01-28 10:55:05 INFO  Utils:112 - [Utils] MethodGroupsHelper.collectMethodsByGroup() took 0 ms.
2026-01-28 10:55:05 INFO  Utils:112 - [Utils] MethodGroupsHelper.sortMethods() took 0 ms.
2026-01-28 10:55:05 INFO  Utils:112 - [Utils] MethodGroupsHelper.collectMethodsByGroup() took 0 ms.
2026-01-28 10:55:05 INFO  Utils:112 - [Utils] MethodGroupsHelper.sortMethods() took 0 ms.
2026-01-28 10:55:05 INFO  Utils:112 - [Utils] MethodGroupsHelper.collectMethodsByGroup() took 0 ms.
2026-01-28 10:55:05 INFO  Utils:112 - [Utils] MethodGroupsHelper.sortMethods() took 0 ms.
2026-01-28 10:55:05 INFO  Utils:112 - [Utils] MethodGroupsHelper.collectMethodsByGroup() took 0 ms.
2026-01-28 10:55:05 INFO  Utils:112 - [Utils] MethodGroupsHelper.sortMethods() took 0 ms.
2026-01-28 10:55:05 INFO  Utils:112 - [Utils] MethodGroupsHelper.collectMethodsByGroup() took 0 ms.
2026-01-28 10:55:05 INFO  Utils:112 - [Utils] MethodGroupsHelper.sortMethods() took 0 ms.
2026-01-28 10:55:05 INFO  Utils:112 - [Utils] MethodGroupsHelper.collectMethodsByGroup() took 0 ms.
2026-01-28 10:55:05 INFO  Utils:112 - [Utils] MethodGroupsHelper.sortMethods() took 0 ms.
2026-01-28 10:55:05 INFO  Utils:112 - [Utils] MethodGroupsHelper.collectMethodsByGroup() took 0 ms.
2026-01-28 10:55:05 INFO  Utils:112 - [Utils] MethodGroupsHelper.sortMethods() took 0 ms.
2026-01-28 10:55:05 INFO  Utils:112 - [Utils] MethodGroupsHelper.collectMethodsByGroup() took 0 ms.
2026-01-28 10:55:05 INFO  Utils:112 - [Utils] MethodGroupsHelper.sortMethods() took 0 ms.
2026-01-28 10:55:05 INFO  Utils:112 - [Utils] MethodGroupsHelper.collectMethodsByGroup() took 0 ms.
2026-01-28 10:55:05 INFO  Utils:112 - [Utils] MethodGroupsHelper.sortMethods() took 0 ms.
2026-01-28 10:55:05 INFO  Utils:112 - [Utils] MethodGroupsHelper.collectMethodsByGroup() took 0 ms.
2026-01-28 10:55:05 INFO  Utils:112 - [Utils] MethodGroupsHelper.sortMethods() took 0 ms.
2026-01-28 10:55:05 INFO  Utils:112 - [Utils] MethodGroupsHelper.collectMethodsByGroup() took 0 ms.
2026-01-28 10:55:05 INFO  Utils:112 - [Utils] MethodGroupsHelper.sortMethods() took 0 ms.
2026-01-28 10:55:05 INFO  Utils:112 - [Utils] MethodGroupsHelper.collectMethodsByGroup() took 0 ms.
2026-01-28 10:55:05 INFO  Utils:112 - [Utils] MethodGroupsHelper.sortMethods() took 0 ms.
2026-01-28 10:55:05 INFO  Utils:112 - [Utils] MethodGroupsHelper.collectMethodsByGroup() took 0 ms.
2026-01-28 10:55:05 INFO  Utils:112 - [Utils] MethodGroupsHelper.sortMethods() took 0 ms.
2026-01-28 10:55:05 INFO  Utils:112 - [Utils] MethodGroupsHelper.collectMethodsByGroup() took 0 ms.
2026-01-28 10:55:05 INFO  Utils:112 - [Utils] MethodGroupsHelper.sortMethods() took 0 ms.
2026-01-28 10:55:05 INFO  Utils:112 - [Utils] MethodGroupsHelper.collectMethodsByGroup() took 0 ms.
2026-01-28 10:55:05 INFO  Utils:112 - [Utils] MethodGroupsHelper.sortMethods() took 0 ms.
2026-01-28 10:55:05 INFO  Utils:112 - [Utils] MethodGroupsHelper.collectMethodsByGroup() took 0 ms.
2026-01-28 10:55:05 INFO  Utils:112 - [Utils] MethodGroupsHelper.sortMethods() took 0 ms.
2026-01-28 10:55:05 INFO  Utils:112 - [Utils] MethodGroupsHelper.collectMethodsByGroup() took 0 ms.
2026-01-28 10:55:05 INFO  Utils:112 - [Utils] MethodGroupsHelper.sortMethods() took 0 ms.
2026-01-28 10:55:05 INFO  Utils:112 - [Utils] MethodGroupsHelper.collectMethodsByGroup() took 0 ms.
2026-01-28 10:55:05 INFO  Utils:112 - [Utils] MethodGroupsHelper.sortMethods() took 0 ms.
2026-01-28 10:55:05 INFO  Utils:112 - [Utils] MethodGroupsHelper.collectMethodsByGroup() took 0 ms.
2026-01-28 10:55:05 INFO  Utils:112 - [Utils] MethodGroupsHelper.sortMethods() took 0 ms.
2026-01-28 10:55:05 INFO  Utils:112 - [Utils] MethodGroupsHelper.collectMethodsByGroup() took 0 ms.
2026-01-28 10:55:05 INFO  Utils:112 - [Utils] MethodGroupsHelper.sortMethods() took 0 ms.
2026-01-28 10:55:05 INFO  Utils:112 - [Utils] MethodGroupsHelper.collectMethodsByGroup() took 0 ms.
2026-01-28 10:55:05 INFO  Utils:112 - [Utils] MethodGroupsHelper.sortMethods() took 0 ms.
2026-01-28 10:55:05 INFO  Utils:112 - [Utils] MethodGroupsHelper.collectMethodsByGroup() took 0 ms.
2026-01-28 10:55:05 INFO  Utils:112 - [Utils] MethodGroupsHelper.sortMethods() took 0 ms.
2026-01-28 10:55:05 INFO  Utils:112 - [Utils] MethodGroupsHelper.collectMethodsByGroup() took 0 ms.
2026-01-28 10:55:05 INFO  Utils:112 - [Utils] MethodGroupsHelper.sortMethods() took 0 ms.
2026-01-28 10:55:05 INFO  Utils:112 - [Utils] MethodGroupsHelper.collectMethodsByGroup() took 0 ms.
2026-01-28 10:55:05 INFO  Utils:112 - [Utils] MethodGroupsHelper.sortMethods() took 0 ms.
2026-01-28 10:55:05 INFO  Utils:112 - [Utils] MethodGroupsHelper.collectMethodsByGroup() took 0 ms.
2026-01-28 10:55:05 INFO  Utils:112 - [Utils] MethodGroupsHelper.sortMethods() took 0 ms.
2026-01-28 10:55:05 INFO  Utils:112 - [Utils] MethodGroupsHelper.collectMethodsByGroup() took 15 ms.
2026-01-28 10:55:05 INFO  Utils:112 - [Utils] MethodGroupsHelper.sortMethods() took 10 ms.
2026-01-28 10:55:05 INFO  Utils:112 - [Utils] MethodGroupsHelper.collectMethodsByGroup() took 0 ms.
2026-01-28 10:55:05 INFO  Utils:112 - [Utils] MethodGroupsHelper.sortMethods() took 0 ms.
2026-01-28 10:55:05 INFO  Utils:112 - [Utils] MethodGroupsHelper.collectMethodsByGroup() took 0 ms.
2026-01-28 10:55:05 INFO  Utils:112 - [Utils] MethodGroupsHelper.sortMethods() took 0 ms.
2026-01-28 10:55:05 INFO  Utils:112 - [TestNG] Running:
  C:\Users\2457143\IdeaProjects\DevProfileAutomationFramework\testnggrid.xml

2026-01-28 10:55:05 INFO  Utils:112 - [ThreadUtil] Starting executor timeOut:2147483647ms workers:1 threadPoolSize:5
2026-01-28 10:55:05 INFO  Utils:112 - [Utils] DynamicGraphHelper.createDynamicGraph() took 0 ms.
2026-01-28 10:55:12 INFO  ProfileStatisticsUITest:19 - Checking the url status
2026-01-28 10:55:12 INFO  ProfileStatisticsUITest:23 - Test Passed
2026-01-28 10:55:12 INFO  ProfileStatisticsUITest:29 - ProfileStatistics_TC001 completed
2026-01-28 10:55:12 INFO  ProfileStatisticsUITest:33 - Starting ProfileStatistics_TC002()
2026-01-28 10:55:13 INFO  ProfileStatisticsUITest:40 - Test Passed
2026-01-28 10:55:13 INFO  ProfileStatisticsUITest:45 - ProfileStatistics_TC002 completed
2026-01-28 10:55:13 INFO  ProfileStatisticsUITest:49 - Starting ProfileStatistics_TC003()
2026-01-28 10:55:13 INFO  ProfileStatisticsUITest:61 - Test Passed
2026-01-28 10:55:13 INFO  ProfileStatisticsUITest:66 - ProfileStatistics_TC003 completed
2026-01-28 10:55:13 INFO  ProfileStatisticsUITest:70 - Starting ProfileStatistics_TC004()
2026-01-28 10:55:28 INFO  ProfileStatisticsUITest:86 - tests Passed
2026-01-28 10:55:28 INFO  ProfileStatisticsUITest:91 - ProfileStatistics_TC004 completed
2026-01-28 10:55:28 INFO  ProfileStatisticsUITest:96 - Starting ProfileStatistics_TC005()
2026-01-28 10:55:29 INFO  ProfileStatisticsUITest:111 - Test passed
2026-01-28 10:55:29 INFO  ProfileStatisticsUITest:116 - ProfileStatistics_TC005 completed
2026-01-28 10:55:29 INFO  ProfileStatisticsUITest:120 - Starting ProfileStatistics_TC006()
2026-01-28 10:55:29 INFO  ProfileStatisticsUITest:124 - Test Passed
2026-01-28 10:55:29 INFO  ProfileStatisticsUITest:129 - ProfileStatistics_TC006 completed
2026-01-28 10:55:41 INFO  ProfileStatisticsFunctionality:39 - ***** Starting Test Cases  ****
2026-01-28 10:55:42 INFO  ProfileStatisticsFunctionality:45 - Entering user details
2026-01-28 10:55:43 INFO  ProfileStatisticsFunctionality:47 - Validating the profile highlights
2026-01-28 10:55:45 INFO  ProfileStatisticsFunctionality:68 - TestCase passed
2026-01-28 10:55:45 INFO  ProfileStatisticsFunctionality:76 - Test Case finished
2026-01-28 10:55:45 INFO  ProfileStatisticsFunctionality:39 - ***** Starting Test Cases  ****
2026-01-28 10:55:46 INFO  ProfileStatisticsFunctionality:45 - Entering user details
2026-01-28 10:55:46 INFO  ProfileStatisticsFunctionality:47 - Validating the profile highlights
2026-01-28 10:55:49 INFO  ProfileStatisticsFunctionality:68 - TestCase passed
2026-01-28 10:55:49 INFO  ProfileStatisticsFunctionality:76 - Test Case finished
2026-01-28 10:55:49 INFO  ProfileStatisticsFunctionality:39 - ***** Starting Test Cases  ****
2026-01-28 10:55:49 INFO  ProfileStatisticsFunctionality:45 - Entering user details
2026-01-28 10:55:50 INFO  ProfileStatisticsFunctionality:47 - Validating the profile highlights
2026-01-28 10:55:52 INFO  ProfileStatisticsFunctionality:68 - TestCase passed
2026-01-28 10:55:52 INFO  ProfileStatisticsFunctionality:76 - Test Case finished
2026-01-28 10:55:52 INFO  ProfileStatisticsFunctionality:39 - ***** Starting Test Cases  ****
2026-01-28 10:55:52 INFO  ProfileStatisticsFunctionality:45 - Entering user details
2026-01-28 10:55:53 INFO  ProfileStatisticsFunctionality:47 - Validating the profile highlights
2026-01-28 10:55:55 ERROR ProfileStatisticsFunctionality:70 - Test Failed:Profile Highlights doesn't match expected [Please fill out this field.(Full Name)] but found [You are a Intermediate developer with 3 years of experience.
You've completed 2 projects (1 websites and 1 apps).
You focus on quality over quantity with 0.7 projects per year.
You have a balanced portfolio across web and app development.]
2026-01-28 10:55:55 INFO  ProfileStatisticsFunctionality:76 - Test Case finished
2026-01-28 10:55:55 INFO  ProfileStatisticsFunctionality:39 - ***** Starting Test Cases  ****
2026-01-28 10:55:55 INFO  ProfileStatisticsFunctionality:45 - Entering user details
2026-01-28 10:55:56 INFO  ProfileStatisticsFunctionality:47 - Validating the profile highlights
2026-01-28 10:55:58 INFO  ProfileStatisticsFunctionality:68 - TestCase passed
2026-01-28 10:55:58 INFO  ProfileStatisticsFunctionality:76 - Test Case finished
2026-01-28 10:55:58 INFO  ProfileStatisticsFunctionality:39 - ***** Starting Test Cases  ****
2026-01-28 10:55:59 INFO  ProfileStatisticsFunctionality:45 - Entering user details
2026-01-28 10:55:59 INFO  ProfileStatisticsFunctionality:47 - Validating the profile highlights
2026-01-28 10:56:02 INFO  ProfileStatisticsFunctionality:68 - TestCase passed
2026-01-28 10:56:02 INFO  ProfileStatisticsFunctionality:76 - Test Case finished
2026-01-28 10:56:02 INFO  ProfileStatisticsFunctionality:39 - ***** Starting Test Cases  ****
2026-01-28 10:56:02 INFO  ProfileStatisticsFunctionality:45 - Entering user details
2026-01-28 10:56:02 INFO  ProfileStatisticsFunctionality:47 - Validating the profile highlights
2026-01-28 10:56:05 INFO  ProfileStatisticsFunctionality:68 - TestCase passed
2026-01-28 10:56:05 INFO  ProfileStatisticsFunctionality:76 - Test Case finished
2026-01-28 10:56:05 INFO  ProfileStatisticsFunctionality:39 - ***** Starting Test Cases  ****
2026-01-28 10:56:05 INFO  ProfileStatisticsFunctionality:45 - Entering user details
2026-01-28 10:56:06 INFO  ProfileStatisticsFunctionality:47 - Validating the profile highlights
2026-01-28 10:56:08 ERROR ProfileStatisticsFunctionality:70 - Test Failed:Profile Highlights doesn't match expected [Key Skills must be comma seperated] but found [You are a Advanced developer with 7 years of experience.
You've completed 3 projects (2 websites and 1 apps).
You focus on quality over quantity with 0.4 projects per year.
You have a balanced portfolio across web and app development.]
2026-01-28 10:56:08 INFO  ProfileStatisticsFunctionality:76 - Test Case finished
2026-01-28 10:56:08 INFO  ProfileStatisticsFunctionality:39 - ***** Starting Test Cases  ****
2026-01-28 10:56:08 INFO  ProfileStatisticsFunctionality:45 - Entering user details
2026-01-28 10:56:09 INFO  ProfileStatisticsFunctionality:47 - Validating the profile highlights
2026-01-28 10:56:11 ERROR ProfileStatisticsFunctionality:70 - Test Failed:Profile Highlights doesn't match expected [Name Should have Characters] but found [You are a Intermediate developer with 3 years of experience.
You've completed 2 projects (1 websites and 1 apps).
You focus on quality over quantity with 0.7 projects per year.
You have a balanced portfolio across web and app development.]
2026-01-28 10:56:11 INFO  ProfileStatisticsFunctionality:76 - Test Case finished
2026-01-28 10:56:11 INFO  ProfileStatisticsFunctionality:39 - ***** Starting Test Cases  ****
2026-01-28 10:56:11 INFO  ProfileStatisticsFunctionality:45 - Entering user details
2026-01-28 10:56:12 INFO  ProfileStatisticsFunctionality:47 - Validating the profile highlights
2026-01-28 10:56:14 INFO  ProfileStatisticsFunctionality:68 - TestCase passed
2026-01-28 10:56:14 INFO  ProfileStatisticsFunctionality:76 - Test Case finished
2026-01-28 10:56:14 INFO  ProfileStatisticsFunctionality:39 - ***** Starting Test Cases  ****
2026-01-28 10:56:15 INFO  ProfileStatisticsFunctionality:45 - Entering user details
2026-01-28 10:56:15 INFO  ProfileStatisticsFunctionality:47 - Validating the profile highlights
2026-01-28 10:56:17 ERROR ProfileStatisticsFunctionality:70 - Test Failed:Profile Highlights doesn't match expected [Please fill out this field.(Email)] but found [You are a Intermediate developer with 2 years of experience.
You've completed 4 projects (3 websites and 1 apps).
You have good productivity with 2.0 projects per year.
You specialize in web development. Consider expanding your app development skills.]
2026-01-28 10:56:18 INFO  ProfileStatisticsFunctionality:76 - Test Case finished
2026-01-28 10:56:18 INFO  ProfileStatisticsFunctionality:39 - ***** Starting Test Cases  ****
2026-01-28 10:56:18 INFO  ProfileStatisticsFunctionality:45 - Entering user details
2026-01-28 10:56:18 INFO  ProfileStatisticsFunctionality:47 - Validating the profile highlights
2026-01-28 10:56:21 INFO  ProfileStatisticsFunctionality:68 - TestCase passed
2026-01-28 10:56:21 INFO  ProfileStatisticsFunctionality:76 - Test Case finished
2026-01-28 10:56:21 INFO  ProfileStatisticsFunctionality:39 - ***** Starting Test Cases  ****
2026-01-28 10:56:21 INFO  ProfileStatisticsFunctionality:45 - Entering user details
2026-01-28 10:56:22 INFO  ProfileStatisticsFunctionality:47 - Validating the profile highlights
2026-01-28 10:56:24 INFO  ProfileStatisticsFunctionality:68 - TestCase passed
2026-01-28 10:56:24 INFO  ProfileStatisticsFunctionality:76 - Test Case finished
2026-01-28 10:56:24 INFO  ProfileStatisticsFunctionality:39 - ***** Starting Test Cases  ****
2026-01-28 10:56:24 INFO  ProfileStatisticsFunctionality:45 - Entering user details
2026-01-28 10:56:25 INFO  ProfileStatisticsFunctionality:47 - Validating the profile highlights
2026-01-28 10:56:25 INFO  ProfileStatisticsFunctionality:39 - ***** Starting Test Cases  ****
2026-01-28 10:56:25 INFO  ProfileStatisticsFunctionality:45 - Entering user details
2026-01-28 10:56:26 INFO  ProfileStatisticsFunctionality:47 - Validating the profile highlights
2026-01-28 10:56:28 INFO  ProfileStatisticsFunctionality:68 - TestCase passed
2026-01-28 10:56:28 INFO  ProfileStatisticsFunctionality:76 - Test Case finished
2026-01-28 10:56:28 INFO  ProfileStatisticsFunctionality:39 - ***** Starting Test Cases  ****
2026-01-28 10:56:28 INFO  ProfileStatisticsFunctionality:45 - Entering user details
2026-01-28 10:56:29 INFO  ProfileStatisticsFunctionality:47 - Validating the profile highlights
2026-01-28 10:56:31 INFO  ProfileStatisticsFunctionality:68 - TestCase passed
2026-01-28 10:56:31 INFO  ProfileStatisticsFunctionality:76 - Test Case finished
2026-01-28 10:56:31 INFO  ProfileStatisticsFunctionality:39 - ***** Starting Test Cases  ****
2026-01-28 10:56:31 INFO  ProfileStatisticsFunctionality:45 - Entering user details
2026-01-28 10:56:32 INFO  ProfileStatisticsFunctionality:47 - Validating the profile highlights
2026-01-28 10:56:34 INFO  ProfileStatisticsFunctionality:68 - TestCase passed
2026-01-28 10:56:34 INFO  ProfileStatisticsFunctionality:76 - Test Case finished
2026-01-28 10:56:34 INFO  ProfileStatisticsFunctionality:39 - ***** Starting Test Cases  ****
2026-01-28 10:56:35 INFO  ProfileStatisticsFunctionality:45 - Entering user details
2026-01-28 10:56:35 INFO  ProfileStatisticsFunctionality:47 - Validating the profile highlights
2026-01-28 10:56:38 INFO  ProfileStatisticsFunctionality:68 - TestCase passed
2026-01-28 10:56:38 INFO  ProfileStatisticsFunctionality:76 - Test Case finished
2026-01-28 10:56:38 INFO  ProfileStatisticsFunctionality:39 - ***** Starting Test Cases  ****
2026-01-28 10:56:38 INFO  ProfileStatisticsFunctionality:45 - Entering user details
2026-01-28 10:56:39 INFO  ProfileStatisticsFunctionality:47 - Validating the profile highlights
2026-01-28 10:56:41 ERROR ProfileStatisticsFunctionality:70 - Test Failed:Profile Highlights doesn't match expected [Please fill out this field.(Current Job Role)] but found [You are a Beginner developer with 1 years of experience.
You've completed 0 projects (0 websites and 0 apps).
You focus on quality over quantity with 0.0 projects per year.
You have a balanced portfolio across web and app development.]
2026-01-28 10:56:41 INFO  ProfileStatisticsFunctionality:76 - Test Case finished
2026-01-28 10:56:41 INFO  ProfileStatisticsFunctionality:39 - ***** Starting Test Cases  ****
2026-01-28 10:56:41 INFO  ProfileStatisticsFunctionality:45 - Entering user details
2026-01-28 10:56:42 INFO  ProfileStatisticsFunctionality:47 - Validating the profile highlights
2026-01-28 10:56:44 INFO  ProfileStatisticsFunctionality:68 - TestCase passed
2026-01-28 10:56:44 INFO  ProfileStatisticsFunctionality:76 - Test Case finished
2026-01-28 10:56:44 INFO  ProfileStatisticsFunctionality:39 - ***** Starting Test Cases  ****
2026-01-28 10:56:44 INFO  ProfileStatisticsFunctionality:45 - Entering user details
2026-01-28 10:56:45 INFO  ProfileStatisticsFunctionality:47 - Validating the profile highlights
2026-01-28 10:56:47 ERROR ProfileStatisticsFunctionality:70 - Test Failed:Profile Highlights doesn't match expected [Please fill in all required fields] but found [You are a Intermediate developer with 3 years of experience.
You've completed 1 projects (0 websites and 1 apps).
You focus on quality over quantity with 0.3 projects per year.
You specialize in app development. Consider exploring more web projects.]
2026-01-28 10:56:47 INFO  ProfileStatisticsFunctionality:76 - Test Case finished
2026-01-28 10:56:47 INFO  ProfileStatisticsFunctionality:39 - ***** Starting Test Cases  ****
2026-01-28 10:56:48 INFO  ProfileStatisticsFunctionality:45 - Entering user details
2026-01-28 10:56:48 INFO  ProfileStatisticsFunctionality:47 - Validating the profile highlights
2026-01-28 10:56:50 ERROR ProfileStatisticsFunctionality:70 - Test Failed:Profile Highlights doesn't match expected [Please fill in all required fields] but found [You are a Intermediate developer with 2 years of experience.
You've completed 1 projects (1 websites and 0 apps).
You focus on quality over quantity with 0.5 projects per year.
You specialize in web development. Consider expanding your app development skills.]
2026-01-28 10:56:51 INFO  ProfileStatisticsFunctionality:76 - Test Case finished
2026-01-28 10:56:51 INFO  ProfileStatisticsFunctionality:39 - ***** Starting Test Cases  ****
2026-01-28 10:56:51 INFO  ProfileStatisticsFunctionality:45 - Entering user details
2026-01-28 10:56:51 INFO  ProfileStatisticsFunctionality:47 - Validating the profile highlights
2026-01-28 10:56:54 ERROR ProfileStatisticsFunctionality:70 - Test Failed:Profile Highlights doesn't match expected [Please fill in all required fields] but found [You are a Advanced developer with 5 years of experience.
You've completed 0 projects (0 websites and 0 apps).
You focus on quality over quantity with 0.0 projects per year.
You have a balanced portfolio across web and app development.]
2026-01-28 10:56:54 INFO  ProfileStatisticsFunctionality:76 - Test Case finished
2026-01-28 10:57:02 INFO  PortifoliopageUiTest:36 - Starting the UI testing of portfolio page
2026-01-28 10:57:02 INFO  PortifoliopageUiTest:58 - Sarting  Portpagetitle test
2026-01-28 10:57:02 INFO  PortifoliopageUiTest:61 - Test passed
2026-01-28 10:57:02 INFO  PortifoliopageUiTest:67 - Test Cases completed
2026-01-28 10:57:02 INFO  PortifoliopageUiTest:71 - Starting Pageurl test
2026-01-28 10:57:03 INFO  PortifoliopageUiTest:74 - Test passed
2026-01-28 10:57:03 INFO  PortifoliopageUiTest:80 - Test Cases completed
2026-01-28 10:57:03 INFO  PortifoliopageUiTest:85 - Starting PageheaderTitle test
2026-01-28 10:57:03 INFO  PortifoliopageUiTest:88 - Test passed
2026-01-28 10:57:03 INFO  PortifoliopageUiTest:94 - Test Cases completed
2026-01-28 10:57:03 INFO  PortifoliopageUiTest:98 - Stating Pageheadersubtitle test
2026-01-28 10:57:03 INFO  PortifoliopageUiTest:101 - Test passed
2026-01-28 10:57:03 INFO  PortifoliopageUiTest:107 - Test Cases completed
2026-01-28 10:57:03 INFO  PortifoliopageUiTest:111 - Starting Avatar Test
2026-01-28 10:57:03 INFO  PortifoliopageUiTest:122 - Test passed
2026-01-28 10:57:03 INFO  PortifoliopageUiTest:128 - Test Cases completed
2026-01-28 10:57:03 INFO  PortifoliopageUiTest:132 - Starting fullNamecheck
2026-01-28 10:57:03 INFO  PortifoliopageUiTest:135 - Test Passed
2026-01-28 10:57:03 INFO  PortifoliopageUiTest:141 - Test Cases completed
2026-01-28 10:57:03 INFO  PortifoliopageUiTest:145 - Starting jobTitelcheck
2026-01-28 10:57:03 INFO  PortifoliopageUiTest:148 - Test Passed
2026-01-28 10:57:03 INFO  PortifoliopageUiTest:154 - Test Cases completed
2026-01-28 10:57:03 INFO  PortifoliopageUiTest:158 - Starting emailCheck
2026-01-28 10:57:03 INFO  PortifoliopageUiTest:161 - Test Passed
2026-01-28 10:57:03 INFO  PortifoliopageUiTest:167 - Test Cases completed
2026-01-28 10:57:03 INFO  PortifoliopageUiTest:172 - Starting experienceStats
2026-01-28 10:57:03 INFO  PortifoliopageUiTest:175 - Test Passed
2026-01-28 10:57:03 INFO  PortifoliopageUiTest:181 - Test Cases completed
2026-01-28 10:57:03 INFO  PortifoliopageUiTest:185 - Starting experienceStatsHeader
2026-01-28 10:57:03 INFO  PortifoliopageUiTest:188 - Test passed
2026-01-28 10:57:03 INFO  PortifoliopageUiTest:194 - Test Cases completed
2026-01-28 10:57:03 INFO  PortifoliopageUiTest:198 - Starting websitesCheck
2026-01-28 10:57:03 INFO  PortifoliopageUiTest:202 - Test passed
2026-01-28 10:57:03 INFO  PortifoliopageUiTest:208 - Test Cases completed
2026-01-28 10:57:03 INFO  PortifoliopageUiTest:213 - Starting appsCheck
2026-01-28 10:57:03 INFO  PortifoliopageUiTest:217 - Test passed
2026-01-28 10:57:03 INFO  PortifoliopageUiTest:223 - Test Cases completed
2026-01-28 10:57:03 INFO  PortifoliopageUiTest:228 - Starting skillsHeader
2026-01-28 10:57:03 INFO  PortifoliopageUiTest:233 - Test passed
2026-01-28 10:57:03 INFO  PortifoliopageUiTest:239 - Test Cases completed
2026-01-28 10:57:03 INFO  PortifoliopageUiTest:244 - Starting skillsCheck
2026-01-28 10:57:03 INFO  PortifoliopageUiTest:251 - Test passed
2026-01-28 10:57:03 INFO  PortifoliopageUiTest:257 - Test Cases completed
2026-01-28 10:57:03 INFO  PortifoliopageUiTest:262 - Starting profileHighlightsHeader
2026-01-28 10:57:03 INFO  PortifoliopageUiTest:265 - Test passed
2026-01-28 10:57:03 INFO  PortifoliopageUiTest:271 - Test Cases completed
2026-01-28 10:57:03 INFO  PortifoliopageUiTest:289 - Starting experienceBadge
2026-01-28 10:57:03 INFO  PortifoliopageUiTest:303 - Test passed
2026-01-28 10:57:03 INFO  PortifoliopageUiTest:309 - Test Cases completed
2026-01-28 10:57:04 INFO  PortifoliopageUiTest:36 - Starting the UI testing of portfolio page
2026-01-28 10:57:04 INFO  PortifoliopageUiTest:58 - Sarting  Portpagetitle test
2026-01-28 10:57:04 INFO  PortifoliopageUiTest:61 - Test passed
2026-01-28 10:57:04 INFO  PortifoliopageUiTest:67 - Test Cases completed
2026-01-28 10:57:04 INFO  PortifoliopageUiTest:71 - Starting Pageurl test
2026-01-28 10:57:04 INFO  PortifoliopageUiTest:74 - Test passed
2026-01-28 10:57:04 INFO  PortifoliopageUiTest:80 - Test Cases completed
2026-01-28 10:57:04 INFO  PortifoliopageUiTest:85 - Starting PageheaderTitle test
2026-01-28 10:57:04 INFO  PortifoliopageUiTest:88 - Test passed
2026-01-28 10:57:04 INFO  PortifoliopageUiTest:94 - Test Cases completed
2026-01-28 10:57:04 INFO  PortifoliopageUiTest:98 - Stating Pageheadersubtitle test
2026-01-28 10:57:04 INFO  PortifoliopageUiTest:101 - Test passed
2026-01-28 10:57:04 INFO  PortifoliopageUiTest:107 - Test Cases completed
2026-01-28 10:57:04 INFO  PortifoliopageUiTest:111 - Starting Avatar Test
2026-01-28 10:57:05 INFO  PortifoliopageUiTest:122 - Test passed
2026-01-28 10:57:05 INFO  PortifoliopageUiTest:128 - Test Cases completed
2026-01-28 10:57:05 INFO  PortifoliopageUiTest:132 - Starting fullNamecheck
2026-01-28 10:57:05 INFO  PortifoliopageUiTest:135 - Test Passed
2026-01-28 10:57:05 INFO  PortifoliopageUiTest:141 - Test Cases completed
2026-01-28 10:57:05 INFO  PortifoliopageUiTest:145 - Starting jobTitelcheck
2026-01-28 10:57:05 INFO  PortifoliopageUiTest:148 - Test Passed
2026-01-28 10:57:05 INFO  PortifoliopageUiTest:154 - Test Cases completed
2026-01-28 10:57:05 INFO  PortifoliopageUiTest:158 - Starting emailCheck
2026-01-28 10:57:05 INFO  PortifoliopageUiTest:161 - Test Passed
2026-01-28 10:57:05 INFO  PortifoliopageUiTest:167 - Test Cases completed
2026-01-28 10:57:05 INFO  PortifoliopageUiTest:172 - Starting experienceStats
2026-01-28 10:57:05 INFO  PortifoliopageUiTest:175 - Test Passed
2026-01-28 10:57:05 INFO  PortifoliopageUiTest:181 - Test Cases completed
2026-01-28 10:57:05 INFO  PortifoliopageUiTest:185 - Starting experienceStatsHeader
2026-01-28 10:57:05 INFO  PortifoliopageUiTest:188 - Test passed
2026-01-28 10:57:05 INFO  PortifoliopageUiTest:194 - Test Cases completed
2026-01-28 10:57:05 INFO  PortifoliopageUiTest:198 - Starting websitesCheck
2026-01-28 10:57:05 INFO  PortifoliopageUiTest:202 - Test passed
2026-01-28 10:57:05 INFO  PortifoliopageUiTest:208 - Test Cases completed
2026-01-28 10:57:05 INFO  PortifoliopageUiTest:213 - Starting appsCheck
2026-01-28 10:57:05 INFO  PortifoliopageUiTest:217 - Test passed
2026-01-28 10:57:05 INFO  PortifoliopageUiTest:223 - Test Cases completed
2026-01-28 10:57:05 INFO  PortifoliopageUiTest:228 - Starting skillsHeader
2026-01-28 10:57:05 INFO  PortifoliopageUiTest:233 - Test passed
2026-01-28 10:57:05 INFO  PortifoliopageUiTest:239 - Test Cases completed
2026-01-28 10:57:05 INFO  PortifoliopageUiTest:244 - Starting skillsCheck
2026-01-28 10:57:05 INFO  PortifoliopageUiTest:251 - Test passed
2026-01-28 10:57:05 INFO  PortifoliopageUiTest:257 - Test Cases completed
2026-01-28 10:57:05 INFO  PortifoliopageUiTest:262 - Starting profileHighlightsHeader
2026-01-28 10:57:05 INFO  PortifoliopageUiTest:265 - Test passed
2026-01-28 10:57:05 INFO  PortifoliopageUiTest:271 - Test Cases completed
2026-01-28 10:57:05 INFO  PortifoliopageUiTest:289 - Starting experienceBadge
2026-01-28 10:57:05 INFO  PortifoliopageUiTest:303 - Test passed
2026-01-28 10:57:05 INFO  PortifoliopageUiTest:309 - Test Cases completed
2026-01-28 10:57:06 INFO  PortifoliopageUiTest:36 - Starting the UI testing of portfolio page
2026-01-28 10:57:06 INFO  PortifoliopageUiTest:58 - Sarting  Portpagetitle test
2026-01-28 10:57:06 INFO  PortifoliopageUiTest:61 - Test passed
2026-01-28 10:57:06 INFO  PortifoliopageUiTest:67 - Test Cases completed
2026-01-28 10:57:06 INFO  PortifoliopageUiTest:71 - Starting Pageurl test
2026-01-28 10:57:06 INFO  PortifoliopageUiTest:74 - Test passed
2026-01-28 10:57:06 INFO  PortifoliopageUiTest:80 - Test Cases completed
2026-01-28 10:57:06 INFO  PortifoliopageUiTest:85 - Starting PageheaderTitle test
2026-01-28 10:57:06 INFO  PortifoliopageUiTest:88 - Test passed
2026-01-28 10:57:06 INFO  PortifoliopageUiTest:94 - Test Cases completed
2026-01-28 10:57:06 INFO  PortifoliopageUiTest:98 - Stating Pageheadersubtitle test
2026-01-28 10:57:06 INFO  PortifoliopageUiTest:101 - Test passed
2026-01-28 10:57:06 INFO  PortifoliopageUiTest:107 - Test Cases completed
2026-01-28 10:57:06 INFO  PortifoliopageUiTest:111 - Starting Avatar Test
2026-01-28 10:57:06 INFO  PortifoliopageUiTest:122 - Test passed
2026-01-28 10:57:06 INFO  PortifoliopageUiTest:128 - Test Cases completed
2026-01-28 10:57:06 INFO  PortifoliopageUiTest:132 - Starting fullNamecheck
2026-01-28 10:57:06 INFO  PortifoliopageUiTest:135 - Test Passed
2026-01-28 10:57:06 INFO  PortifoliopageUiTest:141 - Test Cases completed
2026-01-28 10:57:06 INFO  PortifoliopageUiTest:145 - Starting jobTitelcheck
2026-01-28 10:57:06 INFO  PortifoliopageUiTest:148 - Test Passed
2026-01-28 10:57:06 INFO  PortifoliopageUiTest:154 - Test Cases completed
2026-01-28 10:57:06 INFO  PortifoliopageUiTest:158 - Starting emailCheck
2026-01-28 10:57:06 INFO  PortifoliopageUiTest:161 - Test Passed
2026-01-28 10:57:06 INFO  PortifoliopageUiTest:167 - Test Cases completed
2026-01-28 10:57:06 INFO  PortifoliopageUiTest:172 - Starting experienceStats
2026-01-28 10:57:06 INFO  PortifoliopageUiTest:175 - Test Passed
2026-01-28 10:57:06 INFO  PortifoliopageUiTest:181 - Test Cases completed
2026-01-28 10:57:06 INFO  PortifoliopageUiTest:185 - Starting experienceStatsHeader
2026-01-28 10:57:06 INFO  PortifoliopageUiTest:188 - Test passed
2026-01-28 10:57:06 INFO  PortifoliopageUiTest:194 - Test Cases completed
2026-01-28 10:57:06 INFO  PortifoliopageUiTest:198 - Starting websitesCheck
2026-01-28 10:57:06 INFO  PortifoliopageUiTest:202 - Test passed
2026-01-28 10:57:06 INFO  PortifoliopageUiTest:208 - Test Cases completed
2026-01-28 10:57:06 INFO  PortifoliopageUiTest:213 - Starting appsCheck
2026-01-28 10:57:06 INFO  PortifoliopageUiTest:217 - Test passed
2026-01-28 10:57:06 INFO  PortifoliopageUiTest:223 - Test Cases completed
2026-01-28 10:57:06 INFO  PortifoliopageUiTest:228 - Starting skillsHeader
2026-01-28 10:57:06 INFO  PortifoliopageUiTest:233 - Test passed
2026-01-28 10:57:06 INFO  PortifoliopageUiTest:239 - Test Cases completed
2026-01-28 10:57:06 INFO  PortifoliopageUiTest:244 - Starting skillsCheck
2026-01-28 10:57:06 INFO  PortifoliopageUiTest:251 - Test passed
2026-01-28 10:57:06 INFO  PortifoliopageUiTest:257 - Test Cases completed
2026-01-28 10:57:06 INFO  PortifoliopageUiTest:262 - Starting profileHighlightsHeader
2026-01-28 10:57:06 INFO  PortifoliopageUiTest:265 - Test passed
2026-01-28 10:57:06 INFO  PortifoliopageUiTest:271 - Test Cases completed
2026-01-28 10:57:06 INFO  PortifoliopageUiTest:289 - Starting experienceBadge
2026-01-28 10:57:06 INFO  PortifoliopageUiTest:303 - Test passed
2026-01-28 10:57:06 INFO  PortifoliopageUiTest:309 - Test Cases completed
2026-01-28 10:57:07 INFO  PortifoliopageUiTest:36 - Starting the UI testing of portfolio page
2026-01-28 10:57:07 INFO  PortifoliopageUiTest:58 - Sarting  Portpagetitle test
2026-01-28 10:57:07 INFO  PortifoliopageUiTest:61 - Test passed
2026-01-28 10:57:07 INFO  PortifoliopageUiTest:67 - Test Cases completed
2026-01-28 10:57:07 INFO  PortifoliopageUiTest:71 - Starting Pageurl test
2026-01-28 10:57:07 INFO  PortifoliopageUiTest:74 - Test passed
2026-01-28 10:57:07 INFO  PortifoliopageUiTest:80 - Test Cases completed
2026-01-28 10:57:07 INFO  PortifoliopageUiTest:85 - Starting PageheaderTitle test
2026-01-28 10:57:07 INFO  PortifoliopageUiTest:88 - Test passed
2026-01-28 10:57:07 INFO  PortifoliopageUiTest:94 - Test Cases completed
2026-01-28 10:57:07 INFO  PortifoliopageUiTest:98 - Stating Pageheadersubtitle test
2026-01-28 10:57:08 INFO  PortifoliopageUiTest:101 - Test passed
2026-01-28 10:57:08 INFO  PortifoliopageUiTest:107 - Test Cases completed
2026-01-28 10:57:08 INFO  PortifoliopageUiTest:111 - Starting Avatar Test
2026-01-28 10:57:08 INFO  PortifoliopageUiTest:122 - Test passed
2026-01-28 10:57:08 INFO  PortifoliopageUiTest:128 - Test Cases completed
2026-01-28 10:57:08 INFO  PortifoliopageUiTest:132 - Starting fullNamecheck
2026-01-28 10:57:08 INFO  PortifoliopageUiTest:135 - Test Passed
2026-01-28 10:57:08 INFO  PortifoliopageUiTest:141 - Test Cases completed
2026-01-28 10:57:08 INFO  PortifoliopageUiTest:145 - Starting jobTitelcheck
2026-01-28 10:57:08 INFO  PortifoliopageUiTest:148 - Test Passed
2026-01-28 10:57:08 INFO  PortifoliopageUiTest:154 - Test Cases completed
2026-01-28 10:57:08 INFO  PortifoliopageUiTest:158 - Starting emailCheck
2026-01-28 10:57:08 INFO  PortifoliopageUiTest:161 - Test Passed
2026-01-28 10:57:08 INFO  PortifoliopageUiTest:167 - Test Cases completed
2026-01-28 10:57:08 INFO  PortifoliopageUiTest:172 - Starting experienceStats
2026-01-28 10:57:08 INFO  PortifoliopageUiTest:175 - Test Passed
2026-01-28 10:57:08 INFO  PortifoliopageUiTest:181 - Test Cases completed
2026-01-28 10:57:08 INFO  PortifoliopageUiTest:185 - Starting experienceStatsHeader
2026-01-28 10:57:08 INFO  PortifoliopageUiTest:188 - Test passed
2026-01-28 10:57:08 INFO  PortifoliopageUiTest:194 - Test Cases completed
2026-01-28 10:57:08 INFO  PortifoliopageUiTest:198 - Starting websitesCheck
2026-01-28 10:57:08 INFO  PortifoliopageUiTest:202 - Test passed
2026-01-28 10:57:08 INFO  PortifoliopageUiTest:208 - Test Cases completed
2026-01-28 10:57:08 INFO  PortifoliopageUiTest:213 - Starting appsCheck
2026-01-28 10:57:08 INFO  PortifoliopageUiTest:217 - Test passed
2026-01-28 10:57:08 INFO  PortifoliopageUiTest:223 - Test Cases completed
2026-01-28 10:57:08 INFO  PortifoliopageUiTest:228 - Starting skillsHeader
2026-01-28 10:57:08 INFO  PortifoliopageUiTest:233 - Test passed
2026-01-28 10:57:08 INFO  PortifoliopageUiTest:239 - Test Cases completed
2026-01-28 10:57:08 INFO  PortifoliopageUiTest:244 - Starting skillsCheck
2026-01-28 10:57:08 INFO  PortifoliopageUiTest:251 - Test passed
2026-01-28 10:57:08 INFO  PortifoliopageUiTest:257 - Test Cases completed
2026-01-28 10:57:08 INFO  PortifoliopageUiTest:262 - Starting profileHighlightsHeader
2026-01-28 10:57:08 INFO  PortifoliopageUiTest:265 - Test passed
2026-01-28 10:57:08 INFO  PortifoliopageUiTest:271 - Test Cases completed
2026-01-28 10:57:08 INFO  PortifoliopageUiTest:289 - Starting experienceBadge
2026-01-28 10:57:08 INFO  PortifoliopageUiTest:303 - Test passed
2026-01-28 10:57:08 INFO  PortifoliopageUiTest:309 - Test Cases completed
2026-01-28 10:57:09 INFO  PortifoliopageUiTest:36 - Starting the UI testing of portfolio page
2026-01-28 10:57:09 INFO  PortifoliopageUiTest:58 - Sarting  Portpagetitle test
2026-01-28 10:57:09 INFO  PortifoliopageUiTest:61 - Test passed
2026-01-28 10:57:09 INFO  PortifoliopageUiTest:67 - Test Cases completed
2026-01-28 10:57:09 INFO  PortifoliopageUiTest:71 - Starting Pageurl test
2026-01-28 10:57:09 INFO  PortifoliopageUiTest:74 - Test passed
2026-01-28 10:57:09 INFO  PortifoliopageUiTest:80 - Test Cases completed
2026-01-28 10:57:09 INFO  PortifoliopageUiTest:85 - Starting PageheaderTitle test
2026-01-28 10:57:09 INFO  PortifoliopageUiTest:88 - Test passed
2026-01-28 10:57:09 INFO  PortifoliopageUiTest:94 - Test Cases completed
2026-01-28 10:57:09 INFO  PortifoliopageUiTest:98 - Stating Pageheadersubtitle test
2026-01-28 10:57:09 INFO  PortifoliopageUiTest:101 - Test passed
2026-01-28 10:57:09 INFO  PortifoliopageUiTest:107 - Test Cases completed
2026-01-28 10:57:09 INFO  PortifoliopageUiTest:111 - Starting Avatar Test
2026-01-28 10:57:09 INFO  PortifoliopageUiTest:122 - Test passed
2026-01-28 10:57:09 INFO  PortifoliopageUiTest:128 - Test Cases completed
2026-01-28 10:57:09 INFO  PortifoliopageUiTest:132 - Starting fullNamecheck
2026-01-28 10:57:09 INFO  PortifoliopageUiTest:135 - Test Passed
2026-01-28 10:57:09 INFO  PortifoliopageUiTest:141 - Test Cases completed
2026-01-28 10:57:09 INFO  PortifoliopageUiTest:145 - Starting jobTitelcheck
2026-01-28 10:57:09 INFO  PortifoliopageUiTest:148 - Test Passed
2026-01-28 10:57:09 INFO  PortifoliopageUiTest:154 - Test Cases completed
2026-01-28 10:57:09 INFO  PortifoliopageUiTest:158 - Starting emailCheck
2026-01-28 10:57:09 INFO  PortifoliopageUiTest:161 - Test Passed
2026-01-28 10:57:09 INFO  PortifoliopageUiTest:167 - Test Cases completed
2026-01-28 10:57:09 INFO  PortifoliopageUiTest:172 - Starting experienceStats
2026-01-28 10:57:09 INFO  PortifoliopageUiTest:175 - Test Passed
2026-01-28 10:57:09 INFO  PortifoliopageUiTest:181 - Test Cases completed
2026-01-28 10:57:09 INFO  PortifoliopageUiTest:185 - Starting experienceStatsHeader
2026-01-28 10:57:09 INFO  PortifoliopageUiTest:188 - Test passed
2026-01-28 10:57:09 INFO  PortifoliopageUiTest:194 - Test Cases completed
2026-01-28 10:57:09 INFO  PortifoliopageUiTest:198 - Starting websitesCheck
2026-01-28 10:57:09 INFO  PortifoliopageUiTest:202 - Test passed
2026-01-28 10:57:09 INFO  PortifoliopageUiTest:208 - Test Cases completed
2026-01-28 10:57:09 INFO  PortifoliopageUiTest:213 - Starting appsCheck
2026-01-28 10:57:09 INFO  PortifoliopageUiTest:217 - Test passed
2026-01-28 10:57:09 INFO  PortifoliopageUiTest:223 - Test Cases completed
2026-01-28 10:57:09 INFO  PortifoliopageUiTest:228 - Starting skillsHeader
2026-01-28 10:57:09 INFO  PortifoliopageUiTest:233 - Test passed
2026-01-28 10:57:09 INFO  PortifoliopageUiTest:239 - Test Cases completed
2026-01-28 10:57:09 INFO  PortifoliopageUiTest:244 - Starting skillsCheck
2026-01-28 10:57:09 INFO  PortifoliopageUiTest:251 - Test passed
2026-01-28 10:57:09 INFO  PortifoliopageUiTest:257 - Test Cases completed
2026-01-28 10:57:09 INFO  PortifoliopageUiTest:262 - Starting profileHighlightsHeader
2026-01-28 10:57:09 INFO  PortifoliopageUiTest:265 - Test passed
2026-01-28 10:57:09 INFO  PortifoliopageUiTest:271 - Test Cases completed
2026-01-28 10:57:09 INFO  PortifoliopageUiTest:289 - Starting experienceBadge
2026-01-28 10:57:09 INFO  PortifoliopageUiTest:303 - Test passed
2026-01-28 10:57:09 INFO  PortifoliopageUiTest:309 - Test Cases completed
2026-01-28 10:57:11 INFO  PortifoliopageUiTest:36 - Starting the UI testing of portfolio page
2026-01-28 10:57:11 INFO  PortifoliopageUiTest:58 - Sarting  Portpagetitle test
2026-01-28 10:57:11 INFO  PortifoliopageUiTest:61 - Test passed
2026-01-28 10:57:11 INFO  PortifoliopageUiTest:67 - Test Cases completed
2026-01-28 10:57:11 INFO  PortifoliopageUiTest:71 - Starting Pageurl test
2026-01-28 10:57:11 INFO  PortifoliopageUiTest:74 - Test passed
2026-01-28 10:57:11 INFO  PortifoliopageUiTest:80 - Test Cases completed
2026-01-28 10:57:11 INFO  PortifoliopageUiTest:85 - Starting PageheaderTitle test
2026-01-28 10:57:11 INFO  PortifoliopageUiTest:88 - Test passed
2026-01-28 10:57:11 INFO  PortifoliopageUiTest:94 - Test Cases completed
2026-01-28 10:57:11 INFO  PortifoliopageUiTest:98 - Stating Pageheadersubtitle test
2026-01-28 10:57:11 INFO  PortifoliopageUiTest:101 - Test passed
2026-01-28 10:57:11 INFO  PortifoliopageUiTest:107 - Test Cases completed
2026-01-28 10:57:11 INFO  PortifoliopageUiTest:111 - Starting Avatar Test
2026-01-28 10:57:11 INFO  PortifoliopageUiTest:122 - Test passed
2026-01-28 10:57:11 INFO  PortifoliopageUiTest:128 - Test Cases completed
2026-01-28 10:57:11 INFO  PortifoliopageUiTest:132 - Starting fullNamecheck
2026-01-28 10:57:11 INFO  PortifoliopageUiTest:135 - Test Passed
2026-01-28 10:57:11 INFO  PortifoliopageUiTest:141 - Test Cases completed
2026-01-28 10:57:11 INFO  PortifoliopageUiTest:145 - Starting jobTitelcheck
2026-01-28 10:57:11 INFO  PortifoliopageUiTest:148 - Test Passed
2026-01-28 10:57:11 INFO  PortifoliopageUiTest:154 - Test Cases completed
2026-01-28 10:57:11 INFO  PortifoliopageUiTest:158 - Starting emailCheck
2026-01-28 10:57:11 INFO  PortifoliopageUiTest:161 - Test Passed
2026-01-28 10:57:11 INFO  PortifoliopageUiTest:167 - Test Cases completed
2026-01-28 10:57:11 INFO  PortifoliopageUiTest:172 - Starting experienceStats
2026-01-28 10:57:11 INFO  PortifoliopageUiTest:175 - Test Passed
2026-01-28 10:57:11 INFO  PortifoliopageUiTest:181 - Test Cases completed
2026-01-28 10:57:11 INFO  PortifoliopageUiTest:185 - Starting experienceStatsHeader
2026-01-28 10:57:11 INFO  PortifoliopageUiTest:188 - Test passed
2026-01-28 10:57:11 INFO  PortifoliopageUiTest:194 - Test Cases completed
2026-01-28 10:57:11 INFO  PortifoliopageUiTest:198 - Starting websitesCheck
2026-01-28 10:57:11 INFO  PortifoliopageUiTest:202 - Test passed
2026-01-28 10:57:11 INFO  PortifoliopageUiTest:208 - Test Cases completed
2026-01-28 10:57:11 INFO  PortifoliopageUiTest:213 - Starting appsCheck
2026-01-28 10:57:11 INFO  PortifoliopageUiTest:217 - Test passed
2026-01-28 10:57:11 INFO  PortifoliopageUiTest:223 - Test Cases completed
2026-01-28 10:57:11 INFO  PortifoliopageUiTest:228 - Starting skillsHeader
2026-01-28 10:57:11 INFO  PortifoliopageUiTest:233 - Test passed
2026-01-28 10:57:11 INFO  PortifoliopageUiTest:239 - Test Cases completed
2026-01-28 10:57:11 INFO  PortifoliopageUiTest:244 - Starting skillsCheck
2026-01-28 10:57:11 INFO  PortifoliopageUiTest:251 - Test passed
2026-01-28 10:57:11 INFO  PortifoliopageUiTest:257 - Test Cases completed
2026-01-28 10:57:11 INFO  PortifoliopageUiTest:262 - Starting profileHighlightsHeader
2026-01-28 10:57:11 INFO  PortifoliopageUiTest:265 - Test passed
2026-01-28 10:57:11 INFO  PortifoliopageUiTest:271 - Test Cases completed
2026-01-28 10:57:11 INFO  PortifoliopageUiTest:289 - Starting experienceBadge
2026-01-28 10:57:11 INFO  PortifoliopageUiTest:303 - Test passed
2026-01-28 10:57:11 INFO  PortifoliopageUiTest:309 - Test Cases completed
2026-01-28 10:57:12 INFO  PortifoliopageUiTest:36 - Starting the UI testing of portfolio page
2026-01-28 10:57:12 INFO  PortifoliopageUiTest:58 - Sarting  Portpagetitle test
2026-01-28 10:57:12 INFO  PortifoliopageUiTest:61 - Test passed
2026-01-28 10:57:12 INFO  PortifoliopageUiTest:67 - Test Cases completed
2026-01-28 10:57:12 INFO  PortifoliopageUiTest:71 - Starting Pageurl test
2026-01-28 10:57:12 INFO  PortifoliopageUiTest:74 - Test passed
2026-01-28 10:57:12 INFO  PortifoliopageUiTest:80 - Test Cases completed
2026-01-28 10:57:12 INFO  PortifoliopageUiTest:85 - Starting PageheaderTitle test
2026-01-28 10:57:12 INFO  PortifoliopageUiTest:88 - Test passed
2026-01-28 10:57:12 INFO  PortifoliopageUiTest:94 - Test Cases completed
2026-01-28 10:57:12 INFO  PortifoliopageUiTest:98 - Stating Pageheadersubtitle test
2026-01-28 10:57:13 INFO  PortifoliopageUiTest:101 - Test passed
2026-01-28 10:57:13 INFO  PortifoliopageUiTest:107 - Test Cases completed
2026-01-28 10:57:13 INFO  PortifoliopageUiTest:111 - Starting Avatar Test
2026-01-28 10:57:13 INFO  PortifoliopageUiTest:122 - Test passed
2026-01-28 10:57:13 INFO  PortifoliopageUiTest:128 - Test Cases completed
2026-01-28 10:57:13 INFO  PortifoliopageUiTest:132 - Starting fullNamecheck
2026-01-28 10:57:13 INFO  PortifoliopageUiTest:135 - Test Passed
2026-01-28 10:57:13 INFO  PortifoliopageUiTest:141 - Test Cases completed
2026-01-28 10:57:13 INFO  PortifoliopageUiTest:145 - Starting jobTitelcheck
2026-01-28 10:57:13 INFO  PortifoliopageUiTest:148 - Test Passed
2026-01-28 10:57:13 INFO  PortifoliopageUiTest:154 - Test Cases completed
2026-01-28 10:57:13 INFO  PortifoliopageUiTest:158 - Starting emailCheck
2026-01-28 10:57:13 INFO  PortifoliopageUiTest:161 - Test Passed
2026-01-28 10:57:13 INFO  PortifoliopageUiTest:167 - Test Cases completed
2026-01-28 10:57:13 INFO  PortifoliopageUiTest:172 - Starting experienceStats
2026-01-28 10:57:13 INFO  PortifoliopageUiTest:175 - Test Passed
2026-01-28 10:57:13 INFO  PortifoliopageUiTest:181 - Test Cases completed
2026-01-28 10:57:13 INFO  PortifoliopageUiTest:185 - Starting experienceStatsHeader
2026-01-28 10:57:13 INFO  PortifoliopageUiTest:188 - Test passed
2026-01-28 10:57:13 INFO  PortifoliopageUiTest:194 - Test Cases completed
2026-01-28 10:57:13 INFO  PortifoliopageUiTest:198 - Starting websitesCheck
2026-01-28 10:57:13 INFO  PortifoliopageUiTest:202 - Test passed
2026-01-28 10:57:13 INFO  PortifoliopageUiTest:208 - Test Cases completed
2026-01-28 10:57:13 INFO  PortifoliopageUiTest:213 - Starting appsCheck
2026-01-28 10:57:13 INFO  PortifoliopageUiTest:217 - Test passed
2026-01-28 10:57:13 INFO  PortifoliopageUiTest:223 - Test Cases completed
2026-01-28 10:57:13 INFO  PortifoliopageUiTest:228 - Starting skillsHeader
2026-01-28 10:57:13 INFO  PortifoliopageUiTest:233 - Test passed
2026-01-28 10:57:13 INFO  PortifoliopageUiTest:239 - Test Cases completed
2026-01-28 10:57:13 INFO  PortifoliopageUiTest:244 - Starting skillsCheck
2026-01-28 10:57:13 INFO  PortifoliopageUiTest:251 - Test passed
2026-01-28 10:57:13 INFO  PortifoliopageUiTest:257 - Test Cases completed
2026-01-28 10:57:13 INFO  PortifoliopageUiTest:262 - Starting profileHighlightsHeader
2026-01-28 10:57:13 INFO  PortifoliopageUiTest:265 - Test passed
2026-01-28 10:57:13 INFO  PortifoliopageUiTest:271 - Test Cases completed
2026-01-28 10:57:13 INFO  PortifoliopageUiTest:289 - Starting experienceBadge
2026-01-28 10:57:13 INFO  PortifoliopageUiTest:303 - Test passed
2026-01-28 10:57:13 INFO  PortifoliopageUiTest:309 - Test Cases completed
2026-01-28 10:57:14 INFO  PortifoliopageUiTest:36 - Starting the UI testing of portfolio page
2026-01-28 10:57:14 INFO  PortifoliopageUiTest:58 - Sarting  Portpagetitle test
2026-01-28 10:57:14 INFO  PortifoliopageUiTest:61 - Test passed
2026-01-28 10:57:14 INFO  PortifoliopageUiTest:67 - Test Cases completed
2026-01-28 10:57:14 INFO  PortifoliopageUiTest:71 - Starting Pageurl test
2026-01-28 10:57:14 INFO  PortifoliopageUiTest:74 - Test passed
2026-01-28 10:57:14 INFO  PortifoliopageUiTest:80 - Test Cases completed
2026-01-28 10:57:14 INFO  PortifoliopageUiTest:85 - Starting PageheaderTitle test
2026-01-28 10:57:14 INFO  PortifoliopageUiTest:88 - Test passed
2026-01-28 10:57:14 INFO  PortifoliopageUiTest:94 - Test Cases completed
2026-01-28 10:57:14 INFO  PortifoliopageUiTest:98 - Stating Pageheadersubtitle test
2026-01-28 10:57:14 INFO  PortifoliopageUiTest:101 - Test passed
2026-01-28 10:57:14 INFO  PortifoliopageUiTest:107 - Test Cases completed
2026-01-28 10:57:14 INFO  PortifoliopageUiTest:111 - Starting Avatar Test
2026-01-28 10:57:14 INFO  PortifoliopageUiTest:122 - Test passed
2026-01-28 10:57:14 INFO  PortifoliopageUiTest:128 - Test Cases completed
2026-01-28 10:57:14 INFO  PortifoliopageUiTest:132 - Starting fullNamecheck
2026-01-28 10:57:14 INFO  PortifoliopageUiTest:135 - Test Passed
2026-01-28 10:57:14 INFO  PortifoliopageUiTest:141 - Test Cases completed
2026-01-28 10:57:14 INFO  PortifoliopageUiTest:145 - Starting jobTitelcheck
2026-01-28 10:57:14 INFO  PortifoliopageUiTest:148 - Test Passed
2026-01-28 10:57:14 INFO  PortifoliopageUiTest:154 - Test Cases completed
2026-01-28 10:57:14 INFO  PortifoliopageUiTest:158 - Starting emailCheck
2026-01-28 10:57:14 INFO  PortifoliopageUiTest:161 - Test Passed
2026-01-28 10:57:14 INFO  PortifoliopageUiTest:167 - Test Cases completed
2026-01-28 10:57:14 INFO  PortifoliopageUiTest:172 - Starting experienceStats
2026-01-28 10:57:14 INFO  PortifoliopageUiTest:175 - Test Passed
2026-01-28 10:57:14 INFO  PortifoliopageUiTest:181 - Test Cases completed
2026-01-28 10:57:14 INFO  PortifoliopageUiTest:185 - Starting experienceStatsHeader
2026-01-28 10:57:14 INFO  PortifoliopageUiTest:188 - Test passed
2026-01-28 10:57:14 INFO  PortifoliopageUiTest:194 - Test Cases completed
2026-01-28 10:57:14 INFO  PortifoliopageUiTest:198 - Starting websitesCheck
2026-01-28 10:57:14 INFO  PortifoliopageUiTest:202 - Test passed
2026-01-28 10:57:14 INFO  PortifoliopageUiTest:208 - Test Cases completed
2026-01-28 10:57:14 INFO  PortifoliopageUiTest:213 - Starting appsCheck
2026-01-28 10:57:14 INFO  PortifoliopageUiTest:217 - Test passed
2026-01-28 10:57:14 INFO  PortifoliopageUiTest:223 - Test Cases completed
2026-01-28 10:57:14 INFO  PortifoliopageUiTest:228 - Starting skillsHeader
2026-01-28 10:57:15 INFO  PortifoliopageUiTest:233 - Test passed
2026-01-28 10:57:15 INFO  PortifoliopageUiTest:239 - Test Cases completed
2026-01-28 10:57:15 INFO  PortifoliopageUiTest:244 - Starting skillsCheck
2026-01-28 10:57:15 INFO  PortifoliopageUiTest:251 - Test passed
2026-01-28 10:57:15 INFO  PortifoliopageUiTest:257 - Test Cases completed
2026-01-28 10:57:15 INFO  PortifoliopageUiTest:262 - Starting profileHighlightsHeader
2026-01-28 10:57:15 INFO  PortifoliopageUiTest:265 - Test passed
2026-01-28 10:57:15 INFO  PortifoliopageUiTest:271 - Test Cases completed
2026-01-28 10:57:15 INFO  PortifoliopageUiTest:289 - Starting experienceBadge
2026-01-28 10:57:15 INFO  PortifoliopageUiTest:303 - Test passed
2026-01-28 10:57:15 INFO  PortifoliopageUiTest:309 - Test Cases completed
2026-01-28 10:57:16 INFO  PortifoliopageUiTest:36 - Starting the UI testing of portfolio page
2026-01-28 10:57:16 INFO  PortifoliopageUiTest:58 - Sarting  Portpagetitle test
2026-01-28 10:57:16 INFO  PortifoliopageUiTest:61 - Test passed
2026-01-28 10:57:16 INFO  PortifoliopageUiTest:67 - Test Cases completed
2026-01-28 10:57:16 INFO  PortifoliopageUiTest:71 - Starting Pageurl test
2026-01-28 10:57:16 INFO  PortifoliopageUiTest:74 - Test passed
2026-01-28 10:57:16 INFO  PortifoliopageUiTest:80 - Test Cases completed
2026-01-28 10:57:16 INFO  PortifoliopageUiTest:85 - Starting PageheaderTitle test
2026-01-28 10:57:16 INFO  PortifoliopageUiTest:88 - Test passed
2026-01-28 10:57:16 INFO  PortifoliopageUiTest:94 - Test Cases completed
2026-01-28 10:57:16 INFO  PortifoliopageUiTest:98 - Stating Pageheadersubtitle test
2026-01-28 10:57:16 INFO  PortifoliopageUiTest:101 - Test passed
2026-01-28 10:57:16 INFO  PortifoliopageUiTest:107 - Test Cases completed
2026-01-28 10:57:16 INFO  PortifoliopageUiTest:111 - Starting Avatar Test
2026-01-28 10:57:16 INFO  PortifoliopageUiTest:122 - Test passed
2026-01-28 10:57:16 INFO  PortifoliopageUiTest:128 - Test Cases completed
2026-01-28 10:57:16 INFO  PortifoliopageUiTest:132 - Starting fullNamecheck
2026-01-28 10:57:16 INFO  PortifoliopageUiTest:135 - Test Passed
2026-01-28 10:57:16 INFO  PortifoliopageUiTest:141 - Test Cases completed
2026-01-28 10:57:16 INFO  PortifoliopageUiTest:145 - Starting jobTitelcheck
2026-01-28 10:57:16 INFO  PortifoliopageUiTest:148 - Test Passed
2026-01-28 10:57:16 INFO  PortifoliopageUiTest:154 - Test Cases completed
2026-01-28 10:57:16 INFO  PortifoliopageUiTest:158 - Starting emailCheck
2026-01-28 10:57:16 INFO  PortifoliopageUiTest:161 - Test Passed
2026-01-28 10:57:16 INFO  PortifoliopageUiTest:167 - Test Cases completed
2026-01-28 10:57:16 INFO  PortifoliopageUiTest:172 - Starting experienceStats
2026-01-28 10:57:16 INFO  PortifoliopageUiTest:175 - Test Passed
2026-01-28 10:57:16 INFO  PortifoliopageUiTest:181 - Test Cases completed
2026-01-28 10:57:16 INFO  PortifoliopageUiTest:185 - Starting experienceStatsHeader
2026-01-28 10:57:16 INFO  PortifoliopageUiTest:188 - Test passed
2026-01-28 10:57:16 INFO  PortifoliopageUiTest:194 - Test Cases completed
2026-01-28 10:57:16 INFO  PortifoliopageUiTest:198 - Starting websitesCheck
2026-01-28 10:57:16 INFO  PortifoliopageUiTest:202 - Test passed
2026-01-28 10:57:16 INFO  PortifoliopageUiTest:208 - Test Cases completed
2026-01-28 10:57:16 INFO  PortifoliopageUiTest:213 - Starting appsCheck
2026-01-28 10:57:16 INFO  PortifoliopageUiTest:217 - Test passed
2026-01-28 10:57:16 INFO  PortifoliopageUiTest:223 - Test Cases completed
2026-01-28 10:57:16 INFO  PortifoliopageUiTest:228 - Starting skillsHeader
2026-01-28 10:57:16 INFO  PortifoliopageUiTest:233 - Test passed
2026-01-28 10:57:16 INFO  PortifoliopageUiTest:239 - Test Cases completed
2026-01-28 10:57:16 INFO  PortifoliopageUiTest:244 - Starting skillsCheck
2026-01-28 10:57:16 INFO  PortifoliopageUiTest:251 - Test passed
2026-01-28 10:57:16 INFO  PortifoliopageUiTest:257 - Test Cases completed
2026-01-28 10:57:16 INFO  PortifoliopageUiTest:262 - Starting profileHighlightsHeader
2026-01-28 10:57:16 INFO  PortifoliopageUiTest:265 - Test passed
2026-01-28 10:57:16 INFO  PortifoliopageUiTest:271 - Test Cases completed
2026-01-28 10:57:16 INFO  PortifoliopageUiTest:289 - Starting experienceBadge
2026-01-28 10:57:16 INFO  PortifoliopageUiTest:303 - Test passed
2026-01-28 10:57:16 INFO  PortifoliopageUiTest:309 - Test Cases completed
2026-01-28 10:57:17 INFO  PortifoliopageUiTest:36 - Starting the UI testing of portfolio page
2026-01-28 10:57:17 INFO  PortifoliopageUiTest:58 - Sarting  Portpagetitle test
2026-01-28 10:57:17 INFO  PortifoliopageUiTest:61 - Test passed
2026-01-28 10:57:17 INFO  PortifoliopageUiTest:67 - Test Cases completed
2026-01-28 10:57:17 INFO  PortifoliopageUiTest:71 - Starting Pageurl test
2026-01-28 10:57:17 INFO  PortifoliopageUiTest:74 - Test passed
2026-01-28 10:57:17 INFO  PortifoliopageUiTest:80 - Test Cases completed
2026-01-28 10:57:17 INFO  PortifoliopageUiTest:85 - Starting PageheaderTitle test
2026-01-28 10:57:17 INFO  PortifoliopageUiTest:88 - Test passed
2026-01-28 10:57:17 INFO  PortifoliopageUiTest:94 - Test Cases completed
2026-01-28 10:57:17 INFO  PortifoliopageUiTest:98 - Stating Pageheadersubtitle test
2026-01-28 10:57:17 INFO  PortifoliopageUiTest:101 - Test passed
2026-01-28 10:57:17 INFO  PortifoliopageUiTest:107 - Test Cases completed
2026-01-28 10:57:17 INFO  PortifoliopageUiTest:111 - Starting Avatar Test
2026-01-28 10:57:17 INFO  PortifoliopageUiTest:122 - Test passed
2026-01-28 10:57:17 INFO  PortifoliopageUiTest:128 - Test Cases completed
2026-01-28 10:57:17 INFO  PortifoliopageUiTest:132 - Starting fullNamecheck
2026-01-28 10:57:17 INFO  PortifoliopageUiTest:135 - Test Passed
2026-01-28 10:57:17 INFO  PortifoliopageUiTest:141 - Test Cases completed
2026-01-28 10:57:17 INFO  PortifoliopageUiTest:145 - Starting jobTitelcheck
2026-01-28 10:57:17 INFO  PortifoliopageUiTest:148 - Test Passed
2026-01-28 10:57:17 INFO  PortifoliopageUiTest:154 - Test Cases completed
2026-01-28 10:57:17 INFO  PortifoliopageUiTest:158 - Starting emailCheck
2026-01-28 10:57:17 INFO  PortifoliopageUiTest:161 - Test Passed
2026-01-28 10:57:17 INFO  PortifoliopageUiTest:167 - Test Cases completed
2026-01-28 10:57:17 INFO  PortifoliopageUiTest:172 - Starting experienceStats
2026-01-28 10:57:17 INFO  PortifoliopageUiTest:175 - Test Passed
2026-01-28 10:57:17 INFO  PortifoliopageUiTest:181 - Test Cases completed
2026-01-28 10:57:17 INFO  PortifoliopageUiTest:185 - Starting experienceStatsHeader
2026-01-28 10:57:17 INFO  PortifoliopageUiTest:188 - Test passed
2026-01-28 10:57:17 INFO  PortifoliopageUiTest:194 - Test Cases completed
2026-01-28 10:57:17 INFO  PortifoliopageUiTest:198 - Starting websitesCheck
2026-01-28 10:57:18 INFO  PortifoliopageUiTest:202 - Test passed
2026-01-28 10:57:18 INFO  PortifoliopageUiTest:208 - Test Cases completed
2026-01-28 10:57:18 INFO  PortifoliopageUiTest:213 - Starting appsCheck
2026-01-28 10:57:18 INFO  PortifoliopageUiTest:217 - Test passed
2026-01-28 10:57:18 INFO  PortifoliopageUiTest:223 - Test Cases completed
2026-01-28 10:57:18 INFO  PortifoliopageUiTest:228 - Starting skillsHeader
2026-01-28 10:57:18 INFO  PortifoliopageUiTest:233 - Test passed
2026-01-28 10:57:18 INFO  PortifoliopageUiTest:239 - Test Cases completed
2026-01-28 10:57:18 INFO  PortifoliopageUiTest:244 - Starting skillsCheck
2026-01-28 10:57:18 INFO  PortifoliopageUiTest:251 - Test passed
2026-01-28 10:57:18 INFO  PortifoliopageUiTest:257 - Test Cases completed
2026-01-28 10:57:18 INFO  PortifoliopageUiTest:262 - Starting profileHighlightsHeader
2026-01-28 10:57:18 INFO  PortifoliopageUiTest:265 - Test passed
2026-01-28 10:57:18 INFO  PortifoliopageUiTest:271 - Test Cases completed
2026-01-28 10:57:18 INFO  PortifoliopageUiTest:289 - Starting experienceBadge
2026-01-28 10:57:18 INFO  PortifoliopageUiTest:303 - Test passed
2026-01-28 10:57:18 INFO  PortifoliopageUiTest:309 - Test Cases completed
2026-01-28 10:57:23 INFO  PortfolioFunctionality:17 - Starting the checking of complete portfolio page functionality
2026-01-28 10:57:25 INFO  PortfolioFunctionality:45 - Test Case finished
2026-01-28 10:57:28 INFO  Utils:112 - [TestNG] Time taken by org.testng.internal.ExitCodeListener@7577b641: 0 ms
2026-01-28 17:06:49 WARN  TestNG:133 - Ignoring duplicate listener : io.qameta.allure.testng.AllureTestNg
2026-01-28 17:06:49 WARN  TestNG:133 - Ignoring duplicate listener : io.qameta.allure.testng.AllureTestNg
2026-01-28 17:06:49 WARN  TestNG:133 - Ignoring duplicate listener : io.qameta.allure.testng.AllureTestNg
2026-01-28 17:06:49 INFO  Utils:112 - [Utils] MethodGroupsHelper.collectMethodsByGroup() took 0 ms.
2026-01-28 17:06:49 INFO  Utils:112 - [Utils] MethodGroupsHelper.sortMethods() took 0 ms.
2026-01-28 17:06:49 INFO  Utils:112 - [Utils] MethodGroupsHelper.collectMethodsByGroup() took 0 ms.
2026-01-28 17:06:49 INFO  Utils:112 - [Utils] MethodGroupsHelper.sortMethods() took 0 ms.
2026-01-28 17:06:49 INFO  Utils:112 - [Utils] MethodGroupsHelper.collectMethodsByGroup() took 0 ms.
2026-01-28 17:06:49 INFO  Utils:112 - [Utils] MethodGroupsHelper.sortMethods() took 0 ms.
2026-01-28 17:06:49 INFO  Utils:112 - [Utils] MethodGroupsHelper.collectMethodsByGroup() took 0 ms.
2026-01-28 17:06:49 INFO  Utils:112 - [Utils] MethodGroupsHelper.sortMethods() took 0 ms.
2026-01-28 17:06:49 INFO  Utils:112 - [Utils] MethodGroupsHelper.collectMethodsByGroup() took 0 ms.
2026-01-28 17:06:49 INFO  Utils:112 - [Utils] MethodGroupsHelper.sortMethods() took 12 ms.
2026-01-28 17:06:49 INFO  Utils:112 - [Utils] MethodGroupsHelper.collectMethodsByGroup() took 0 ms.
2026-01-28 17:06:49 INFO  Utils:112 - [Utils] MethodGroupsHelper.sortMethods() took 1 ms.
2026-01-28 17:06:49 INFO  Utils:112 - [Utils] MethodGroupsHelper.collectMethodsByGroup() took 0 ms.
2026-01-28 17:06:49 INFO  Utils:112 - [Utils] MethodGroupsHelper.sortMethods() took 0 ms.
2026-01-28 17:06:49 INFO  Utils:112 - [Utils] MethodGroupsHelper.collectMethodsByGroup() took 0 ms.
2026-01-28 17:06:49 INFO  Utils:112 - [Utils] MethodGroupsHelper.sortMethods() took 0 ms.
2026-01-28 17:06:49 INFO  Utils:112 - [Utils] MethodGroupsHelper.collectMethodsByGroup() took 3 ms.
2026-01-28 17:06:49 INFO  Utils:112 - [Utils] MethodGroupsHelper.sortMethods() took 0 ms.
2026-01-28 17:06:49 INFO  Utils:112 - [Utils] MethodGroupsHelper.collectMethodsByGroup() took 0 ms.
2026-01-28 17:06:49 INFO  Utils:112 - [Utils] MethodGroupsHelper.sortMethods() took 0 ms.
2026-01-28 17:06:49 INFO  Utils:112 - [Utils] MethodGroupsHelper.collectMethodsByGroup() took 0 ms.
2026-01-28 17:06:49 INFO  Utils:112 - [Utils] MethodGroupsHelper.sortMethods() took 0 ms.
2026-01-28 17:06:49 INFO  Utils:112 - [Utils] MethodGroupsHelper.collectMethodsByGroup() took 0 ms.
2026-01-28 17:06:49 INFO  Utils:112 - [Utils] MethodGroupsHelper.sortMethods() took 0 ms.
2026-01-28 17:06:49 INFO  Utils:112 - [Utils] MethodGroupsHelper.collectMethodsByGroup() took 0 ms.
2026-01-28 17:06:49 INFO  Utils:112 - [Utils] MethodGroupsHelper.sortMethods() took 0 ms.
2026-01-28 17:06:49 INFO  Utils:112 - [Utils] MethodGroupsHelper.collectMethodsByGroup() took 0 ms.
2026-01-28 17:06:49 INFO  Utils:112 - [Utils] MethodGroupsHelper.sortMethods() took 0 ms.
2026-01-28 17:06:49 INFO  Utils:112 - [Utils] MethodGroupsHelper.collectMethodsByGroup() took 0 ms.
2026-01-28 17:06:49 INFO  Utils:112 - [Utils] MethodGroupsHelper.sortMethods() took 1 ms.
2026-01-28 17:06:49 INFO  Utils:112 - [Utils] MethodGroupsHelper.collectMethodsByGroup() took 0 ms.
2026-01-28 17:06:49 INFO  Utils:112 - [Utils] MethodGroupsHelper.sortMethods() took 0 ms.
2026-01-28 17:06:49 INFO  Utils:112 - [Utils] MethodGroupsHelper.collectMethodsByGroup() took 0 ms.
2026-01-28 17:06:49 INFO  Utils:112 - [Utils] MethodGroupsHelper.sortMethods() took 0 ms.
2026-01-28 17:06:49 INFO  Utils:112 - [Utils] MethodGroupsHelper.collectMethodsByGroup() took 0 ms.
2026-01-28 17:06:49 INFO  Utils:112 - [Utils] MethodGroupsHelper.sortMethods() took 0 ms.
2026-01-28 17:06:49 INFO  Utils:112 - [Utils] MethodGroupsHelper.collectMethodsByGroup() took 0 ms.
2026-01-28 17:06:49 INFO  Utils:112 - [Utils] MethodGroupsHelper.sortMethods() took 0 ms.
2026-01-28 17:06:49 INFO  Utils:112 - [Utils] MethodGroupsHelper.collectMethodsByGroup() took 0 ms.
2026-01-28 17:06:49 INFO  Utils:112 - [Utils] MethodGroupsHelper.sortMethods() took 0 ms.
2026-01-28 17:06:49 INFO  Utils:112 - [Utils] MethodGroupsHelper.collectMethodsByGroup() took 0 ms.
2026-01-28 17:06:49 INFO  Utils:112 - [Utils] MethodGroupsHelper.sortMethods() took 0 ms.
2026-01-28 17:06:49 INFO  Utils:112 - [Utils] MethodGroupsHelper.collectMethodsByGroup() took 0 ms.
2026-01-28 17:06:49 INFO  Utils:112 - [Utils] MethodGroupsHelper.sortMethods() took 0 ms.
2026-01-28 17:06:49 INFO  Utils:112 - [Utils] MethodGroupsHelper.collectMethodsByGroup() took 0 ms.
2026-01-28 17:06:49 INFO  Utils:112 - [Utils] MethodGroupsHelper.sortMethods() took 0 ms.
2026-01-28 17:06:49 INFO  Utils:112 - [Utils] MethodGroupsHelper.collectMethodsByGroup() took 0 ms.
2026-01-28 17:06:49 INFO  Utils:112 - [Utils] MethodGroupsHelper.sortMethods() took 0 ms.
2026-01-28 17:06:49 INFO  Utils:112 - [Utils] MethodGroupsHelper.collectMethodsByGroup() took 0 ms.
2026-01-28 17:06:49 INFO  Utils:112 - [Utils] MethodGroupsHelper.sortMethods() took 0 ms.
2026-01-28 17:06:49 INFO  Utils:112 - [Utils] MethodGroupsHelper.collectMethodsByGroup() took 0 ms.
2026-01-28 17:06:49 INFO  Utils:112 - [Utils] MethodGroupsHelper.sortMethods() took 0 ms.
2026-01-28 17:06:49 INFO  Utils:112 - [Utils] MethodGroupsHelper.collectMethodsByGroup() took 0 ms.
2026-01-28 17:06:49 INFO  Utils:112 - [Utils] MethodGroupsHelper.sortMethods() took 0 ms.
2026-01-28 17:06:49 INFO  Utils:112 - [Utils] MethodGroupsHelper.collectMethodsByGroup() took 0 ms.
2026-01-28 17:06:49 INFO  Utils:112 - [Utils] MethodGroupsHelper.sortMethods() took 0 ms.
2026-01-28 17:06:49 INFO  Utils:112 - [Utils] MethodGroupsHelper.collectMethodsByGroup() took 0 ms.
2026-01-28 17:06:49 INFO  Utils:112 - [Utils] MethodGroupsHelper.sortMethods() took 0 ms.
2026-01-28 17:06:49 INFO  Utils:112 - [Utils] MethodGroupsHelper.collectMethodsByGroup() took 0 ms.
2026-01-28 17:06:49 INFO  Utils:112 - [Utils] MethodGroupsHelper.sortMethods() took 0 ms.
2026-01-28 17:06:49 INFO  Utils:112 - [Utils] MethodGroupsHelper.collectMethodsByGroup() took 0 ms.
2026-01-28 17:06:49 INFO  Utils:112 - [Utils] MethodGroupsHelper.sortMethods() took 0 ms.
2026-01-28 17:06:49 INFO  Utils:112 - [Utils] MethodGroupsHelper.collectMethodsByGroup() took 0 ms.
2026-01-28 17:06:49 INFO  Utils:112 - [Utils] MethodGroupsHelper.sortMethods() took 0 ms.
2026-01-28 17:06:49 INFO  Utils:112 - [Utils] MethodGroupsHelper.collectMethodsByGroup() took 0 ms.
2026-01-28 17:06:49 INFO  Utils:112 - [Utils] MethodGroupsHelper.sortMethods() took 0 ms.
2026-01-28 17:06:49 INFO  Utils:112 - [Utils] MethodGroupsHelper.collectMethodsByGroup() took 0 ms.
2026-01-28 17:06:49 INFO  Utils:112 - [Utils] MethodGroupsHelper.sortMethods() took 0 ms.
2026-01-28 17:06:49 INFO  Utils:112 - [Utils] MethodGroupsHelper.collectMethodsByGroup() took 0 ms.
2026-01-28 17:06:49 INFO  Utils:112 - [Utils] MethodGroupsHelper.sortMethods() took 0 ms.
2026-01-28 17:06:49 INFO  Utils:112 - [Utils] MethodGroupsHelper.collectMethodsByGroup() took 0 ms.
2026-01-28 17:06:49 INFO  Utils:112 - [Utils] MethodGroupsHelper.sortMethods() took 0 ms.
2026-01-28 17:06:49 INFO  Utils:112 - [Utils] MethodGroupsHelper.collectMethodsByGroup() took 0 ms.
2026-01-28 17:06:49 INFO  Utils:112 - [Utils] MethodGroupsHelper.sortMethods() took 0 ms.
2026-01-28 17:06:49 INFO  Utils:112 - [Utils] MethodGroupsHelper.collectMethodsByGroup() took 0 ms.
2026-01-28 17:06:49 INFO  Utils:112 - [Utils] MethodGroupsHelper.sortMethods() took 0 ms.
2026-01-28 17:06:49 INFO  Utils:112 - [Utils] MethodGroupsHelper.collectMethodsByGroup() took 0 ms.
2026-01-28 17:06:49 INFO  Utils:112 - [Utils] MethodGroupsHelper.sortMethods() took 0 ms.
2026-01-28 17:06:49 INFO  Utils:112 - [Utils] MethodGroupsHelper.collectMethodsByGroup() took 0 ms.
2026-01-28 17:06:49 INFO  Utils:112 - [Utils] MethodGroupsHelper.sortMethods() took 0 ms.
2026-01-28 17:06:49 INFO  Utils:112 - [Utils] MethodGroupsHelper.collectMethodsByGroup() took 0 ms.
2026-01-28 17:06:49 INFO  Utils:112 - [Utils] MethodGroupsHelper.sortMethods() took 0 ms.
2026-01-28 17:06:49 INFO  Utils:112 - [Utils] MethodGroupsHelper.collectMethodsByGroup() took 0 ms.
2026-01-28 17:06:49 INFO  Utils:112 - [Utils] MethodGroupsHelper.sortMethods() took 0 ms.
2026-01-28 17:06:49 INFO  Utils:112 - [Utils] MethodGroupsHelper.collectMethodsByGroup() took 0 ms.
2026-01-28 17:06:49 INFO  Utils:112 - [Utils] MethodGroupsHelper.sortMethods() took 9 ms.
2026-01-28 17:06:49 INFO  Utils:112 - [Utils] MethodGroupsHelper.collectMethodsByGroup() took 0 ms.
2026-01-28 17:06:49 INFO  Utils:112 - [Utils] MethodGroupsHelper.sortMethods() took 0 ms.
2026-01-28 17:06:49 INFO  Utils:112 - [Utils] MethodGroupsHelper.collectMethodsByGroup() took 0 ms.
2026-01-28 17:06:49 INFO  Utils:112 - [Utils] MethodGroupsHelper.sortMethods() took 0 ms.
2026-01-28 17:06:49 INFO  Utils:112 - [TestNG] Running:
  C:\Users\2457143\IdeaProjects\DevProfileAutomationFramework\testng.xml

2026-01-28 17:06:50 INFO  ExtentManager:69 - ****************Test started*************
2026-01-28 17:06:50 INFO  Utils:112 - [Utils] DynamicGraphHelper.createDynamicGraph() took 4 ms.
2026-01-28 17:06:50 INFO  ExtentManager:108 - *** Test Skipped *** | Test Class : '[TestClass name=class testCases.ProfileStatisticsUITest]' | Test Method : 'ProfileStatistics_TC001'
2026-01-28 17:06:50 INFO  ExtentManager:108 - *** Test Skipped *** | Test Class : '[TestClass name=class testCases.ProfileStatisticsUITest]' | Test Method : 'ProfileStatistics_TC002'
2026-01-28 17:06:50 INFO  ExtentManager:108 - *** Test Skipped *** | Test Class : '[TestClass name=class testCases.ProfileStatisticsUITest]' | Test Method : 'ProfileStatistics_TC003'
2026-01-28 17:06:50 INFO  ExtentManager:108 - *** Test Skipped *** | Test Class : '[TestClass name=class testCases.ProfileStatisticsUITest]' | Test Method : 'ProfileStatistics_TC004'
2026-01-28 17:06:50 INFO  ExtentManager:108 - *** Test Skipped *** | Test Class : '[TestClass name=class testCases.ProfileStatisticsUITest]' | Test Method : 'ProfileStatistics_TC005'
2026-01-28 17:06:50 INFO  ExtentManager:108 - *** Test Skipped *** | Test Class : '[TestClass name=class testCases.ProfileStatisticsUITest]' | Test Method : 'ProfileStatistics_TC006'
2026-01-28 17:06:50 ERROR Utils:154 - [Error] java.lang.NullPointerException: Cannot invoke &quot;java.util.Properties.getProperty(String)&quot; because &quot;DataProvider.Dataprovider.properties&quot; is null
	at DataProvider.Dataprovider.profileData1(Dataprovider.java:14)
	at java.base/jdk.internal.reflect.DirectMethodHandleAccessor.invoke(DirectMethodHandleAccessor.java:103)
	at java.base/java.lang.reflect.Method.invoke(Method.java:580)
	at org.testng.internal.invokers.MethodInvocationHelper.invokeMethod(MethodInvocationHelper.java:141)
	at org.testng.internal.invokers.MethodInvocationHelper.invokeMethod(MethodInvocationHelper.java:86)
	at org.testng.internal.invokers.MethodInvocationHelper.invokeMethodNoCheckedException(MethodInvocationHelper.java:54)
	at org.testng.internal.invokers.MethodInvocationHelper.invokeDataProvider(MethodInvocationHelper.java:159)
	at org.testng.internal.Parameters.handleParameters(Parameters.java:809)
	at org.testng.internal.Parameters.handleParameters(Parameters.java:734)
	at org.testng.internal.invokers.ParameterHandler.handleParameters(ParameterHandler.java:72)
	at org.testng.internal.invokers.ParameterHandler.createParameters(ParameterHandler.java:51)
	at org.testng.internal.invokers.TestInvoker$MethodInvocationAgent.invoke(TestInvoker.java:949)
	at org.testng.internal.invokers.TestInvoker.invokeTestMethods(TestInvoker.java:203)
	at org.testng.internal.invokers.TestMethodWorker.invokeTestMethods(TestMethodWorker.java:154)
	at org.testng.internal.invokers.TestMethodWorker.run(TestMethodWorker.java:134)
	at java.base/java.util.ArrayList.forEach(ArrayList.java:1596)
	at org.testng.TestRunner.privateRun(TestRunner.java:741)
	at org.testng.TestRunner.run(TestRunner.java:616)
	at org.testng.SuiteRunner.runTest(SuiteRunner.java:421)
	at org.testng.SuiteRunner.runSequentially(SuiteRunner.java:413)
	at org.testng.SuiteRunner.privateRun(SuiteRunner.java:373)
	at org.testng.SuiteRunner.run(SuiteRunner.java:312)
	at org.testng.SuiteRunnerWorker.runSuite(SuiteRunnerWorker.java:52)
	at org.testng.SuiteRunnerWorker.run(SuiteRunnerWorker.java:95)
	at org.testng.TestNG.runSuitesSequentially(TestNG.java:1274)
	at org.testng.TestNG.runSuitesLocally(TestNG.java:1208)
	at org.testng.TestNG.runSuites(TestNG.java:1112)
	at org.testng.TestNG.run(TestNG.java:1079)
	at com.intellij.rt.testng.IDEARemoteTestNG.run(IDEARemoteTestNG.java:65)
	at com.intellij.rt.testng.RemoteTestNGStarter.main(RemoteTestNGStarter.java:105)

2026-01-28 17:06:50 INFO  ExtentManager:99 - *** Test Failed *** | Test Class : '[TestClass name=class testCases.ProfileStatisticsFunctionality]' | Test Method : 'testMeasurePortfolioButtonTitle'
2026-01-28 17:06:50 ERROR Utils:154 - [Error] java.lang.NullPointerException: Cannot invoke &quot;java.util.Properties.getProperty(String)&quot; because &quot;DataProvider.Dataprovider.properties&quot; is null
	at DataProvider.Dataprovider.profileData2(Dataprovider.java:47)
	at java.base/jdk.internal.reflect.DirectMethodHandleAccessor.invoke(DirectMethodHandleAccessor.java:103)
	at java.base/java.lang.reflect.Method.invoke(Method.java:580)
	at org.testng.internal.invokers.MethodInvocationHelper.invokeMethod(MethodInvocationHelper.java:141)
	at org.testng.internal.invokers.MethodInvocationHelper.invokeMethod(MethodInvocationHelper.java:86)
	at org.testng.internal.invokers.MethodInvocationHelper.invokeMethodNoCheckedException(MethodInvocationHelper.java:54)
	at org.testng.internal.invokers.MethodInvocationHelper.invokeDataProvider(MethodInvocationHelper.java:159)
	at org.testng.internal.Parameters.handleParameters(Parameters.java:809)
	at org.testng.internal.Parameters.handleParameters(Parameters.java:734)
	at org.testng.internal.invokers.ParameterHandler.handleParameters(ParameterHandler.java:72)
	at org.testng.internal.invokers.ParameterHandler.createParameters(ParameterHandler.java:51)
	at org.testng.internal.invokers.TestInvoker$MethodInvocationAgent.invoke(TestInvoker.java:949)
	at org.testng.internal.invokers.TestInvoker.invokeTestMethods(TestInvoker.java:203)
	at org.testng.internal.invokers.TestMethodWorker.invokeTestMethods(TestMethodWorker.java:154)
	at org.testng.internal.invokers.TestMethodWorker.run(TestMethodWorker.java:134)
	at java.base/java.util.ArrayList.forEach(ArrayList.java:1596)
	at org.testng.TestRunner.privateRun(TestRunner.java:741)
	at org.testng.TestRunner.run(TestRunner.java:616)
	at org.testng.SuiteRunner.runTest(SuiteRunner.java:421)
	at org.testng.SuiteRunner.runSequentially(SuiteRunner.java:413)
	at org.testng.SuiteRunner.privateRun(SuiteRunner.java:373)
	at org.testng.SuiteRunner.run(SuiteRunner.java:312)
	at org.testng.SuiteRunnerWorker.runSuite(SuiteRunnerWorker.java:52)
	at org.testng.SuiteRunnerWorker.run(SuiteRunnerWorker.java:95)
	at org.testng.TestNG.runSuitesSequentially(TestNG.java:1274)
	at org.testng.TestNG.runSuitesLocally(TestNG.java:1208)
	at org.testng.TestNG.runSuites(TestNG.java:1112)
	at org.testng.TestNG.run(TestNG.java:1079)
	at com.intellij.rt.testng.IDEARemoteTestNG.run(IDEARemoteTestNG.java:65)
	at com.intellij.rt.testng.RemoteTestNGStarter.main(RemoteTestNGStarter.java:105)

2026-01-28 17:06:50 INFO  ExtentManager:99 - *** Test Failed *** | Test Class : '[TestClass name=class testCases.PortifoliopageUiTest]' | Test Method : 'testCreatePortfolioButtonTitle'
2026-01-28 17:06:50 INFO  ExtentManager:108 - *** Test Skipped *** | Test Class : '[TestClass name=class testCases.PortfolioFunctionality]' | Test Method : 'portFunctionality'
2026-01-28 17:06:52 INFO  ExtentManager:124 - ******************Test finished*****************
2026-01-28 17:06:52 INFO  Utils:112 - [TestNG] Time taken by org.testng.reporters.EmailableReporter2@55e42449: 18 ms
2026-01-28 17:06:52 INFO  Utils:112 - [TestNG] Time taken by org.testng.internal.ExitCodeListener@e57e5d6: 0 ms
2026-01-28 17:09:12 INFO  Utils:112 - [TestNG] Running:
  C:\Users\2457143\AppData\Local\JetBrains\IdeaIC2025.2\temp-testng-customsuite.xml

2026-01-28 17:12:08 INFO  Utils:112 - [TestNG] Running:
  C:\Users\2457143\AppData\Local\JetBrains\IdeaIC2025.2\temp-testng-customsuite.xml

2026-01-28 17:14:03 WARN  TestNG:133 - Ignoring duplicate listener : io.qameta.allure.testng.AllureTestNg
2026-01-28 17:14:03 WARN  TestNG:133 - Ignoring duplicate listener : io.qameta.allure.testng.AllureTestNg
2026-01-28 17:14:03 WARN  TestNG:133 - Ignoring duplicate listener : io.qameta.allure.testng.AllureTestNg
2026-01-28 17:14:03 INFO  Utils:112 - [Utils] MethodGroupsHelper.collectMethodsByGroup() took 0 ms.
2026-01-28 17:14:03 INFO  Utils:112 - [Utils] MethodGroupsHelper.sortMethods() took 1 ms.
2026-01-28 17:14:03 INFO  Utils:112 - [Utils] MethodGroupsHelper.collectMethodsByGroup() took 0 ms.
2026-01-28 17:14:03 INFO  Utils:112 - [Utils] MethodGroupsHelper.sortMethods() took 0 ms.
2026-01-28 17:14:03 INFO  Utils:112 - [Utils] MethodGroupsHelper.collectMethodsByGroup() took 0 ms.
2026-01-28 17:14:03 INFO  Utils:112 - [Utils] MethodGroupsHelper.sortMethods() took 0 ms.
2026-01-28 17:14:03 INFO  Utils:112 - [Utils] MethodGroupsHelper.collectMethodsByGroup() took 0 ms.
2026-01-28 17:14:03 INFO  Utils:112 - [Utils] MethodGroupsHelper.sortMethods() took 0 ms.
2026-01-28 17:14:03 INFO  Utils:112 - [Utils] MethodGroupsHelper.collectMethodsByGroup() took 0 ms.
2026-01-28 17:14:03 INFO  Utils:112 - [Utils] MethodGroupsHelper.sortMethods() took 12 ms.
2026-01-28 17:14:03 INFO  Utils:112 - [Utils] MethodGroupsHelper.collectMethodsByGroup() took 0 ms.
2026-01-28 17:14:03 INFO  Utils:112 - [Utils] MethodGroupsHelper.sortMethods() took 0 ms.
2026-01-28 17:14:03 INFO  Utils:112 - [Utils] MethodGroupsHelper.collectMethodsByGroup() took 0 ms.
2026-01-28 17:14:03 INFO  Utils:112 - [Utils] MethodGroupsHelper.sortMethods() took 0 ms.
2026-01-28 17:14:03 INFO  Utils:112 - [Utils] MethodGroupsHelper.collectMethodsByGroup() took 0 ms.
2026-01-28 17:14:03 INFO  Utils:112 - [Utils] MethodGroupsHelper.sortMethods() took 0 ms.
2026-01-28 17:14:03 INFO  Utils:112 - [Utils] MethodGroupsHelper.collectMethodsByGroup() took 3 ms.
2026-01-28 17:14:03 INFO  Utils:112 - [Utils] MethodGroupsHelper.sortMethods() took 0 ms.
2026-01-28 17:14:03 INFO  Utils:112 - [Utils] MethodGroupsHelper.collectMethodsByGroup() took 0 ms.
2026-01-28 17:14:03 INFO  Utils:112 - [Utils] MethodGroupsHelper.sortMethods() took 0 ms.
2026-01-28 17:14:03 INFO  Utils:112 - [Utils] MethodGroupsHelper.collectMethodsByGroup() took 0 ms.
2026-01-28 17:14:03 INFO  Utils:112 - [Utils] MethodGroupsHelper.sortMethods() took 0 ms.
2026-01-28 17:14:03 INFO  Utils:112 - [Utils] MethodGroupsHelper.collectMethodsByGroup() took 0 ms.
2026-01-28 17:14:03 INFO  Utils:112 - [Utils] MethodGroupsHelper.sortMethods() took 0 ms.
2026-01-28 17:14:03 INFO  Utils:112 - [Utils] MethodGroupsHelper.collectMethodsByGroup() took 1 ms.
2026-01-28 17:14:03 INFO  Utils:112 - [Utils] MethodGroupsHelper.sortMethods() took 1 ms.
2026-01-28 17:14:03 INFO  Utils:112 - [Utils] MethodGroupsHelper.collectMethodsByGroup() took 0 ms.
2026-01-28 17:14:03 INFO  Utils:112 - [Utils] MethodGroupsHelper.sortMethods() took 0 ms.
2026-01-28 17:14:03 INFO  Utils:112 - [Utils] MethodGroupsHelper.collectMethodsByGroup() took 0 ms.
2026-01-28 17:14:03 INFO  Utils:112 - [Utils] MethodGroupsHelper.sortMethods() took 0 ms.
2026-01-28 17:14:03 INFO  Utils:112 - [TestNG] Running:
  C:\Users\2457143\IdeaProjects\DevProfileAutomationFramework\testng.xml

2026-01-28 17:14:03 INFO  ExtentManager:69 - ****************Test started*************
2026-01-28 17:14:03 INFO  Utils:112 - [Utils] DynamicGraphHelper.createDynamicGraph() took 2 ms.
2026-01-28 17:14:25 INFO  ExtentManager:77 - *** Test Passed *** | Test Class : '[TestClass name=class testCases.PortifoliopageUiTest]' | Test Method : 'testCreatePortfolioButtonTitle'
2026-01-28 17:14:28 INFO  ExtentManager:77 - *** Test Passed *** | Test Class : '[TestClass name=class testCases.PortifoliopageUiTest]' | Test Method : 'testCreatePortfolioButtonTitle'
2026-01-28 17:14:30 INFO  ExtentManager:77 - *** Test Passed *** | Test Class : '[TestClass name=class testCases.PortifoliopageUiTest]' | Test Method : 'testCreatePortfolioButtonTitle'
2026-01-28 17:14:33 INFO  ExtentManager:77 - *** Test Passed *** | Test Class : '[TestClass name=class testCases.PortifoliopageUiTest]' | Test Method : 'testCreatePortfolioButtonTitle'
2026-01-28 17:14:37 INFO  ExtentManager:77 - *** Test Passed *** | Test Class : '[TestClass name=class testCases.PortifoliopageUiTest]' | Test Method : 'testCreatePortfolioButtonTitle'
2026-01-28 17:14:40 INFO  ExtentManager:77 - *** Test Passed *** | Test Class : '[TestClass name=class testCases.PortifoliopageUiTest]' | Test Method : 'testCreatePortfolioButtonTitle'
2026-01-28 17:14:43 INFO  ExtentManager:77 - *** Test Passed *** | Test Class : '[TestClass name=class testCases.PortifoliopageUiTest]' | Test Method : 'testCreatePortfolioButtonTitle'
2026-01-28 17:14:45 INFO  ExtentManager:77 - *** Test Passed *** | Test Class : '[TestClass name=class testCases.PortifoliopageUiTest]' | Test Method : 'testCreatePortfolioButtonTitle'
2026-01-28 17:14:48 INFO  ExtentManager:77 - *** Test Passed *** | Test Class : '[TestClass name=class testCases.PortifoliopageUiTest]' | Test Method : 'testCreatePortfolioButtonTitle'
2026-01-28 17:14:51 INFO  ExtentManager:77 - *** Test Passed *** | Test Class : '[TestClass name=class testCases.PortifoliopageUiTest]' | Test Method : 'testCreatePortfolioButtonTitle'
2026-01-28 17:14:58 INFO  ExtentManager:124 - ******************Test finished*****************
2026-01-28 17:14:58 INFO  Utils:112 - [TestNG] Time taken by org.testng.reporters.EmailableReporter2@134955bb: 5 ms
2026-01-28 17:14:58 INFO  Utils:112 - [TestNG] Time taken by org.testng.internal.ExitCodeListener@45b08b17: 0 ms
2026-01-28 17:16:01 WARN  TestNG:133 - Ignoring duplicate listener : io.qameta.allure.testng.AllureTestNg
2026-01-28 17:16:01 WARN  TestNG:133 - Ignoring duplicate listener : io.qameta.allure.testng.AllureTestNg
2026-01-28 17:16:01 WARN  TestNG:133 - Ignoring duplicate listener : io.qameta.allure.testng.AllureTestNg
2026-01-28 17:16:01 INFO  Utils:112 - [Utils] MethodGroupsHelper.collectMethodsByGroup() took 0 ms.
2026-01-28 17:16:01 INFO  Utils:112 - [Utils] MethodGroupsHelper.sortMethods() took 1 ms.
2026-01-28 17:16:01 INFO  Utils:112 - [Utils] MethodGroupsHelper.collectMethodsByGroup() took 0 ms.
2026-01-28 17:16:01 INFO  Utils:112 - [Utils] MethodGroupsHelper.sortMethods() took 0 ms.
2026-01-28 17:16:01 INFO  Utils:112 - [Utils] MethodGroupsHelper.collectMethodsByGroup() took 0 ms.
2026-01-28 17:16:01 INFO  Utils:112 - [Utils] MethodGroupsHelper.sortMethods() took 0 ms.
2026-01-28 17:16:01 INFO  Utils:112 - [Utils] MethodGroupsHelper.collectMethodsByGroup() took 0 ms.
2026-01-28 17:16:01 INFO  Utils:112 - [Utils] MethodGroupsHelper.sortMethods() took 0 ms.
2026-01-28 17:16:01 INFO  Utils:112 - [Utils] MethodGroupsHelper.collectMethodsByGroup() took 0 ms.
2026-01-28 17:16:01 INFO  Utils:112 - [Utils] MethodGroupsHelper.sortMethods() took 9 ms.
2026-01-28 17:16:02 INFO  Utils:112 - [Utils] MethodGroupsHelper.collectMethodsByGroup() took 0 ms.
2026-01-28 17:16:02 INFO  Utils:112 - [Utils] MethodGroupsHelper.sortMethods() took 0 ms.
2026-01-28 17:16:02 INFO  Utils:112 - [Utils] MethodGroupsHelper.collectMethodsByGroup() took 0 ms.
2026-01-28 17:16:02 INFO  Utils:112 - [Utils] MethodGroupsHelper.sortMethods() took 0 ms.
2026-01-28 17:16:02 INFO  Utils:112 - [Utils] MethodGroupsHelper.collectMethodsByGroup() took 0 ms.
2026-01-28 17:16:02 INFO  Utils:112 - [Utils] MethodGroupsHelper.sortMethods() took 0 ms.
2026-01-28 17:16:02 INFO  Utils:112 - [Utils] MethodGroupsHelper.collectMethodsByGroup() took 4 ms.
2026-01-28 17:16:02 INFO  Utils:112 - [Utils] MethodGroupsHelper.sortMethods() took 0 ms.
2026-01-28 17:16:02 INFO  Utils:112 - [Utils] MethodGroupsHelper.collectMethodsByGroup() took 0 ms.
2026-01-28 17:16:02 INFO  Utils:112 - [Utils] MethodGroupsHelper.sortMethods() took 0 ms.
2026-01-28 17:16:02 INFO  Utils:112 - [Utils] MethodGroupsHelper.collectMethodsByGroup() took 0 ms.
2026-01-28 17:16:02 INFO  Utils:112 - [Utils] MethodGroupsHelper.sortMethods() took 0 ms.
2026-01-28 17:16:02 INFO  Utils:112 - [Utils] MethodGroupsHelper.collectMethodsByGroup() took 0 ms.
2026-01-28 17:16:02 INFO  Utils:112 - [Utils] MethodGroupsHelper.sortMethods() took 0 ms.
2026-01-28 17:16:02 INFO  Utils:112 - [Utils] MethodGroupsHelper.collectMethodsByGroup() took 0 ms.
2026-01-28 17:16:02 INFO  Utils:112 - [Utils] MethodGroupsHelper.sortMethods() took 0 ms.
2026-01-28 17:16:02 INFO  Utils:112 - [Utils] MethodGroupsHelper.collectMethodsByGroup() took 0 ms.
2026-01-28 17:16:02 INFO  Utils:112 - [Utils] MethodGroupsHelper.sortMethods() took 0 ms.
2026-01-28 17:16:02 INFO  Utils:112 - [Utils] MethodGroupsHelper.collectMethodsByGroup() took 0 ms.
2026-01-28 17:16:02 INFO  Utils:112 - [Utils] MethodGroupsHelper.sortMethods() took 0 ms.
2026-01-28 17:16:02 INFO  Utils:112 - [Utils] MethodGroupsHelper.collectMethodsByGroup() took 0 ms.
2026-01-28 17:16:02 INFO  Utils:112 - [Utils] MethodGroupsHelper.sortMethods() took 0 ms.
2026-01-28 17:16:02 INFO  Utils:112 - [Utils] MethodGroupsHelper.collectMethodsByGroup() took 0 ms.
2026-01-28 17:16:02 INFO  Utils:112 - [Utils] MethodGroupsHelper.sortMethods() took 0 ms.
2026-01-28 17:16:02 INFO  Utils:112 - [Utils] MethodGroupsHelper.collectMethodsByGroup() took 0 ms.
2026-01-28 17:16:02 INFO  Utils:112 - [Utils] MethodGroupsHelper.sortMethods() took 0 ms.
2026-01-28 17:16:02 INFO  Utils:112 - [Utils] MethodGroupsHelper.collectMethodsByGroup() took 0 ms.
2026-01-28 17:16:02 INFO  Utils:112 - [Utils] MethodGroupsHelper.sortMethods() took 0 ms.
2026-01-28 17:16:02 INFO  Utils:112 - [Utils] MethodGroupsHelper.collectMethodsByGroup() took 0 ms.
2026-01-28 17:16:02 INFO  Utils:112 - [Utils] MethodGroupsHelper.sortMethods() took 0 ms.
2026-01-28 17:16:02 INFO  Utils:112 - [Utils] MethodGroupsHelper.collectMethodsByGroup() took 0 ms.
2026-01-28 17:16:02 INFO  Utils:112 - [Utils] MethodGroupsHelper.sortMethods() took 0 ms.
2026-01-28 17:16:02 INFO  Utils:112 - [Utils] MethodGroupsHelper.collectMethodsByGroup() took 0 ms.
2026-01-28 17:16:02 INFO  Utils:112 - [Utils] MethodGroupsHelper.sortMethods() took 0 ms.
2026-01-28 17:16:02 INFO  Utils:112 - [Utils] MethodGroupsHelper.collectMethodsByGroup() took 0 ms.
2026-01-28 17:16:02 INFO  Utils:112 - [Utils] MethodGroupsHelper.sortMethods() took 0 ms.
2026-01-28 17:16:02 INFO  Utils:112 - [Utils] MethodGroupsHelper.collectMethodsByGroup() took 0 ms.
2026-01-28 17:16:02 INFO  Utils:112 - [Utils] MethodGroupsHelper.sortMethods() took 0 ms.
2026-01-28 17:16:02 INFO  Utils:112 - [Utils] MethodGroupsHelper.collectMethodsByGroup() took 0 ms.
2026-01-28 17:16:02 INFO  Utils:112 - [Utils] MethodGroupsHelper.sortMethods() took 0 ms.
2026-01-28 17:16:02 INFO  Utils:112 - [Utils] MethodGroupsHelper.collectMethodsByGroup() took 0 ms.
2026-01-28 17:16:02 INFO  Utils:112 - [Utils] MethodGroupsHelper.sortMethods() took 1 ms.
2026-01-28 17:16:02 INFO  Utils:112 - [Utils] MethodGroupsHelper.collectMethodsByGroup() took 0 ms.
2026-01-28 17:16:02 INFO  Utils:112 - [Utils] MethodGroupsHelper.sortMethods() took 0 ms.
2026-01-28 17:16:02 INFO  Utils:112 - [Utils] MethodGroupsHelper.collectMethodsByGroup() took 0 ms.
2026-01-28 17:16:02 INFO  Utils:112 - [Utils] MethodGroupsHelper.sortMethods() took 0 ms.
2026-01-28 17:16:02 INFO  Utils:112 - [Utils] MethodGroupsHelper.collectMethodsByGroup() took 0 ms.
2026-01-28 17:16:02 INFO  Utils:112 - [Utils] MethodGroupsHelper.sortMethods() took 0 ms.
2026-01-28 17:16:02 INFO  Utils:112 - [Utils] MethodGroupsHelper.collectMethodsByGroup() took 0 ms.
2026-01-28 17:16:02 INFO  Utils:112 - [Utils] MethodGroupsHelper.sortMethods() took 0 ms.
2026-01-28 17:16:02 INFO  Utils:112 - [Utils] MethodGroupsHelper.collectMethodsByGroup() took 0 ms.
2026-01-28 17:16:02 INFO  Utils:112 - [Utils] MethodGroupsHelper.sortMethods() took 0 ms.
2026-01-28 17:16:02 INFO  Utils:112 - [Utils] MethodGroupsHelper.collectMethodsByGroup() took 0 ms.
2026-01-28 17:16:02 INFO  Utils:112 - [Utils] MethodGroupsHelper.sortMethods() took 0 ms.
2026-01-28 17:16:02 INFO  Utils:112 - [Utils] MethodGroupsHelper.collectMethodsByGroup() took 0 ms.
2026-01-28 17:16:02 INFO  Utils:112 - [Utils] MethodGroupsHelper.sortMethods() took 0 ms.
2026-01-28 17:16:02 INFO  Utils:112 - [Utils] MethodGroupsHelper.collectMethodsByGroup() took 0 ms.
2026-01-28 17:16:02 INFO  Utils:112 - [Utils] MethodGroupsHelper.sortMethods() took 0 ms.
2026-01-28 17:16:02 INFO  Utils:112 - [Utils] MethodGroupsHelper.collectMethodsByGroup() took 0 ms.
2026-01-28 17:16:02 INFO  Utils:112 - [Utils] MethodGroupsHelper.sortMethods() took 0 ms.
2026-01-28 17:16:02 INFO  Utils:112 - [Utils] MethodGroupsHelper.collectMethodsByGroup() took 0 ms.
2026-01-28 17:16:02 INFO  Utils:112 - [Utils] MethodGroupsHelper.sortMethods() took 1 ms.
2026-01-28 17:16:02 INFO  Utils:112 - [Utils] MethodGroupsHelper.collectMethodsByGroup() took 0 ms.
2026-01-28 17:16:02 INFO  Utils:112 - [Utils] MethodGroupsHelper.sortMethods() took 0 ms.
2026-01-28 17:16:02 INFO  Utils:112 - [Utils] MethodGroupsHelper.collectMethodsByGroup() took 0 ms.
2026-01-28 17:16:02 INFO  Utils:112 - [Utils] MethodGroupsHelper.sortMethods() took 0 ms.
2026-01-28 17:16:02 INFO  Utils:112 - [Utils] MethodGroupsHelper.collectMethodsByGroup() took 0 ms.
2026-01-28 17:16:02 INFO  Utils:112 - [Utils] MethodGroupsHelper.sortMethods() took 0 ms.
2026-01-28 17:16:02 INFO  Utils:112 - [Utils] MethodGroupsHelper.collectMethodsByGroup() took 0 ms.
2026-01-28 17:16:02 INFO  Utils:112 - [Utils] MethodGroupsHelper.sortMethods() took 0 ms.
2026-01-28 17:16:02 INFO  Utils:112 - [Utils] MethodGroupsHelper.collectMethodsByGroup() took 0 ms.
2026-01-28 17:16:02 INFO  Utils:112 - [Utils] MethodGroupsHelper.sortMethods() took 0 ms.
2026-01-28 17:16:02 INFO  Utils:112 - [Utils] MethodGroupsHelper.collectMethodsByGroup() took 0 ms.
2026-01-28 17:16:02 INFO  Utils:112 - [Utils] MethodGroupsHelper.sortMethods() took 0 ms.
2026-01-28 17:16:02 INFO  Utils:112 - [Utils] MethodGroupsHelper.collectMethodsByGroup() took 1 ms.
2026-01-28 17:16:02 INFO  Utils:112 - [Utils] MethodGroupsHelper.sortMethods() took 8 ms.
2026-01-28 17:16:02 INFO  Utils:112 - [Utils] MethodGroupsHelper.collectMethodsByGroup() took 0 ms.
2026-01-28 17:16:02 INFO  Utils:112 - [Utils] MethodGroupsHelper.sortMethods() took 0 ms.
2026-01-28 17:16:02 INFO  Utils:112 - [Utils] MethodGroupsHelper.collectMethodsByGroup() took 0 ms.
2026-01-28 17:16:02 INFO  Utils:112 - [Utils] MethodGroupsHelper.sortMethods() took 0 ms.
2026-01-28 17:16:02 INFO  Utils:112 - [TestNG] Running:
  C:\Users\2457143\IdeaProjects\DevProfileAutomationFramework\testng.xml

2026-01-28 17:16:02 INFO  ExtentManager:69 - ****************Test started*************
2026-01-28 17:16:02 INFO  Utils:112 - [Utils] DynamicGraphHelper.createDynamicGraph() took 5 ms.
2026-01-28 17:16:08 INFO  ExtentManager:77 - *** Test Passed *** | Test Class : '[TestClass name=class testCases.ProfileStatisticsUITest]' | Test Method : 'ProfileStatistics_TC001'
2026-01-28 17:16:09 INFO  ExtentManager:77 - *** Test Passed *** | Test Class : '[TestClass name=class testCases.ProfileStatisticsUITest]' | Test Method : 'ProfileStatistics_TC002'
2026-01-28 17:16:09 INFO  ExtentManager:77 - *** Test Passed *** | Test Class : '[TestClass name=class testCases.ProfileStatisticsUITest]' | Test Method : 'ProfileStatistics_TC003'
2026-01-28 17:16:25 INFO  ExtentManager:99 - *** Test Failed *** | Test Class : '[TestClass name=class testCases.ProfileStatisticsUITest]' | Test Method : 'ProfileStatistics_TC004'
2026-01-28 17:16:25 INFO  ProfileStatisticsUITest:70 - Starting ProfileStatistics_TC005()
2026-01-28 17:16:26 INFO  ExtentManager:77 - *** Test Passed *** | Test Class : '[TestClass name=class testCases.ProfileStatisticsUITest]' | Test Method : 'ProfileStatistics_TC005'
2026-01-28 17:16:26 INFO  ProfileStatisticsUITest:91 - Test Passed
2026-01-28 17:16:26 INFO  ExtentManager:77 - *** Test Passed *** | Test Class : '[TestClass name=class testCases.ProfileStatisticsUITest]' | Test Method : 'ProfileStatistics_TC006'
2026-01-28 17:16:51 INFO  ProfileStatisticsFunctionality:32 - ***** Starting Test Cases  ****
2026-01-28 17:16:51 INFO  ProfileStatisticsFunctionality:37 - Entering user details
2026-01-28 17:16:52 INFO  ProfileStatisticsFunctionality:39 - Validating the profile highlights
2026-01-28 17:16:56 INFO  ExtentManager:77 - *** Test Passed *** | Test Class : '[TestClass name=class testCases.ProfileStatisticsFunctionality]' | Test Method : 'testMeasurePortfolioButtonTitle'
2026-01-28 17:16:56 INFO  ProfileStatisticsFunctionality:32 - ***** Starting Test Cases  ****
2026-01-28 17:16:56 INFO  ProfileStatisticsFunctionality:37 - Entering user details
2026-01-28 17:16:58 INFO  ProfileStatisticsFunctionality:39 - Validating the profile highlights
2026-01-28 17:17:00 INFO  ExtentManager:77 - *** Test Passed *** | Test Class : '[TestClass name=class testCases.ProfileStatisticsFunctionality]' | Test Method : 'testMeasurePortfolioButtonTitle'
2026-01-28 17:17:00 INFO  ProfileStatisticsFunctionality:32 - ***** Starting Test Cases  ****
2026-01-28 17:17:00 INFO  ProfileStatisticsFunctionality:37 - Entering user details
2026-01-28 17:17:02 INFO  ProfileStatisticsFunctionality:39 - Validating the profile highlights
2026-01-28 17:17:05 INFO  ExtentManager:77 - *** Test Passed *** | Test Class : '[TestClass name=class testCases.ProfileStatisticsFunctionality]' | Test Method : 'testMeasurePortfolioButtonTitle'
2026-01-28 17:17:05 INFO  ProfileStatisticsFunctionality:32 - ***** Starting Test Cases  ****
2026-01-28 17:17:05 INFO  ProfileStatisticsFunctionality:37 - Entering user details
2026-01-28 17:17:06 INFO  ProfileStatisticsFunctionality:39 - Validating the profile highlights
2026-01-28 17:17:09 INFO  ExtentManager:99 - *** Test Failed *** | Test Class : '[TestClass name=class testCases.ProfileStatisticsFunctionality]' | Test Method : 'testMeasurePortfolioButtonTitle'
2026-01-28 17:17:09 INFO  ProfileStatisticsFunctionality:32 - ***** Starting Test Cases  ****
2026-01-28 17:17:09 INFO  ProfileStatisticsFunctionality:37 - Entering user details
2026-01-28 17:17:11 INFO  ProfileStatisticsFunctionality:39 - Validating the profile highlights
2026-01-28 17:17:13 INFO  ExtentManager:77 - *** Test Passed *** | Test Class : '[TestClass name=class testCases.ProfileStatisticsFunctionality]' | Test Method : 'testMeasurePortfolioButtonTitle'
2026-01-28 17:17:13 INFO  ProfileStatisticsFunctionality:32 - ***** Starting Test Cases  ****
2026-01-28 17:17:14 INFO  ProfileStatisticsFunctionality:37 - Entering user details
2026-01-28 17:17:15 INFO  ProfileStatisticsFunctionality:39 - Validating the profile highlights
2026-01-28 17:17:18 INFO  ExtentManager:77 - *** Test Passed *** | Test Class : '[TestClass name=class testCases.ProfileStatisticsFunctionality]' | Test Method : 'testMeasurePortfolioButtonTitle'
2026-01-28 17:17:18 INFO  ProfileStatisticsFunctionality:32 - ***** Starting Test Cases  ****
2026-01-28 17:17:19 INFO  ProfileStatisticsFunctionality:37 - Entering user details
2026-01-28 17:17:21 INFO  ProfileStatisticsFunctionality:39 - Validating the profile highlights
2026-01-28 17:17:23 INFO  ExtentManager:77 - *** Test Passed *** | Test Class : '[TestClass name=class testCases.ProfileStatisticsFunctionality]' | Test Method : 'testMeasurePortfolioButtonTitle'
2026-01-28 17:17:24 INFO  ProfileStatisticsFunctionality:32 - ***** Starting Test Cases  ****
2026-01-28 17:17:24 INFO  ProfileStatisticsFunctionality:37 - Entering user details
2026-01-28 17:17:25 INFO  ProfileStatisticsFunctionality:39 - Validating the profile highlights
2026-01-28 17:17:28 INFO  ExtentManager:99 - *** Test Failed *** | Test Class : '[TestClass name=class testCases.ProfileStatisticsFunctionality]' | Test Method : 'testMeasurePortfolioButtonTitle'
2026-01-28 17:17:28 INFO  ProfileStatisticsFunctionality:32 - ***** Starting Test Cases  ****
2026-01-28 17:17:28 INFO  ProfileStatisticsFunctionality:37 - Entering user details
2026-01-28 17:17:30 INFO  ProfileStatisticsFunctionality:39 - Validating the profile highlights
2026-01-28 17:17:33 INFO  ExtentManager:99 - *** Test Failed *** | Test Class : '[TestClass name=class testCases.ProfileStatisticsFunctionality]' | Test Method : 'testMeasurePortfolioButtonTitle'
2026-01-28 17:17:33 INFO  ProfileStatisticsFunctionality:32 - ***** Starting Test Cases  ****
2026-01-28 17:17:34 INFO  ProfileStatisticsFunctionality:37 - Entering user details
2026-01-28 17:17:36 INFO  ProfileStatisticsFunctionality:39 - Validating the profile highlights
2026-01-28 17:17:38 INFO  ExtentManager:77 - *** Test Passed *** | Test Class : '[TestClass name=class testCases.ProfileStatisticsFunctionality]' | Test Method : 'testMeasurePortfolioButtonTitle'
2026-01-28 17:17:38 INFO  ProfileStatisticsFunctionality:32 - ***** Starting Test Cases  ****
2026-01-28 17:17:39 INFO  ProfileStatisticsFunctionality:37 - Entering user details
2026-01-28 17:17:40 INFO  ProfileStatisticsFunctionality:39 - Validating the profile highlights
2026-01-28 17:17:43 INFO  ExtentManager:99 - *** Test Failed *** | Test Class : '[TestClass name=class testCases.ProfileStatisticsFunctionality]' | Test Method : 'testMeasurePortfolioButtonTitle'
2026-01-28 17:17:43 INFO  ProfileStatisticsFunctionality:32 - ***** Starting Test Cases  ****
2026-01-28 17:17:43 INFO  ProfileStatisticsFunctionality:37 - Entering user details
2026-01-28 17:17:45 INFO  ProfileStatisticsFunctionality:39 - Validating the profile highlights
2026-01-28 17:17:47 INFO  ExtentManager:77 - *** Test Passed *** | Test Class : '[TestClass name=class testCases.ProfileStatisticsFunctionality]' | Test Method : 'testMeasurePortfolioButtonTitle'
2026-01-28 17:17:47 INFO  ProfileStatisticsFunctionality:32 - ***** Starting Test Cases  ****
2026-01-28 17:17:47 INFO  ProfileStatisticsFunctionality:37 - Entering user details
2026-01-28 17:17:49 INFO  ProfileStatisticsFunctionality:39 - Validating the profile highlights
2026-01-28 17:17:51 INFO  ExtentManager:77 - *** Test Passed *** | Test Class : '[TestClass name=class testCases.ProfileStatisticsFunctionality]' | Test Method : 'testMeasurePortfolioButtonTitle'
2026-01-28 17:17:51 INFO  ProfileStatisticsFunctionality:32 - ***** Starting Test Cases  ****
2026-01-28 17:17:52 INFO  ProfileStatisticsFunctionality:37 - Entering user details
2026-01-28 17:17:53 INFO  ProfileStatisticsFunctionality:39 - Validating the profile highlights
2026-01-28 17:17:53 INFO  ExtentManager:77 - *** Test Passed *** | Test Class : '[TestClass name=class testCases.ProfileStatisticsFunctionality]' | Test Method : 'testMeasurePortfolioButtonTitle'
2026-01-28 17:17:53 INFO  ProfileStatisticsFunctionality:32 - ***** Starting Test Cases  ****
2026-01-28 17:17:54 INFO  ProfileStatisticsFunctionality:37 - Entering user details
2026-01-28 17:17:55 INFO  ProfileStatisticsFunctionality:39 - Validating the profile highlights
2026-01-28 17:17:57 INFO  ExtentManager:77 - *** Test Passed *** | Test Class : '[TestClass name=class testCases.ProfileStatisticsFunctionality]' | Test Method : 'testMeasurePortfolioButtonTitle'
2026-01-28 17:17:57 INFO  ProfileStatisticsFunctionality:32 - ***** Starting Test Cases  ****
2026-01-28 17:17:58 INFO  ProfileStatisticsFunctionality:37 - Entering user details
2026-01-28 17:17:59 INFO  ProfileStatisticsFunctionality:39 - Validating the profile highlights
2026-01-28 17:18:02 INFO  ExtentManager:77 - *** Test Passed *** | Test Class : '[TestClass name=class testCases.ProfileStatisticsFunctionality]' | Test Method : 'testMeasurePortfolioButtonTitle'
2026-01-28 17:18:02 INFO  ProfileStatisticsFunctionality:32 - ***** Starting Test Cases  ****
2026-01-28 17:18:02 INFO  ProfileStatisticsFunctionality:37 - Entering user details
2026-01-28 17:18:03 INFO  ProfileStatisticsFunctionality:39 - Validating the profile highlights
2026-01-28 17:18:06 INFO  ExtentManager:77 - *** Test Passed *** | Test Class : '[TestClass name=class testCases.ProfileStatisticsFunctionality]' | Test Method : 'testMeasurePortfolioButtonTitle'
2026-01-28 17:18:06 INFO  ProfileStatisticsFunctionality:32 - ***** Starting Test Cases  ****
2026-01-28 17:18:06 INFO  ProfileStatisticsFunctionality:37 - Entering user details
2026-01-28 17:18:07 INFO  ProfileStatisticsFunctionality:39 - Validating the profile highlights
2026-01-28 17:18:10 INFO  ExtentManager:77 - *** Test Passed *** | Test Class : '[TestClass name=class testCases.ProfileStatisticsFunctionality]' | Test Method : 'testMeasurePortfolioButtonTitle'
2026-01-28 17:18:10 INFO  ProfileStatisticsFunctionality:32 - ***** Starting Test Cases  ****
2026-01-28 17:18:10 INFO  ProfileStatisticsFunctionality:37 - Entering user details
2026-01-28 17:18:12 INFO  ProfileStatisticsFunctionality:39 - Validating the profile highlights
2026-01-28 17:18:15 INFO  ExtentManager:99 - *** Test Failed *** | Test Class : '[TestClass name=class testCases.ProfileStatisticsFunctionality]' | Test Method : 'testMeasurePortfolioButtonTitle'
2026-01-28 17:18:15 INFO  ProfileStatisticsFunctionality:32 - ***** Starting Test Cases  ****
2026-01-28 17:18:15 INFO  ProfileStatisticsFunctionality:37 - Entering user details
2026-01-28 17:18:16 INFO  ProfileStatisticsFunctionality:39 - Validating the profile highlights
2026-01-28 17:18:19 INFO  ExtentManager:77 - *** Test Passed *** | Test Class : '[TestClass name=class testCases.ProfileStatisticsFunctionality]' | Test Method : 'testMeasurePortfolioButtonTitle'
2026-01-28 17:18:19 INFO  ProfileStatisticsFunctionality:32 - ***** Starting Test Cases  ****
2026-01-28 17:18:19 INFO  ProfileStatisticsFunctionality:37 - Entering user details
2026-01-28 17:18:20 INFO  ProfileStatisticsFunctionality:39 - Validating the profile highlights
2026-01-28 17:18:24 INFO  ExtentManager:99 - *** Test Failed *** | Test Class : '[TestClass name=class testCases.ProfileStatisticsFunctionality]' | Test Method : 'testMeasurePortfolioButtonTitle'
2026-01-28 17:18:24 INFO  ProfileStatisticsFunctionality:32 - ***** Starting Test Cases  ****
2026-01-28 17:18:24 INFO  ProfileStatisticsFunctionality:37 - Entering user details
2026-01-28 17:18:25 INFO  ProfileStatisticsFunctionality:39 - Validating the profile highlights
2026-01-28 17:18:28 INFO  ExtentManager:99 - *** Test Failed *** | Test Class : '[TestClass name=class testCases.ProfileStatisticsFunctionality]' | Test Method : 'testMeasurePortfolioButtonTitle'
2026-01-28 17:18:28 INFO  ProfileStatisticsFunctionality:32 - ***** Starting Test Cases  ****
2026-01-28 17:18:29 INFO  ProfileStatisticsFunctionality:37 - Entering user details
2026-01-28 17:18:30 INFO  ProfileStatisticsFunctionality:39 - Validating the profile highlights
2026-01-28 17:18:33 INFO  ExtentManager:99 - *** Test Failed *** | Test Class : '[TestClass name=class testCases.ProfileStatisticsFunctionality]' | Test Method : 'testMeasurePortfolioButtonTitle'
2026-01-28 17:18:48 INFO  ExtentManager:77 - *** Test Passed *** | Test Class : '[TestClass name=class testCases.PortifoliopageUiTest]' | Test Method : 'testCreatePortfolioButtonTitle'
2026-01-28 17:18:50 INFO  ExtentManager:77 - *** Test Passed *** | Test Class : '[TestClass name=class testCases.PortifoliopageUiTest]' | Test Method : 'testCreatePortfolioButtonTitle'
2026-01-28 17:18:52 INFO  ExtentManager:77 - *** Test Passed *** | Test Class : '[TestClass name=class testCases.PortifoliopageUiTest]' | Test Method : 'testCreatePortfolioButtonTitle'
2026-01-28 17:18:57 INFO  ExtentManager:77 - *** Test Passed *** | Test Class : '[TestClass name=class testCases.PortifoliopageUiTest]' | Test Method : 'testCreatePortfolioButtonTitle'
2026-01-28 17:19:00 INFO  ExtentManager:77 - *** Test Passed *** | Test Class : '[TestClass name=class testCases.PortifoliopageUiTest]' | Test Method : 'testCreatePortfolioButtonTitle'
2026-01-28 17:19:03 INFO  ExtentManager:77 - *** Test Passed *** | Test Class : '[TestClass name=class testCases.PortifoliopageUiTest]' | Test Method : 'testCreatePortfolioButtonTitle'
2026-01-28 17:19:06 INFO  ExtentManager:77 - *** Test Passed *** | Test Class : '[TestClass name=class testCases.PortifoliopageUiTest]' | Test Method : 'testCreatePortfolioButtonTitle'
2026-01-28 17:19:10 INFO  ExtentManager:77 - *** Test Passed *** | Test Class : '[TestClass name=class testCases.PortifoliopageUiTest]' | Test Method : 'testCreatePortfolioButtonTitle'
2026-01-28 17:19:13 INFO  ExtentManager:77 - *** Test Passed *** | Test Class : '[TestClass name=class testCases.PortifoliopageUiTest]' | Test Method : 'testCreatePortfolioButtonTitle'
2026-01-28 17:19:15 INFO  ExtentManager:77 - *** Test Passed *** | Test Class : '[TestClass name=class testCases.PortifoliopageUiTest]' | Test Method : 'testCreatePortfolioButtonTitle'
2026-01-28 17:19:24 INFO  PortfolioFunctionality:18 - Starting the checking of complete portfolio page functionality
2026-01-28 17:19:27 INFO  PortfolioFunctionality:46 - Test Case finished
2026-01-28 17:19:27 INFO  ExtentManager:99 - *** Test Failed *** | Test Class : '[TestClass name=class testCases.PortfolioFunctionality]' | Test Method : 'portFunctionality'
2026-01-28 17:19:32 INFO  ExtentManager:124 - ******************Test finished*****************
2026-01-28 17:19:32 INFO  Utils:112 - [TestNG] Time taken by org.testng.reporters.EmailableReporter2@5ea24702: 9 ms
2026-01-28 17:19:32 INFO  Utils:112 - [TestNG] Time taken by org.testng.internal.ExitCodeListener@1da2219c: 0 ms
